Time resolution is 1 ps
Time=0 | reset_n=0 | interrupt=x | m_axis_dout_tvalid=x | m_axis_dout_tdata=xxxxxxxxxxxxxxxxxxxxxxxxxxxxxxxx
********************** HSIAO_H_MATRIX ******************************
1101001101001000110100100010000 
0101001001010100100010001000000 
1001100100100010001000001010101 
1000100010001000001100101100100 
0010001000000111000111000100011 
1001111110000001111000000111100 
0011111111110000000000111110000 
********************** HSIAO_H_MATRIX ******************************
11101101001101001000 
10101010100100100000 
10010010010000110110 
01001000101101100101 
00011100011100011100 
11111100000011110001 
********************** HSIAO_H_MATRIX ******************************
1111011101101001101001000 
1011010101010100100100000 
0010110010010010000111011 
1110001001000110111011011 
1000100101110111000111000 
0011110000111111000000111 
********************** HSIAO_H_MATRIX ******************************
001101001000110100100010000 
001001010100100010001000000 
100100100010001000001010101 
100010001000001011001001001 
001000110001110001000111000 
100000011110000001111000010 
111100000000001111100001001 
********************** HSIAO_H_MATRIX ******************************
1101001101001000 
1010100100100000 
0010010000101010 
1000011001011001 
0111000111000100 
0000111100010000 
********************** HSIAO_H_MATRIX ******************************
011101101001101001000 
010101010100100100000 
110010010010000111011 
001001000110110110010 
100101110001110001110 
001111110000001111000 
********************** HSIAO_H_MATRIX ******************************
011101101001101001000 
010101010100100100000 
110010010010000111011 
001001000110110110010 
100101110001110001110 
001111110000001111000 
********************** HSIAO_H_MATRIX ******************************
0110100 
1010000 
0011010 
1001010 
0100101 
********************** HSIAO_H_MATRIX ******************************
011101101001101001000 
010101010100100100000 
110010010010000111011 
001001000110110110010 
100101110001110001110 
001111110000001111000 
********************** HSIAO_H_MATRIX ******************************
011101101001101001000 
010101010100100100000 
110010010010000111011 
001001000110110110010 
100101110001110001110 
001111110000001111000 
********************** HSIAO_H_MATRIX ******************************
011101101001101001000 
010101010100100100000 
110010010010000111011 
001001000110110110010 
100101110001110001110 
001111110000001111000 
********************** HSIAO_H_MATRIX ******************************
011101101001101001000 
010101010100100100000 
110010010010000111011 
001001000110110110010 
100101110001110001110 
001111110000001111000 
Time=5000 | reset_n=0 | interrupt=0 | m_axis_dout_tvalid=0 | m_axis_dout_tdata=00000000000000000000000000000000
Time=100000 | reset_n=1 | interrupt=0 | m_axis_dout_tvalid=0 | m_axis_dout_tdata=00000000000000000000000000000000
