#-----------------------------------------------------------
# Vivado v2022.2 (64-bit)
# SW Build 3671981 on Fri Oct 14 05:00:03 MDT 2022
# IP Build 3669848 on Fri Oct 14 08:30:02 MDT 2022
# Start of session at: Fri Sep  5 15:44:54 2025
# Process ID: 32784
# Current directory: H:/Git/LDPC/LDPC/tdma_LDPC/tdma_LDPC
# Command line: vivado.exe H:\Git\LDPC\LDPC\tdma_LDPC\tdma_LDPC\tdma_LDPC.xpr
# Log file: H:/Git/LDPC/LDPC/tdma_LDPC/tdma_LDPC/vivado.log
# Journal file: H:/Git/LDPC/LDPC/tdma_LDPC/tdma_LDPC\vivado.jou
# Running On: DESKTOP-OG1KD42, OS: Windows, CPU Frequency: 3400 MHz, CPU Physical cores: 16, Host memory: 17086 MB
#-----------------------------------------------------------
start_gui
open_project H:/Git/LDPC/LDPC/tdma_LDPC/tdma_LDPC/tdma_LDPC.xpr
WARNING: [Board 49-26] cannot add Board Part xilinx.com:kcu105:part0:1.6 available at H:/Vivado_2022.2/Vivado/2022.2/data/xhub/boards/XilinxBoardStore/boards/Xilinx/kcu105/1.6/board.xml as part xcku040-ffva1156-2-e specified in board_part file is either invalid or not available
WARNING: [Board 49-26] cannot add Board Part xilinx.com:kcu105:part0:1.7 available at H:/Vivado_2022.2/Vivado/2022.2/data/xhub/boards/XilinxBoardStore/boards/Xilinx/kcu105/1.7/board.xml as part xcku040-ffva1156-2-e specified in board_part file is either invalid or not available
WARNING: [Board 49-26] cannot add Board Part xilinx.com:kcu116:part0:1.4 available at H:/Vivado_2022.2/Vivado/2022.2/data/xhub/boards/XilinxBoardStore/boards/Xilinx/kcu116/1.4/board.xml as part xcku5p-ffvb676-2-e specified in board_part file is either invalid or not available
WARNING: [Board 49-26] cannot add Board Part xilinx.com:kcu116:part0:1.5 available at H:/Vivado_2022.2/Vivado/2022.2/data/xhub/boards/XilinxBoardStore/boards/Xilinx/kcu116/1.5/board.xml as part xcku5p-ffvb676-2-e specified in board_part file is either invalid or not available
WARNING: [Board 49-26] cannot add Board Part xilinx.com:kcu1500:part0:1.2 available at H:/Vivado_2022.2/Vivado/2022.2/data/xhub/boards/XilinxBoardStore/boards/Xilinx/kcu1500/1.2/board.xml as part xcku115-flvb2104-2-e specified in board_part file is either invalid or not available
WARNING: [Board 49-26] cannot add Board Part xilinx.com:vck190:part0:2.2 available at H:/Vivado_2022.2/Vivado/2022.2/data/xhub/boards/XilinxBoardStore/boards/Xilinx/vck190/production/2.2/board.xml as part xcvc1902-vsva2197-2mp-e-s specified in board_part file is either invalid or not available
WARNING: [Board 49-26] cannot add Board Part xilinx.com:vck190:part0:3.0 available at H:/Vivado_2022.2/Vivado/2022.2/data/xhub/boards/XilinxBoardStore/boards/Xilinx/vck190/production/3.0/board.xml as part xcvc1902-vsva2197-2mp-e-s specified in board_part file is either invalid or not available
WARNING: [Board 49-26] cannot add Board Part xilinx.com:vck190:part0:3.1 available at H:/Vivado_2022.2/Vivado/2022.2/data/xhub/boards/XilinxBoardStore/boards/Xilinx/vck190/production/3.1/board.xml as part xcvc1902-vsva2197-2mp-e-s specified in board_part file is either invalid or not available
WARNING: [Board 49-26] cannot add Board Part xilinx.com:vck190_newl:part0:1.0 available at H:/Vivado_2022.2/Vivado/2022.2/data/xhub/boards/XilinxBoardStore/boards/Xilinx/vck190_newl/production/1.0/board.xml as part xcvc1902-vsva2197-2mp-e-s specified in board_part file is either invalid or not available
WARNING: [Board 49-26] cannot add Board Part xilinx.com:vcu108:part0:1.6 available at H:/Vivado_2022.2/Vivado/2022.2/data/xhub/boards/XilinxBoardStore/boards/Xilinx/vcu108/1.6/board.xml as part xcvu095-ffva2104-2-e specified in board_part file is either invalid or not available
WARNING: [Board 49-26] cannot add Board Part xilinx.com:vcu108:part0:1.7 available at H:/Vivado_2022.2/Vivado/2022.2/data/xhub/boards/XilinxBoardStore/boards/Xilinx/vcu108/1.7/board.xml as part xcvu095-ffva2104-2-e specified in board_part file is either invalid or not available
WARNING: [Board 49-26] cannot add Board Part xilinx.com:vcu110:part0:1.4 available at H:/Vivado_2022.2/Vivado/2022.2/data/xhub/boards/XilinxBoardStore/boards/Xilinx/vcu110/1.4/board.xml as part xcvu190-flgc2104-2-e specified in board_part file is either invalid or not available
WARNING: [Board 49-26] cannot add Board Part xilinx.com:vcu118:part0:2.0 available at H:/Vivado_2022.2/Vivado/2022.2/data/xhub/boards/XilinxBoardStore/boards/Xilinx/vcu118/2.0/board.xml as part xcvu9p-flga2104-2l-e specified in board_part file is either invalid or not available
WARNING: [Board 49-26] cannot add Board Part xilinx.com:vcu118:part0:2.3 available at H:/Vivado_2022.2/Vivado/2022.2/data/xhub/boards/XilinxBoardStore/boards/Xilinx/vcu118/2.3/board.xml as part xcvu9p-flga2104-2l-e specified in board_part file is either invalid or not available
WARNING: [Board 49-26] cannot add Board Part xilinx.com:vcu118:part0:2.4 available at H:/Vivado_2022.2/Vivado/2022.2/data/xhub/boards/XilinxBoardStore/boards/Xilinx/vcu118/2.4/board.xml as part xcvu9p-flga2104-2l-e specified in board_part file is either invalid or not available
WARNING: [Board 49-26] cannot add Board Part xilinx.com:vcu128:part0:1.0 available at H:/Vivado_2022.2/Vivado/2022.2/data/xhub/boards/XilinxBoardStore/boards/Xilinx/vcu128/production/1.0/board.xml as part xcvu37p-fsvh2892-2l-e specified in board_part file is either invalid or not available
WARNING: [Board 49-26] cannot add Board Part xilinx.com:vcu129:part0:1.0 available at H:/Vivado_2022.2/Vivado/2022.2/data/xhub/boards/XilinxBoardStore/boards/Xilinx/vcu129/production/1.0/board.xml as part xcvu29p-fsga2577-2l-e specified in board_part file is either invalid or not available
WARNING: [Board 49-26] cannot add Board Part xilinx.com:vcu1525:part0:1.3 available at H:/Vivado_2022.2/Vivado/2022.2/data/xhub/boards/XilinxBoardStore/boards/Xilinx/vcu1525/1.3/board.xml as part xcvu9p-fsgd2104-2l-e specified in board_part file is either invalid or not available
WARNING: [Board 49-26] cannot add Board Part xilinx.com:vek280_es:part0:1.0 available at H:/Vivado_2022.2/Vivado/2022.2/data/xhub/boards/XilinxBoardStore/boards/Xilinx/vek280/es/1.0/board.xml as part xcve2802-vsvh1760-2lp-e-s-es1 specified in board_part file is either invalid or not available
WARNING: [Board 49-26] cannot add Board Part xilinx.com:vhk158_es:part0:1.0 available at H:/Vivado_2022.2/Vivado/2022.2/data/xhub/boards/XilinxBoardStore/boards/Xilinx/vhk158/es/1.0/board.xml as part xcvh1582-vsva3697-2mp-e-s-es1 specified in board_part file is either invalid or not available
WARNING: [Board 49-26] cannot add Board Part xilinx.com:vmk180:part0:2.2 available at H:/Vivado_2022.2/Vivado/2022.2/data/xhub/boards/XilinxBoardStore/boards/Xilinx/vmk180/production/2.2/board.xml as part xcvm1802-vsva2197-2mp-e-s specified in board_part file is either invalid or not available
WARNING: [Board 49-26] cannot add Board Part xilinx.com:vmk180:part0:3.0 available at H:/Vivado_2022.2/Vivado/2022.2/data/xhub/boards/XilinxBoardStore/boards/Xilinx/vmk180/production/3.0/board.xml as part xcvm1802-vsva2197-2mp-e-s specified in board_part file is either invalid or not available
WARNING: [Board 49-26] cannot add Board Part xilinx.com:vmk180:part0:3.1 available at H:/Vivado_2022.2/Vivado/2022.2/data/xhub/boards/XilinxBoardStore/boards/Xilinx/vmk180/production/3.1/board.xml as part xcvm1802-vsva2197-2mp-e-s specified in board_part file is either invalid or not available
WARNING: [Board 49-26] cannot add Board Part xilinx.com:vmk180_newl:part0:1.0 available at H:/Vivado_2022.2/Vivado/2022.2/data/xhub/boards/XilinxBoardStore/boards/Xilinx/vmk180_newl/production/1.0/board.xml as part xcvm1802-vsva2197-2mp-e-s specified in board_part file is either invalid or not available
WARNING: [Board 49-26] cannot add Board Part xilinx.com:vpk120:part0:1.0 available at H:/Vivado_2022.2/Vivado/2022.2/data/xhub/boards/XilinxBoardStore/boards/Xilinx/vpk120/production/1.0/board.xml as part xcvp1202-vsva2785-2mp-e-s specified in board_part file is either invalid or not available
WARNING: [Board 49-26] cannot add Board Part xilinx.com:vpk120_es:part0:1.2 available at H:/Vivado_2022.2/Vivado/2022.2/data/xhub/boards/XilinxBoardStore/boards/Xilinx/vpk120/es/1.2/board.xml as part xcvp1202-vsva2785-2mp-e-s-es1 specified in board_part file is either invalid or not available
WARNING: [Board 49-26] cannot add Board Part xilinx.com:vpk120_es_revb:part0:1.0 available at H:/Vivado_2022.2/Vivado/2022.2/data/xhub/boards/XilinxBoardStore/boards/Xilinx/vpk120_revb/es/1.0/board.xml as part xcvp1202-vsva2785-2mp-e-s-es1 specified in board_part file is either invalid or not available
WARNING: [Board 49-26] cannot add Board Part xilinx.com:vpk180_es:part0:1.0 available at H:/Vivado_2022.2/Vivado/2022.2/data/xhub/boards/XilinxBoardStore/boards/Xilinx/vpk180/es/1.0/board.xml as part xcvp1802-lsvc4072-2mp-e-s-es1 specified in board_part file is either invalid or not available
WARNING: [Board 49-26] cannot add Board Part xilinx.com:zcu208ld:part0:2.0 available at H:/Vivado_2022.2/Vivado/2022.2/data/xhub/boards/XilinxBoardStore/boards/Xilinx/zcu208ld/production/2.0/board.xml as part xczu58dr-fsvg1517-2-i specified in board_part file is either invalid or not available
WARNING: [Board 49-26] cannot add Board Part xilinx.com:zcu216ld:part0:2.0 available at H:/Vivado_2022.2/Vivado/2022.2/data/xhub/boards/XilinxBoardStore/boards/Xilinx/zcu216ld/production/2.0/board.xml as part xczu59dr-ffvf1760-2-i specified in board_part file is either invalid or not available
WARNING: [Board 49-26] cannot add Board Part xilinx.com:zcu670:part0:2.0 available at H:/Vivado_2022.2/Vivado/2022.2/data/xhub/boards/XilinxBoardStore/boards/Xilinx/zcu670/2.0/board.xml as part xczu67dr-fsve1156-2-i specified in board_part file is either invalid or not available
WARNING: [Board 49-26] cannot add Board Part xilinx.com:zcu670ld:part0:1.0 available at H:/Vivado_2022.2/Vivado/2022.2/data/xhub/boards/XilinxBoardStore/boards/Xilinx/zcu670ld/1.0/board.xml as part xczu57dr-fsve1156-2-i specified in board_part file is either invalid or not available
INFO: [filemgmt 56-3] Default IP Output Path : Could not find the directory 'H:/Git/LDPC/LDPC/tdma_LDPC/tdma_LDPC/tdma_LDPC.gen/sources_1'.
Scanning sources...
Finished scanning sources
INFO: [IP_Flow 19-234] Refreshing IP repositories
INFO: [IP_Flow 19-1704] No user IP repositories specified
INFO: [IP_Flow 19-2313] Loaded Vivado IP repository 'H:/Vivado_2022.2/Vivado/2022.2/data/ip'.
open_project: Time (s): cpu = 00:00:11 ; elapsed = 00:00:06 . Memory (MB): peak = 1100.496 ; gain = 275.707
update_compile_order -fileset sources_1
launch_simulation
Command: launch_simulation 
INFO: [Vivado 12-12493] Simulation top is 'tb_tdma_LDPC'
WARNING: [Vivado 12-13340] Unable to auto find GCC executables from simulator install path! (path not set)
WARNING: [Vivado 12-13277] Compiled library path does not exist: ''
INFO: [Vivado 12-5682] Launching behavioral simulation in 'H:/Git/LDPC/LDPC/tdma_LDPC/tdma_LDPC/tdma_LDPC.sim/sim_1/behav/xsim'
INFO: [SIM-utils-51] Simulation object is 'sim_1'
INFO: [SIM-utils-72] Using boost library from 'H:/Vivado_2022.2/Vivado/2022.2/tps/boost_1_72_0'
INFO: [SIM-utils-54] Inspecting design source files for 'tb_tdma_LDPC' in fileset 'sim_1'...
INFO: [USF-XSim-97] Finding global include files...
INFO: [USF-XSim-98] Fetching design files from 'sim_1'...
INFO: [USF-XSim-2] XSim::Compile design
INFO: [USF-XSim-61] Executing 'COMPILE and ANALYZE' step in 'H:/Git/LDPC/LDPC/tdma_LDPC/tdma_LDPC/tdma_LDPC.sim/sim_1/behav/xsim'
"xvlog --incr --relax -prj tb_tdma_LDPC_vlog.prj"
INFO: [VRFC 10-2263] Analyzing Verilog file "H:/Git/LDPC/LDPC/tdma_LDPC/tdma_LDPC/tdma_LDPC.srcs/sim_1/new/tb_tdma_LDPC.v" into library xil_defaultlib
INFO: [VRFC 10-311] analyzing module tb_tdma_LDPC
INFO: [USF-XSim-69] 'compile' step finished in '2' seconds
INFO: [USF-XSim-3] XSim::Elaborate design
INFO: [USF-XSim-61] Executing 'ELABORATE' step in 'H:/Git/LDPC/LDPC/tdma_LDPC/tdma_LDPC/tdma_LDPC.sim/sim_1/behav/xsim'
"xelab --incr --debug typical --relax --mt 2 -L xil_defaultlib -L unisims_ver -L unimacro_ver -L secureip --snapshot tb_tdma_LDPC_behav xil_defaultlib.tb_tdma_LDPC xil_defaultlib.glbl -log elaborate.log"
Vivado Simulator v2022.2
Copyright 1986-1999, 2001-2022 Xilinx, Inc. All Rights Reserved.
Running: H:/Vivado_2022.2/Vivado/2022.2/bin/unwrapped/win64.o/xelab.exe --incr --debug typical --relax --mt 2 -L xil_defaultlib -L unisims_ver -L unimacro_ver -L secureip --snapshot tb_tdma_LDPC_behav xil_defaultlib.tb_tdma_LDPC xil_defaultlib.glbl -log elaborate.log 
Using 2 slave threads.
Starting static elaboration
Pass Through NonSizing Optimizer
Completed static elaboration
Starting simulation data flow analysis
WARNING: [XSIM 43-4100] "H:/Git/LDPC/LDPC/tdma_LDPC/tdma_LDPC/tdma_LDPC.sim/sim_1/behav/xsim/glbl.v" Line 6. Module glbl has a timescale but at least one module in design doesn't have timescale.
WARNING: [XSIM 43-4100] "H:/Git/LDPC/LDPC/tdma_LDPC/tdma_LDPC/tdma_LDPC.sim/sim_1/behav/xsim/glbl.v" Line 6. Module glbl has a timescale but at least one module in design doesn't have timescale.
Completed simulation data flow analysis
Time Resolution for simulation is 1ps
Compiling module xil_defaultlib.tdma_shift_register_processor
Compiling module xil_defaultlib.tdma_calculate_vector
Compiling module xil_defaultlib.tdma_LDPC
Compiling module xil_defaultlib.tb_tdma_LDPC
Compiling module xil_defaultlib.glbl
Built simulation snapshot tb_tdma_LDPC_behav
INFO: [USF-XSim-69] 'elaborate' step finished in '4' seconds
INFO: [USF-XSim-4] XSim::Simulate design
INFO: [USF-XSim-61] Executing 'SIMULATE' step in 'H:/Git/LDPC/LDPC/tdma_LDPC/tdma_LDPC/tdma_LDPC.sim/sim_1/behav/xsim'
INFO: [USF-XSim-98] *** Running xsim
   with args "tb_tdma_LDPC_behav -key {Behavioral:sim_1:Functional:tb_tdma_LDPC} -tclbatch {tb_tdma_LDPC.tcl} -log {simulate.log}"
INFO: [USF-XSim-8] Loading simulator feature
Time resolution is 1 ps
source tb_tdma_LDPC.tcl
# set curr_wave [current_wave_config]
# if { [string length $curr_wave] == 0 } {
#   if { [llength [get_objects]] > 0} {
#     add_wave /
#     set_property needs_save false [current_wave_config]
#   } else {
#      send_msg_id Add_Wave-1 WARNING "No top level signals found. Simulator will start without a wave window. If you want to open a wave window go to 'File->New Waveform Configuration' or type 'create_wave_config' in the TCL console."
#   }
# }
# run 1000ns
义耱 1:
INFO: [USF-XSim-96] XSim completed. Design snapshot 'tb_tdma_LDPC_behav' loaded.
INFO: [USF-XSim-97] XSim simulation ran for 1000ns
launch_simulation: Time (s): cpu = 00:00:06 ; elapsed = 00:00:09 . Memory (MB): peak = 1190.855 ; gain = 31.879
run all
relaunch_sim
Command: launch_simulation -step compile -simset sim_1 -mode behavioral
INFO: [Vivado 12-12493] Simulation top is 'tb_tdma_LDPC'
WARNING: [Vivado 12-13340] Unable to auto find GCC executables from simulator install path! (path not set)
WARNING: [Vivado 12-13277] Compiled library path does not exist: ''
INFO: [Vivado 12-5682] Launching behavioral simulation in 'H:/Git/LDPC/LDPC/tdma_LDPC/tdma_LDPC/tdma_LDPC.sim/sim_1/behav/xsim'
INFO: [SIM-utils-51] Simulation object is 'sim_1'
INFO: [SIM-utils-72] Using boost library from 'H:/Vivado_2022.2/Vivado/2022.2/tps/boost_1_72_0'
INFO: [SIM-utils-54] Inspecting design source files for 'tb_tdma_LDPC' in fileset 'sim_1'...
INFO: [USF-XSim-97] Finding global include files...
INFO: [USF-XSim-98] Fetching design files from 'sim_1'...
INFO: [USF-XSim-2] XSim::Compile design
INFO: [USF-XSim-61] Executing 'COMPILE and ANALYZE' step in 'H:/Git/LDPC/LDPC/tdma_LDPC/tdma_LDPC/tdma_LDPC.sim/sim_1/behav/xsim'
"xvlog --incr --relax -prj tb_tdma_LDPC_vlog.prj"
INFO: [USF-XSim-69] 'compile' step finished in '2' seconds
Command: launch_simulation -step elaborate -simset sim_1 -mode behavioral
INFO: [Vivado 12-12493] Simulation top is 'tb_tdma_LDPC'
WARNING: [Vivado 12-13340] Unable to auto find GCC executables from simulator install path! (path not set)
WARNING: [Vivado 12-13277] Compiled library path does not exist: ''
INFO: [Vivado 12-5682] Launching behavioral simulation in 'H:/Git/LDPC/LDPC/tdma_LDPC/tdma_LDPC/tdma_LDPC.sim/sim_1/behav/xsim'
INFO: [SIM-utils-51] Simulation object is 'sim_1'
INFO: [USF-XSim-3] XSim::Elaborate design
INFO: [USF-XSim-61] Executing 'ELABORATE' step in 'H:/Git/LDPC/LDPC/tdma_LDPC/tdma_LDPC/tdma_LDPC.sim/sim_1/behav/xsim'
"xelab --incr --debug typical --relax --mt 2 -L xil_defaultlib -L unisims_ver -L unimacro_ver -L secureip --snapshot tb_tdma_LDPC_behav xil_defaultlib.tb_tdma_LDPC xil_defaultlib.glbl -log elaborate.log"
Vivado Simulator v2022.2
Copyright 1986-1999, 2001-2022 Xilinx, Inc. All Rights Reserved.
Running: H:/Vivado_2022.2/Vivado/2022.2/bin/unwrapped/win64.o/xelab.exe --incr --debug typical --relax --mt 2 -L xil_defaultlib -L unisims_ver -L unimacro_ver -L secureip --snapshot tb_tdma_LDPC_behav xil_defaultlib.tb_tdma_LDPC xil_defaultlib.glbl -log elaborate.log 
Using 2 slave threads.
Starting static elaboration
Pass Through NonSizing Optimizer
Completed static elaboration
INFO: [XSIM 43-4323] No Change in HDL. Linking previously generated obj files to create kernel
INFO: [USF-XSim-69] 'elaborate' step finished in '1' seconds
Time resolution is 1 ps
义耱 1:
run all
relaunch_sim
Command: launch_simulation -step compile -simset sim_1 -mode behavioral
INFO: [Vivado 12-12493] Simulation top is 'tb_tdma_LDPC'
WARNING: [Vivado 12-13340] Unable to auto find GCC executables from simulator install path! (path not set)
WARNING: [Vivado 12-13277] Compiled library path does not exist: ''
INFO: [Vivado 12-5682] Launching behavioral simulation in 'H:/Git/LDPC/LDPC/tdma_LDPC/tdma_LDPC/tdma_LDPC.sim/sim_1/behav/xsim'
INFO: [SIM-utils-51] Simulation object is 'sim_1'
INFO: [USF-XSim-2] XSim::Compile design
INFO: [USF-XSim-61] Executing 'COMPILE and ANALYZE' step in 'H:/Git/LDPC/LDPC/tdma_LDPC/tdma_LDPC/tdma_LDPC.sim/sim_1/behav/xsim'
"xvlog --incr --relax -prj tb_tdma_LDPC_vlog.prj"
INFO: [USF-XSim-69] 'compile' step finished in '3' seconds
Command: launch_simulation -step elaborate -simset sim_1 -mode behavioral
INFO: [Vivado 12-12493] Simulation top is 'tb_tdma_LDPC'
WARNING: [Vivado 12-13340] Unable to auto find GCC executables from simulator install path! (path not set)
WARNING: [Vivado 12-13277] Compiled library path does not exist: ''
INFO: [Vivado 12-5682] Launching behavioral simulation in 'H:/Git/LDPC/LDPC/tdma_LDPC/tdma_LDPC/tdma_LDPC.sim/sim_1/behav/xsim'
INFO: [SIM-utils-51] Simulation object is 'sim_1'
INFO: [USF-XSim-3] XSim::Elaborate design
INFO: [USF-XSim-61] Executing 'ELABORATE' step in 'H:/Git/LDPC/LDPC/tdma_LDPC/tdma_LDPC/tdma_LDPC.sim/sim_1/behav/xsim'
"xelab --incr --debug typical --relax --mt 2 -L xil_defaultlib -L unisims_ver -L unimacro_ver -L secureip --snapshot tb_tdma_LDPC_behav xil_defaultlib.tb_tdma_LDPC xil_defaultlib.glbl -log elaborate.log"
Vivado Simulator v2022.2
Copyright 1986-1999, 2001-2022 Xilinx, Inc. All Rights Reserved.
Running: H:/Vivado_2022.2/Vivado/2022.2/bin/unwrapped/win64.o/xelab.exe --incr --debug typical --relax --mt 2 -L xil_defaultlib -L unisims_ver -L unimacro_ver -L secureip --snapshot tb_tdma_LDPC_behav xil_defaultlib.tb_tdma_LDPC xil_defaultlib.glbl -log elaborate.log 
Using 2 slave threads.
Starting static elaboration
Pass Through NonSizing Optimizer
Completed static elaboration
INFO: [XSIM 43-4323] No Change in HDL. Linking previously generated obj files to create kernel
INFO: [USF-XSim-69] 'elaborate' step finished in '2' seconds
Time resolution is 1 ps
义耱 1:
relaunch_sim: Time (s): cpu = 00:00:01 ; elapsed = 00:00:07 . Memory (MB): peak = 1218.469 ; gain = 0.000
run all
relaunch_sim
Command: launch_simulation -step compile -simset sim_1 -mode behavioral
INFO: [Vivado 12-12493] Simulation top is 'tb_tdma_LDPC'
WARNING: [Vivado 12-13340] Unable to auto find GCC executables from simulator install path! (path not set)
WARNING: [Vivado 12-13277] Compiled library path does not exist: ''
INFO: [Vivado 12-5682] Launching behavioral simulation in 'H:/Git/LDPC/LDPC/tdma_LDPC/tdma_LDPC/tdma_LDPC.sim/sim_1/behav/xsim'
INFO: [SIM-utils-51] Simulation object is 'sim_1'
INFO: [USF-XSim-2] XSim::Compile design
INFO: [USF-XSim-61] Executing 'COMPILE and ANALYZE' step in 'H:/Git/LDPC/LDPC/tdma_LDPC/tdma_LDPC/tdma_LDPC.sim/sim_1/behav/xsim'
"xvlog --incr --relax -prj tb_tdma_LDPC_vlog.prj"
INFO: [VRFC 10-2263] Analyzing Verilog file "H:/Git/LDPC/LDPC/tdma_LDPC/tdma_LDPC/tdma_LDPC.srcs/sources_1/new/tdma_LDPC.v" into library xil_defaultlib
INFO: [VRFC 10-311] analyzing module tdma_LDPC
INFO: [VRFC 10-2263] Analyzing Verilog file "H:/Git/LDPC/LDPC/tdma_LDPC/tdma_LDPC/tdma_LDPC.srcs/sources_1/new/tdma_calculate_vector.v" into library xil_defaultlib
INFO: [VRFC 10-311] analyzing module tdma_calculate_vector
INFO: [VRFC 10-2263] Analyzing Verilog file "H:/Git/LDPC/LDPC/tdma_LDPC/tdma_LDPC/tdma_LDPC.srcs/sources_1/new/tdma_shift_register_processor.v" into library xil_defaultlib
INFO: [VRFC 10-311] analyzing module tdma_shift_register_processor
INFO: [VRFC 10-2263] Analyzing Verilog file "H:/Git/LDPC/LDPC/tdma_LDPC/tdma_LDPC/tdma_LDPC.srcs/sim_1/new/tb_tdma_LDPC.v" into library xil_defaultlib
INFO: [VRFC 10-311] analyzing module tb_tdma_LDPC
INFO: [USF-XSim-69] 'compile' step finished in '2' seconds
Command: launch_simulation -step elaborate -simset sim_1 -mode behavioral
INFO: [Vivado 12-12493] Simulation top is 'tb_tdma_LDPC'
WARNING: [Vivado 12-13340] Unable to auto find GCC executables from simulator install path! (path not set)
WARNING: [Vivado 12-13277] Compiled library path does not exist: ''
INFO: [Vivado 12-5682] Launching behavioral simulation in 'H:/Git/LDPC/LDPC/tdma_LDPC/tdma_LDPC/tdma_LDPC.sim/sim_1/behav/xsim'
INFO: [SIM-utils-51] Simulation object is 'sim_1'
INFO: [USF-XSim-3] XSim::Elaborate design
INFO: [USF-XSim-61] Executing 'ELABORATE' step in 'H:/Git/LDPC/LDPC/tdma_LDPC/tdma_LDPC/tdma_LDPC.sim/sim_1/behav/xsim'
"xelab --incr --debug typical --relax --mt 2 -L xil_defaultlib -L unisims_ver -L unimacro_ver -L secureip --snapshot tb_tdma_LDPC_behav xil_defaultlib.tb_tdma_LDPC xil_defaultlib.glbl -log elaborate.log"
Vivado Simulator v2022.2
Copyright 1986-1999, 2001-2022 Xilinx, Inc. All Rights Reserved.
Running: H:/Vivado_2022.2/Vivado/2022.2/bin/unwrapped/win64.o/xelab.exe --incr --debug typical --relax --mt 2 -L xil_defaultlib -L unisims_ver -L unimacro_ver -L secureip --snapshot tb_tdma_LDPC_behav xil_defaultlib.tb_tdma_LDPC xil_defaultlib.glbl -log elaborate.log 
Using 2 slave threads.
Starting static elaboration
Pass Through NonSizing Optimizer
ERROR: [VRFC 10-2063] Module <LDPC> not found while processing module instance <dut> [H:/Git/LDPC/LDPC/tdma_LDPC/tdma_LDPC/tdma_LDPC.srcs/sim_1/new/tb_tdma_LDPC.v:32]
ERROR: [XSIM 43-3322] Static elaboration of top level Verilog design unit(s) in library work failed.
INFO: [USF-XSim-69] 'elaborate' step finished in '1' seconds
INFO: [USF-XSim-99] Step results log file:'H:/Git/LDPC/LDPC/tdma_LDPC/tdma_LDPC/tdma_LDPC.sim/sim_1/behav/xsim/elaborate.log'
ERROR: [USF-XSim-62] 'elaborate' step failed with error(s). Please check the Tcl console output or 'H:/Git/LDPC/LDPC/tdma_LDPC/tdma_LDPC/tdma_LDPC.sim/sim_1/behav/xsim/elaborate.log' file for more information.
ERROR: [Vivado 12-4473] Detected error while running simulation. Please correct the issue and retry this operation.
ERROR: [Common 17-39] 'launch_simulation' failed due to earlier errors.
ERROR: [Common 17-69] Command failed: ERROR: [Common 17-39] 'launch_simulation' failed due to earlier errors.

relaunch_sim
Command: launch_simulation -step compile -simset sim_1 -mode behavioral
INFO: [Vivado 12-12493] Simulation top is 'tb_tdma_LDPC'
WARNING: [Vivado 12-13340] Unable to auto find GCC executables from simulator install path! (path not set)
WARNING: [Vivado 12-13277] Compiled library path does not exist: ''
INFO: [Vivado 12-5682] Launching behavioral simulation in 'H:/Git/LDPC/LDPC/tdma_LDPC/tdma_LDPC/tdma_LDPC.sim/sim_1/behav/xsim'
INFO: [SIM-utils-51] Simulation object is 'sim_1'
INFO: [USF-XSim-2] XSim::Compile design
INFO: [USF-XSim-61] Executing 'COMPILE and ANALYZE' step in 'H:/Git/LDPC/LDPC/tdma_LDPC/tdma_LDPC/tdma_LDPC.sim/sim_1/behav/xsim'
"xvlog --incr --relax -prj tb_tdma_LDPC_vlog.prj"
INFO: [VRFC 10-2263] Analyzing Verilog file "H:/Git/LDPC/LDPC/tdma_LDPC/tdma_LDPC/tdma_LDPC.srcs/sources_1/new/tdma_LDPC.v" into library xil_defaultlib
INFO: [VRFC 10-311] analyzing module tdma_LDPC
INFO: [VRFC 10-2263] Analyzing Verilog file "H:/Git/LDPC/LDPC/tdma_LDPC/tdma_LDPC/tdma_LDPC.srcs/sources_1/new/tdma_calculate_vector.v" into library xil_defaultlib
INFO: [VRFC 10-311] analyzing module tdma_calculate_vector
INFO: [VRFC 10-2263] Analyzing Verilog file "H:/Git/LDPC/LDPC/tdma_LDPC/tdma_LDPC/tdma_LDPC.srcs/sources_1/new/tdma_shift_register_processor.v" into library xil_defaultlib
INFO: [VRFC 10-311] analyzing module tdma_shift_register_processor
INFO: [VRFC 10-2263] Analyzing Verilog file "H:/Git/LDPC/LDPC/tdma_LDPC/tdma_LDPC/tdma_LDPC.srcs/sim_1/new/tb_tdma_LDPC.v" into library xil_defaultlib
INFO: [VRFC 10-311] analyzing module tb_tdma_LDPC
INFO: [USF-XSim-69] 'compile' step finished in '1' seconds
Command: launch_simulation -step elaborate -simset sim_1 -mode behavioral
INFO: [Vivado 12-12493] Simulation top is 'tb_tdma_LDPC'
WARNING: [Vivado 12-13340] Unable to auto find GCC executables from simulator install path! (path not set)
WARNING: [Vivado 12-13277] Compiled library path does not exist: ''
INFO: [Vivado 12-5682] Launching behavioral simulation in 'H:/Git/LDPC/LDPC/tdma_LDPC/tdma_LDPC/tdma_LDPC.sim/sim_1/behav/xsim'
INFO: [SIM-utils-51] Simulation object is 'sim_1'
INFO: [USF-XSim-3] XSim::Elaborate design
INFO: [USF-XSim-61] Executing 'ELABORATE' step in 'H:/Git/LDPC/LDPC/tdma_LDPC/tdma_LDPC/tdma_LDPC.sim/sim_1/behav/xsim'
"xelab --incr --debug typical --relax --mt 2 -L xil_defaultlib -L unisims_ver -L unimacro_ver -L secureip --snapshot tb_tdma_LDPC_behav xil_defaultlib.tb_tdma_LDPC xil_defaultlib.glbl -log elaborate.log"
Vivado Simulator v2022.2
Copyright 1986-1999, 2001-2022 Xilinx, Inc. All Rights Reserved.
Running: H:/Vivado_2022.2/Vivado/2022.2/bin/unwrapped/win64.o/xelab.exe --incr --debug typical --relax --mt 2 -L xil_defaultlib -L unisims_ver -L unimacro_ver -L secureip --snapshot tb_tdma_LDPC_behav xil_defaultlib.tb_tdma_LDPC xil_defaultlib.glbl -log elaborate.log 
Using 2 slave threads.
Starting static elaboration
Pass Through NonSizing Optimizer
Completed static elaboration
Starting simulation data flow analysis
WARNING: [XSIM 43-4100] "H:/Git/LDPC/LDPC/tdma_LDPC/tdma_LDPC/tdma_LDPC.sim/sim_1/behav/xsim/glbl.v" Line 6. Module glbl has a timescale but at least one module in design doesn't have timescale.
WARNING: [XSIM 43-4100] "H:/Git/LDPC/LDPC/tdma_LDPC/tdma_LDPC/tdma_LDPC.sim/sim_1/behav/xsim/glbl.v" Line 6. Module glbl has a timescale but at least one module in design doesn't have timescale.
Completed simulation data flow analysis
Time Resolution for simulation is 1ps
Compiling module xil_defaultlib.tdma_shift_register_processor
Compiling module xil_defaultlib.tdma_calculate_vector
Compiling module xil_defaultlib.tdma_LDPC
Compiling module xil_defaultlib.tb_tdma_LDPC
Compiling module xil_defaultlib.glbl
Built simulation snapshot tb_tdma_LDPC_behav
INFO: [USF-XSim-69] 'elaborate' step finished in '4' seconds
Time resolution is 1 ps
义耱 1:
relaunch_sim: Time (s): cpu = 00:00:01 ; elapsed = 00:00:06 . Memory (MB): peak = 1225.594 ; gain = 0.000
relaunch_sim
Command: launch_simulation -step compile -simset sim_1 -mode behavioral
INFO: [Vivado 12-12493] Simulation top is 'tb_tdma_LDPC'
WARNING: [Vivado 12-13340] Unable to auto find GCC executables from simulator install path! (path not set)
WARNING: [Vivado 12-13277] Compiled library path does not exist: ''
INFO: [Vivado 12-5682] Launching behavioral simulation in 'H:/Git/LDPC/LDPC/tdma_LDPC/tdma_LDPC/tdma_LDPC.sim/sim_1/behav/xsim'
INFO: [SIM-utils-51] Simulation object is 'sim_1'
INFO: [USF-XSim-2] XSim::Compile design
INFO: [USF-XSim-61] Executing 'COMPILE and ANALYZE' step in 'H:/Git/LDPC/LDPC/tdma_LDPC/tdma_LDPC/tdma_LDPC.sim/sim_1/behav/xsim'
"xvlog --incr --relax -prj tb_tdma_LDPC_vlog.prj"
INFO: [VRFC 10-2263] Analyzing Verilog file "H:/Git/LDPC/LDPC/tdma_LDPC/tdma_LDPC/tdma_LDPC.srcs/sources_1/new/tdma_LDPC.v" into library xil_defaultlib
INFO: [VRFC 10-311] analyzing module tdma_LDPC
INFO: [VRFC 10-2263] Analyzing Verilog file "H:/Git/LDPC/LDPC/tdma_LDPC/tdma_LDPC/tdma_LDPC.srcs/sources_1/new/tdma_calculate_vector.v" into library xil_defaultlib
INFO: [VRFC 10-311] analyzing module tdma_calculate_vector
INFO: [VRFC 10-2263] Analyzing Verilog file "H:/Git/LDPC/LDPC/tdma_LDPC/tdma_LDPC/tdma_LDPC.srcs/sources_1/new/tdma_shift_register_processor.v" into library xil_defaultlib
INFO: [VRFC 10-311] analyzing module tdma_shift_register_processor
INFO: [VRFC 10-2263] Analyzing Verilog file "H:/Git/LDPC/LDPC/tdma_LDPC/tdma_LDPC/tdma_LDPC.srcs/sim_1/new/tb_tdma_LDPC.v" into library xil_defaultlib
INFO: [VRFC 10-311] analyzing module tb_tdma_LDPC
INFO: [USF-XSim-69] 'compile' step finished in '1' seconds
Command: launch_simulation -step elaborate -simset sim_1 -mode behavioral
INFO: [Vivado 12-12493] Simulation top is 'tb_tdma_LDPC'
WARNING: [Vivado 12-13340] Unable to auto find GCC executables from simulator install path! (path not set)
WARNING: [Vivado 12-13277] Compiled library path does not exist: ''
INFO: [Vivado 12-5682] Launching behavioral simulation in 'H:/Git/LDPC/LDPC/tdma_LDPC/tdma_LDPC/tdma_LDPC.sim/sim_1/behav/xsim'
INFO: [SIM-utils-51] Simulation object is 'sim_1'
INFO: [USF-XSim-3] XSim::Elaborate design
INFO: [USF-XSim-61] Executing 'ELABORATE' step in 'H:/Git/LDPC/LDPC/tdma_LDPC/tdma_LDPC/tdma_LDPC.sim/sim_1/behav/xsim'
"xelab --incr --debug typical --relax --mt 2 -L xil_defaultlib -L unisims_ver -L unimacro_ver -L secureip --snapshot tb_tdma_LDPC_behav xil_defaultlib.tb_tdma_LDPC xil_defaultlib.glbl -log elaborate.log"
Vivado Simulator v2022.2
Copyright 1986-1999, 2001-2022 Xilinx, Inc. All Rights Reserved.
Running: H:/Vivado_2022.2/Vivado/2022.2/bin/unwrapped/win64.o/xelab.exe --incr --debug typical --relax --mt 2 -L xil_defaultlib -L unisims_ver -L unimacro_ver -L secureip --snapshot tb_tdma_LDPC_behav xil_defaultlib.tb_tdma_LDPC xil_defaultlib.glbl -log elaborate.log 
Using 2 slave threads.
Starting static elaboration
Pass Through NonSizing Optimizer
Completed static elaboration
Starting simulation data flow analysis
WARNING: [XSIM 43-4100] "H:/Git/LDPC/LDPC/tdma_LDPC/tdma_LDPC/tdma_LDPC.sim/sim_1/behav/xsim/glbl.v" Line 6. Module glbl has a timescale but at least one module in design doesn't have timescale.
WARNING: [XSIM 43-4100] "H:/Git/LDPC/LDPC/tdma_LDPC/tdma_LDPC/tdma_LDPC.sim/sim_1/behav/xsim/glbl.v" Line 6. Module glbl has a timescale but at least one module in design doesn't have timescale.
Completed simulation data flow analysis
Time Resolution for simulation is 1ps
Compiling module xil_defaultlib.tdma_shift_register_processor
Compiling module xil_defaultlib.tdma_calculate_vector
Compiling module xil_defaultlib.tdma_LDPC
Compiling module xil_defaultlib.tb_tdma_LDPC
Compiling module xil_defaultlib.glbl
Built simulation snapshot tb_tdma_LDPC_behav
INFO: [USF-XSim-69] 'elaborate' step finished in '2' seconds
Time resolution is 1 ps
义耱 1:
relaunch_sim: Time (s): cpu = 00:00:01 ; elapsed = 00:00:05 . Memory (MB): peak = 1225.594 ; gain = 0.000
run all
close_sim
INFO: [Simtcl 6-16] Simulation closed
launch_simulation
Command: launch_simulation 
INFO: [Vivado 12-12493] Simulation top is 'tb_tdma_LDPC'
WARNING: [Vivado 12-13340] Unable to auto find GCC executables from simulator install path! (path not set)
WARNING: [Vivado 12-13277] Compiled library path does not exist: ''
INFO: [Vivado 12-5682] Launching behavioral simulation in 'H:/Git/LDPC/LDPC/tdma_LDPC/tdma_LDPC/tdma_LDPC.sim/sim_1/behav/xsim'
INFO: [SIM-utils-51] Simulation object is 'sim_1'
INFO: [SIM-utils-72] Using boost library from 'H:/Vivado_2022.2/Vivado/2022.2/tps/boost_1_72_0'
INFO: [SIM-utils-54] Inspecting design source files for 'tb_tdma_LDPC' in fileset 'sim_1'...
INFO: [USF-XSim-97] Finding global include files...
INFO: [USF-XSim-98] Fetching design files from 'sim_1'...
INFO: [USF-XSim-2] XSim::Compile design
INFO: [USF-XSim-61] Executing 'COMPILE and ANALYZE' step in 'H:/Git/LDPC/LDPC/tdma_LDPC/tdma_LDPC/tdma_LDPC.sim/sim_1/behav/xsim'
"xvlog --incr --relax -prj tb_tdma_LDPC_vlog.prj"
INFO: [VRFC 10-2263] Analyzing Verilog file "H:/Git/LDPC/LDPC/tdma_LDPC/tdma_LDPC/tdma_LDPC.srcs/sources_1/new/tdma_LDPC.v" into library xil_defaultlib
INFO: [VRFC 10-311] analyzing module tdma_LDPC
INFO: [VRFC 10-2263] Analyzing Verilog file "H:/Git/LDPC/LDPC/tdma_LDPC/tdma_LDPC/tdma_LDPC.srcs/sources_1/new/tdma_calculate_vector.v" into library xil_defaultlib
INFO: [VRFC 10-311] analyzing module tdma_calculate_vector
INFO: [VRFC 10-2263] Analyzing Verilog file "H:/Git/LDPC/LDPC/tdma_LDPC/tdma_LDPC/tdma_LDPC.srcs/sources_1/new/tdma_shift_register_processor.v" into library xil_defaultlib
INFO: [VRFC 10-311] analyzing module tdma_shift_register_processor
INFO: [VRFC 10-2263] Analyzing Verilog file "H:/Git/LDPC/LDPC/tdma_LDPC/tdma_LDPC/tdma_LDPC.srcs/sim_1/new/tb_tdma_LDPC.v" into library xil_defaultlib
INFO: [VRFC 10-311] analyzing module tb_tdma_LDPC
INFO: [USF-XSim-69] 'compile' step finished in '2' seconds
INFO: [USF-XSim-3] XSim::Elaborate design
INFO: [USF-XSim-61] Executing 'ELABORATE' step in 'H:/Git/LDPC/LDPC/tdma_LDPC/tdma_LDPC/tdma_LDPC.sim/sim_1/behav/xsim'
"xelab --incr --debug typical --relax --mt 2 -L xil_defaultlib -L unisims_ver -L unimacro_ver -L secureip --snapshot tb_tdma_LDPC_behav xil_defaultlib.tb_tdma_LDPC xil_defaultlib.glbl -log elaborate.log"
Vivado Simulator v2022.2
Copyright 1986-1999, 2001-2022 Xilinx, Inc. All Rights Reserved.
Running: H:/Vivado_2022.2/Vivado/2022.2/bin/unwrapped/win64.o/xelab.exe --incr --debug typical --relax --mt 2 -L xil_defaultlib -L unisims_ver -L unimacro_ver -L secureip --snapshot tb_tdma_LDPC_behav xil_defaultlib.tb_tdma_LDPC xil_defaultlib.glbl -log elaborate.log 
Using 2 slave threads.
Starting static elaboration
Pass Through NonSizing Optimizer
Completed static elaboration
Starting simulation data flow analysis
WARNING: [XSIM 43-4100] "H:/Git/LDPC/LDPC/tdma_LDPC/tdma_LDPC/tdma_LDPC.sim/sim_1/behav/xsim/glbl.v" Line 6. Module glbl has a timescale but at least one module in design doesn't have timescale.
WARNING: [XSIM 43-4100] "H:/Git/LDPC/LDPC/tdma_LDPC/tdma_LDPC/tdma_LDPC.sim/sim_1/behav/xsim/glbl.v" Line 6. Module glbl has a timescale but at least one module in design doesn't have timescale.
Completed simulation data flow analysis
Time Resolution for simulation is 1ps
Compiling module xil_defaultlib.tdma_shift_register_processor
Compiling module xil_defaultlib.tdma_calculate_vector
Compiling module xil_defaultlib.tdma_LDPC
Compiling module xil_defaultlib.tb_tdma_LDPC
Compiling module xil_defaultlib.glbl
Built simulation snapshot tb_tdma_LDPC_behav
INFO: [USF-XSim-69] 'elaborate' step finished in '1' seconds
INFO: [USF-XSim-4] XSim::Simulate design
INFO: [USF-XSim-61] Executing 'SIMULATE' step in 'H:/Git/LDPC/LDPC/tdma_LDPC/tdma_LDPC/tdma_LDPC.sim/sim_1/behav/xsim'
INFO: [USF-XSim-98] *** Running xsim
   with args "tb_tdma_LDPC_behav -key {Behavioral:sim_1:Functional:tb_tdma_LDPC} -tclbatch {tb_tdma_LDPC.tcl} -log {simulate.log}"
INFO: [USF-XSim-8] Loading simulator feature
Time resolution is 1 ps
source tb_tdma_LDPC.tcl
# set curr_wave [current_wave_config]
# if { [string length $curr_wave] == 0 } {
#   if { [llength [get_objects]] > 0} {
#     add_wave /
#     set_property needs_save false [current_wave_config]
#   } else {
#      send_msg_id Add_Wave-1 WARNING "No top level signals found. Simulator will start without a wave window. If you want to open a wave window go to 'File->New Waveform Configuration' or type 'create_wave_config' in the TCL console."
#   }
# }
# run 1000ns
义耱 1:
INFO: [USF-XSim-96] XSim completed. Design snapshot 'tb_tdma_LDPC_behav' loaded.
INFO: [USF-XSim-97] XSim simulation ran for 1000ns
run all
relaunch_sim
Command: launch_simulation -step compile -simset sim_1 -mode behavioral
INFO: [Vivado 12-12493] Simulation top is 'tb_tdma_LDPC'
WARNING: [Vivado 12-13340] Unable to auto find GCC executables from simulator install path! (path not set)
WARNING: [Vivado 12-13277] Compiled library path does not exist: ''
INFO: [Vivado 12-5682] Launching behavioral simulation in 'H:/Git/LDPC/LDPC/tdma_LDPC/tdma_LDPC/tdma_LDPC.sim/sim_1/behav/xsim'
INFO: [SIM-utils-51] Simulation object is 'sim_1'
INFO: [USF-XSim-2] XSim::Compile design
INFO: [USF-XSim-61] Executing 'COMPILE and ANALYZE' step in 'H:/Git/LDPC/LDPC/tdma_LDPC/tdma_LDPC/tdma_LDPC.sim/sim_1/behav/xsim'
"xvlog --incr --relax -prj tb_tdma_LDPC_vlog.prj"
INFO: [USF-XSim-69] 'compile' step finished in '2' seconds
Command: launch_simulation -step elaborate -simset sim_1 -mode behavioral
INFO: [Vivado 12-12493] Simulation top is 'tb_tdma_LDPC'
WARNING: [Vivado 12-13340] Unable to auto find GCC executables from simulator install path! (path not set)
WARNING: [Vivado 12-13277] Compiled library path does not exist: ''
INFO: [Vivado 12-5682] Launching behavioral simulation in 'H:/Git/LDPC/LDPC/tdma_LDPC/tdma_LDPC/tdma_LDPC.sim/sim_1/behav/xsim'
INFO: [SIM-utils-51] Simulation object is 'sim_1'
INFO: [USF-XSim-3] XSim::Elaborate design
INFO: [USF-XSim-61] Executing 'ELABORATE' step in 'H:/Git/LDPC/LDPC/tdma_LDPC/tdma_LDPC/tdma_LDPC.sim/sim_1/behav/xsim'
"xelab --incr --debug typical --relax --mt 2 -L xil_defaultlib -L unisims_ver -L unimacro_ver -L secureip --snapshot tb_tdma_LDPC_behav xil_defaultlib.tb_tdma_LDPC xil_defaultlib.glbl -log elaborate.log"
Vivado Simulator v2022.2
Copyright 1986-1999, 2001-2022 Xilinx, Inc. All Rights Reserved.
Running: H:/Vivado_2022.2/Vivado/2022.2/bin/unwrapped/win64.o/xelab.exe --incr --debug typical --relax --mt 2 -L xil_defaultlib -L unisims_ver -L unimacro_ver -L secureip --snapshot tb_tdma_LDPC_behav xil_defaultlib.tb_tdma_LDPC xil_defaultlib.glbl -log elaborate.log 
Using 2 slave threads.
Starting static elaboration
Pass Through NonSizing Optimizer
Completed static elaboration
INFO: [XSIM 43-4323] No Change in HDL. Linking previously generated obj files to create kernel
INFO: [USF-XSim-69] 'elaborate' step finished in '1' seconds
Time resolution is 1 ps
义耱 1:
run all
run all
close_sim
INFO: [Simtcl 6-16] Simulation closed
launch_simulation
Command: launch_simulation 
INFO: [Vivado 12-12493] Simulation top is 'tb_tdma_LDPC'
WARNING: [Vivado 12-13340] Unable to auto find GCC executables from simulator install path! (path not set)
WARNING: [Vivado 12-13277] Compiled library path does not exist: ''
INFO: [Vivado 12-5682] Launching behavioral simulation in 'H:/Git/LDPC/LDPC/tdma_LDPC/tdma_LDPC/tdma_LDPC.sim/sim_1/behav/xsim'
INFO: [SIM-utils-51] Simulation object is 'sim_1'
INFO: [SIM-utils-72] Using boost library from 'H:/Vivado_2022.2/Vivado/2022.2/tps/boost_1_72_0'
INFO: [SIM-utils-54] Inspecting design source files for 'tb_tdma_LDPC' in fileset 'sim_1'...
INFO: [USF-XSim-97] Finding global include files...
INFO: [USF-XSim-98] Fetching design files from 'sim_1'...
INFO: [USF-XSim-2] XSim::Compile design
INFO: [USF-XSim-61] Executing 'COMPILE and ANALYZE' step in 'H:/Git/LDPC/LDPC/tdma_LDPC/tdma_LDPC/tdma_LDPC.sim/sim_1/behav/xsim'
"xvlog --incr --relax -prj tb_tdma_LDPC_vlog.prj"
INFO: [VRFC 10-2263] Analyzing Verilog file "H:/Git/LDPC/LDPC/tdma_LDPC/tdma_LDPC/tdma_LDPC.srcs/sources_1/new/tdma_LDPC.v" into library xil_defaultlib
INFO: [VRFC 10-311] analyzing module tdma_LDPC
INFO: [VRFC 10-2263] Analyzing Verilog file "H:/Git/LDPC/LDPC/tdma_LDPC/tdma_LDPC/tdma_LDPC.srcs/sources_1/new/tdma_calculate_vector.v" into library xil_defaultlib
INFO: [VRFC 10-311] analyzing module tdma_calculate_vector
INFO: [VRFC 10-2263] Analyzing Verilog file "H:/Git/LDPC/LDPC/tdma_LDPC/tdma_LDPC/tdma_LDPC.srcs/sources_1/new/tdma_shift_register_processor.v" into library xil_defaultlib
INFO: [VRFC 10-311] analyzing module tdma_shift_register_processor
INFO: [VRFC 10-2263] Analyzing Verilog file "H:/Git/LDPC/LDPC/tdma_LDPC/tdma_LDPC/tdma_LDPC.srcs/sim_1/new/tb_tdma_LDPC.v" into library xil_defaultlib
INFO: [VRFC 10-311] analyzing module tb_tdma_LDPC
INFO: [USF-XSim-69] 'compile' step finished in '2' seconds
INFO: [USF-XSim-3] XSim::Elaborate design
INFO: [USF-XSim-61] Executing 'ELABORATE' step in 'H:/Git/LDPC/LDPC/tdma_LDPC/tdma_LDPC/tdma_LDPC.sim/sim_1/behav/xsim'
"xelab --incr --debug typical --relax --mt 2 -L xil_defaultlib -L unisims_ver -L unimacro_ver -L secureip --snapshot tb_tdma_LDPC_behav xil_defaultlib.tb_tdma_LDPC xil_defaultlib.glbl -log elaborate.log"
Vivado Simulator v2022.2
Copyright 1986-1999, 2001-2022 Xilinx, Inc. All Rights Reserved.
Running: H:/Vivado_2022.2/Vivado/2022.2/bin/unwrapped/win64.o/xelab.exe --incr --debug typical --relax --mt 2 -L xil_defaultlib -L unisims_ver -L unimacro_ver -L secureip --snapshot tb_tdma_LDPC_behav xil_defaultlib.tb_tdma_LDPC xil_defaultlib.glbl -log elaborate.log 
Using 2 slave threads.
Starting static elaboration
Pass Through NonSizing Optimizer
Completed static elaboration
Starting simulation data flow analysis
WARNING: [XSIM 43-4100] "H:/Git/LDPC/LDPC/tdma_LDPC/tdma_LDPC/tdma_LDPC.sim/sim_1/behav/xsim/glbl.v" Line 6. Module glbl has a timescale but at least one module in design doesn't have timescale.
WARNING: [XSIM 43-4100] "H:/Git/LDPC/LDPC/tdma_LDPC/tdma_LDPC/tdma_LDPC.sim/sim_1/behav/xsim/glbl.v" Line 6. Module glbl has a timescale but at least one module in design doesn't have timescale.
Completed simulation data flow analysis
Time Resolution for simulation is 1ps
Compiling module xil_defaultlib.tdma_shift_register_processor
Compiling module xil_defaultlib.tdma_calculate_vector
Compiling module xil_defaultlib.tdma_LDPC
Compiling module xil_defaultlib.tb_tdma_LDPC
Compiling module xil_defaultlib.glbl
Built simulation snapshot tb_tdma_LDPC_behav
INFO: [USF-XSim-69] 'elaborate' step finished in '1' seconds
INFO: [USF-XSim-4] XSim::Simulate design
INFO: [USF-XSim-61] Executing 'SIMULATE' step in 'H:/Git/LDPC/LDPC/tdma_LDPC/tdma_LDPC/tdma_LDPC.sim/sim_1/behav/xsim'
INFO: [USF-XSim-98] *** Running xsim
   with args "tb_tdma_LDPC_behav -key {Behavioral:sim_1:Functional:tb_tdma_LDPC} -tclbatch {tb_tdma_LDPC.tcl} -log {simulate.log}"
INFO: [USF-XSim-8] Loading simulator feature
Time resolution is 1 ps
source tb_tdma_LDPC.tcl
# set curr_wave [current_wave_config]
# if { [string length $curr_wave] == 0 } {
#   if { [llength [get_objects]] > 0} {
#     add_wave /
#     set_property needs_save false [current_wave_config]
#   } else {
#      send_msg_id Add_Wave-1 WARNING "No top level signals found. Simulator will start without a wave window. If you want to open a wave window go to 'File->New Waveform Configuration' or type 'create_wave_config' in the TCL console."
#   }
# }
# run 1000ns
义耱 1:
INFO: [USF-XSim-96] XSim completed. Design snapshot 'tb_tdma_LDPC_behav' loaded.
INFO: [USF-XSim-97] XSim simulation ran for 1000ns
relaunch_sim
Command: launch_simulation -step compile -simset sim_1 -mode behavioral
INFO: [Vivado 12-12493] Simulation top is 'tb_tdma_LDPC'
WARNING: [Vivado 12-13340] Unable to auto find GCC executables from simulator install path! (path not set)
WARNING: [Vivado 12-13277] Compiled library path does not exist: ''
INFO: [Vivado 12-5682] Launching behavioral simulation in 'H:/Git/LDPC/LDPC/tdma_LDPC/tdma_LDPC/tdma_LDPC.sim/sim_1/behav/xsim'
INFO: [SIM-utils-51] Simulation object is 'sim_1'
INFO: [USF-XSim-2] XSim::Compile design
INFO: [USF-XSim-61] Executing 'COMPILE and ANALYZE' step in 'H:/Git/LDPC/LDPC/tdma_LDPC/tdma_LDPC/tdma_LDPC.sim/sim_1/behav/xsim'
"xvlog --incr --relax -prj tb_tdma_LDPC_vlog.prj"
INFO: [USF-XSim-69] 'compile' step finished in '1' seconds
Command: launch_simulation -step elaborate -simset sim_1 -mode behavioral
INFO: [Vivado 12-12493] Simulation top is 'tb_tdma_LDPC'
WARNING: [Vivado 12-13340] Unable to auto find GCC executables from simulator install path! (path not set)
WARNING: [Vivado 12-13277] Compiled library path does not exist: ''
INFO: [Vivado 12-5682] Launching behavioral simulation in 'H:/Git/LDPC/LDPC/tdma_LDPC/tdma_LDPC/tdma_LDPC.sim/sim_1/behav/xsim'
INFO: [SIM-utils-51] Simulation object is 'sim_1'
INFO: [USF-XSim-3] XSim::Elaborate design
INFO: [USF-XSim-61] Executing 'ELABORATE' step in 'H:/Git/LDPC/LDPC/tdma_LDPC/tdma_LDPC/tdma_LDPC.sim/sim_1/behav/xsim'
"xelab --incr --debug typical --relax --mt 2 -L xil_defaultlib -L unisims_ver -L unimacro_ver -L secureip --snapshot tb_tdma_LDPC_behav xil_defaultlib.tb_tdma_LDPC xil_defaultlib.glbl -log elaborate.log"
Vivado Simulator v2022.2
Copyright 1986-1999, 2001-2022 Xilinx, Inc. All Rights Reserved.
Running: H:/Vivado_2022.2/Vivado/2022.2/bin/unwrapped/win64.o/xelab.exe --incr --debug typical --relax --mt 2 -L xil_defaultlib -L unisims_ver -L unimacro_ver -L secureip --snapshot tb_tdma_LDPC_behav xil_defaultlib.tb_tdma_LDPC xil_defaultlib.glbl -log elaborate.log 
Using 2 slave threads.
Starting static elaboration
Pass Through NonSizing Optimizer
Completed static elaboration
INFO: [XSIM 43-4323] No Change in HDL. Linking previously generated obj files to create kernel
INFO: [USF-XSim-69] 'elaborate' step finished in '2' seconds
Time resolution is 1 ps
义耱 1:
run all
close_sim
INFO: [Simtcl 6-16] Simulation closed
launch_simulation
Command: launch_simulation 
INFO: [Vivado 12-12493] Simulation top is 'tb_tdma_LDPC'
WARNING: [Vivado 12-13340] Unable to auto find GCC executables from simulator install path! (path not set)
WARNING: [Vivado 12-13277] Compiled library path does not exist: ''
INFO: [Vivado 12-5682] Launching behavioral simulation in 'H:/Git/LDPC/LDPC/tdma_LDPC/tdma_LDPC/tdma_LDPC.sim/sim_1/behav/xsim'
INFO: [SIM-utils-51] Simulation object is 'sim_1'
INFO: [SIM-utils-72] Using boost library from 'H:/Vivado_2022.2/Vivado/2022.2/tps/boost_1_72_0'
INFO: [SIM-utils-54] Inspecting design source files for 'tb_tdma_LDPC' in fileset 'sim_1'...
INFO: [USF-XSim-97] Finding global include files...
INFO: [USF-XSim-98] Fetching design files from 'sim_1'...
INFO: [USF-XSim-2] XSim::Compile design
INFO: [USF-XSim-61] Executing 'COMPILE and ANALYZE' step in 'H:/Git/LDPC/LDPC/tdma_LDPC/tdma_LDPC/tdma_LDPC.sim/sim_1/behav/xsim'
"xvlog --incr --relax -prj tb_tdma_LDPC_vlog.prj"
INFO: [VRFC 10-2263] Analyzing Verilog file "H:/Git/LDPC/LDPC/tdma_LDPC/tdma_LDPC/tdma_LDPC.srcs/sim_1/new/tb_tdma_LDPC.v" into library xil_defaultlib
INFO: [VRFC 10-311] analyzing module tb_tdma_LDPC_single_vector
INFO: [VRFC 10-2263] Analyzing Verilog file "H:/Git/LDPC/LDPC/tdma_LDPC/tdma_LDPC/tdma_LDPC.srcs/sources_1/new/tdma_LDPC.v" into library xil_defaultlib
INFO: [VRFC 10-311] analyzing module tdma_LDPC
INFO: [VRFC 10-2263] Analyzing Verilog file "H:/Git/LDPC/LDPC/tdma_LDPC/tdma_LDPC/tdma_LDPC.srcs/sources_1/new/tdma_calculate_vector.v" into library xil_defaultlib
INFO: [VRFC 10-311] analyzing module tdma_calculate_vector
INFO: [VRFC 10-2263] Analyzing Verilog file "H:/Git/LDPC/LDPC/tdma_LDPC/tdma_LDPC/tdma_LDPC.srcs/sources_1/new/tdma_shift_register_processor.v" into library xil_defaultlib
INFO: [VRFC 10-311] analyzing module tdma_shift_register_processor
INFO: [USF-XSim-69] 'compile' step finished in '1' seconds
INFO: [USF-XSim-3] XSim::Elaborate design
INFO: [USF-XSim-61] Executing 'ELABORATE' step in 'H:/Git/LDPC/LDPC/tdma_LDPC/tdma_LDPC/tdma_LDPC.sim/sim_1/behav/xsim'
"xelab --incr --debug typical --relax --mt 2 -L xil_defaultlib -L unisims_ver -L unimacro_ver -L secureip --snapshot tb_tdma_LDPC_behav xil_defaultlib.tb_tdma_LDPC xil_defaultlib.glbl -log elaborate.log"
Vivado Simulator v2022.2
Copyright 1986-1999, 2001-2022 Xilinx, Inc. All Rights Reserved.
Running: H:/Vivado_2022.2/Vivado/2022.2/bin/unwrapped/win64.o/xelab.exe --incr --debug typical --relax --mt 2 -L xil_defaultlib -L unisims_ver -L unimacro_ver -L secureip --snapshot tb_tdma_LDPC_behav xil_defaultlib.tb_tdma_LDPC xil_defaultlib.glbl -log elaborate.log 
Using 2 slave threads.
Starting static elaboration
Pass Through NonSizing Optimizer
Completed static elaboration
Starting simulation data flow analysis
WARNING: [XSIM 43-4100] "H:/Git/LDPC/LDPC/tdma_LDPC/tdma_LDPC/tdma_LDPC.sim/sim_1/behav/xsim/glbl.v" Line 6. Module glbl has a timescale but at least one module in design doesn't have timescale.
WARNING: [XSIM 43-4100] "H:/Git/LDPC/LDPC/tdma_LDPC/tdma_LDPC/tdma_LDPC.sim/sim_1/behav/xsim/glbl.v" Line 6. Module glbl has a timescale but at least one module in design doesn't have timescale.
Completed simulation data flow analysis
Time Resolution for simulation is 1ps
Compiling module xil_defaultlib.tdma_shift_register_processor
Compiling module xil_defaultlib.tdma_calculate_vector
Compiling module xil_defaultlib.tdma_LDPC
Compiling module xil_defaultlib.tb_tdma_LDPC
Compiling module xil_defaultlib.glbl
Built simulation snapshot tb_tdma_LDPC_behav
INFO: [USF-XSim-69] 'elaborate' step finished in '2' seconds
INFO: [USF-XSim-4] XSim::Simulate design
INFO: [USF-XSim-61] Executing 'SIMULATE' step in 'H:/Git/LDPC/LDPC/tdma_LDPC/tdma_LDPC/tdma_LDPC.sim/sim_1/behav/xsim'
INFO: [USF-XSim-98] *** Running xsim
   with args "tb_tdma_LDPC_behav -key {Behavioral:sim_1:Functional:tb_tdma_LDPC} -tclbatch {tb_tdma_LDPC.tcl} -log {simulate.log}"
INFO: [USF-XSim-8] Loading simulator feature
Time resolution is 1 ps
source tb_tdma_LDPC.tcl
# set curr_wave [current_wave_config]
# if { [string length $curr_wave] == 0 } {
#   if { [llength [get_objects]] > 0} {
#     add_wave /
#     set_property needs_save false [current_wave_config]
#   } else {
#      send_msg_id Add_Wave-1 WARNING "No top level signals found. Simulator will start without a wave window. If you want to open a wave window go to 'File->New Waveform Configuration' or type 'create_wave_config' in the TCL console."
#   }
# }
# run 1000ns
义耱 1:
INFO: [USF-XSim-96] XSim completed. Design snapshot 'tb_tdma_LDPC_behav' loaded.
INFO: [USF-XSim-97] XSim simulation ran for 1000ns
launch_simulation: Time (s): cpu = 00:00:02 ; elapsed = 00:00:11 . Memory (MB): peak = 1241.887 ; gain = 0.000
relaunch_sim
Command: launch_simulation -step compile -simset sim_1 -mode behavioral
INFO: [Vivado 12-12493] Simulation top is 'tb_tdma_LDPC_single_vector'
WARNING: [Vivado 12-13340] Unable to auto find GCC executables from simulator install path! (path not set)
WARNING: [Vivado 12-13277] Compiled library path does not exist: ''
INFO: [Vivado 12-5682] Launching behavioral simulation in 'H:/Git/LDPC/LDPC/tdma_LDPC/tdma_LDPC/tdma_LDPC.sim/sim_1/behav/xsim'
INFO: [SIM-utils-51] Simulation object is 'sim_1'
INFO: [USF-XSim-2] XSim::Compile design
INFO: [USF-XSim-61] Executing 'COMPILE and ANALYZE' step in 'H:/Git/LDPC/LDPC/tdma_LDPC/tdma_LDPC/tdma_LDPC.sim/sim_1/behav/xsim'
"xvlog --incr --relax -prj tb_tdma_LDPC_single_vector_vlog.prj"
INFO: [USF-XSim-69] 'compile' step finished in '2' seconds
Command: launch_simulation -step elaborate -simset sim_1 -mode behavioral
INFO: [Vivado 12-12493] Simulation top is 'tb_tdma_LDPC_single_vector'
WARNING: [Vivado 12-13340] Unable to auto find GCC executables from simulator install path! (path not set)
WARNING: [Vivado 12-13277] Compiled library path does not exist: ''
INFO: [Vivado 12-5682] Launching behavioral simulation in 'H:/Git/LDPC/LDPC/tdma_LDPC/tdma_LDPC/tdma_LDPC.sim/sim_1/behav/xsim'
INFO: [SIM-utils-51] Simulation object is 'sim_1'
INFO: [USF-XSim-3] XSim::Elaborate design
INFO: [USF-XSim-61] Executing 'ELABORATE' step in 'H:/Git/LDPC/LDPC/tdma_LDPC/tdma_LDPC/tdma_LDPC.sim/sim_1/behav/xsim'
"xelab --incr --debug typical --relax --mt 2 -L xil_defaultlib -L unisims_ver -L unimacro_ver -L secureip --snapshot tb_tdma_LDPC_single_vector_behav xil_defaultlib.tb_tdma_LDPC_single_vector xil_defaultlib.glbl -log elaborate.log"
Vivado Simulator v2022.2
Copyright 1986-1999, 2001-2022 Xilinx, Inc. All Rights Reserved.
Running: H:/Vivado_2022.2/Vivado/2022.2/bin/unwrapped/win64.o/xelab.exe --incr --debug typical --relax --mt 2 -L xil_defaultlib -L unisims_ver -L unimacro_ver -L secureip --snapshot tb_tdma_LDPC_single_vector_behav xil_defaultlib.tb_tdma_LDPC_single_vector xil_defaultlib.glbl -log elaborate.log 
Using 2 slave threads.
Starting static elaboration
Pass Through NonSizing Optimizer
Completed static elaboration
Starting simulation data flow analysis
WARNING: [XSIM 43-4100] "H:/Git/LDPC/LDPC/tdma_LDPC/tdma_LDPC/tdma_LDPC.sim/sim_1/behav/xsim/glbl.v" Line 6. Module glbl has a timescale but at least one module in design doesn't have timescale.
WARNING: [XSIM 43-4100] "H:/Git/LDPC/LDPC/tdma_LDPC/tdma_LDPC/tdma_LDPC.sim/sim_1/behav/xsim/glbl.v" Line 6. Module glbl has a timescale but at least one module in design doesn't have timescale.
Completed simulation data flow analysis
Time Resolution for simulation is 1ps
Compiling module xil_defaultlib.tdma_shift_register_processor
Compiling module xil_defaultlib.tdma_calculate_vector
Compiling module xil_defaultlib.tdma_LDPC
Compiling module xil_defaultlib.tb_tdma_LDPC_single_vector
Compiling module xil_defaultlib.glbl
Built simulation snapshot tb_tdma_LDPC_single_vector_behav
INFO: [USF-XSim-69] 'elaborate' step finished in '1' seconds
Time resolution is 1 ps
义耱 1:
run all
launch_simulation
Command: launch_simulation 
INFO: [Vivado 12-12493] Simulation top is 'tb_tdma_LDPC_single_vector'
WARNING: [Vivado 12-13340] Unable to auto find GCC executables from simulator install path! (path not set)
boost::filesystem::remove: 橡铞羼 礤 祛驽 镱塍麒螯 漕耱箫  羿殡, 蜞 赅 蝾 羿殡 玎 漯筱桁 镳铞羼耦: "H:/Git/LDPC/LDPC/tdma_LDPC/tdma_LDPC/tdma_LDPC.sim/sim_1/behav/xsim/simulate.log"
close_sim
INFO: [Simtcl 6-16] Simulation closed
launch_simulation
Command: launch_simulation 
INFO: [Vivado 12-12493] Simulation top is 'tb_tdma_LDPC'
WARNING: [Vivado 12-13340] Unable to auto find GCC executables from simulator install path! (path not set)
WARNING: [Vivado 12-13277] Compiled library path does not exist: ''
INFO: [Vivado 12-5682] Launching behavioral simulation in 'H:/Git/LDPC/LDPC/tdma_LDPC/tdma_LDPC/tdma_LDPC.sim/sim_1/behav/xsim'
INFO: [SIM-utils-51] Simulation object is 'sim_1'
INFO: [SIM-utils-72] Using boost library from 'H:/Vivado_2022.2/Vivado/2022.2/tps/boost_1_72_0'
INFO: [SIM-utils-54] Inspecting design source files for 'tb_tdma_LDPC' in fileset 'sim_1'...
INFO: [USF-XSim-97] Finding global include files...
INFO: [USF-XSim-98] Fetching design files from 'sim_1'...
INFO: [USF-XSim-2] XSim::Compile design
INFO: [USF-XSim-61] Executing 'COMPILE and ANALYZE' step in 'H:/Git/LDPC/LDPC/tdma_LDPC/tdma_LDPC/tdma_LDPC.sim/sim_1/behav/xsim'
"xvlog --incr --relax -prj tb_tdma_LDPC_vlog.prj"
INFO: [Common 17-41] Interrupt caught. Command should exit soon.
run_program: Time (s): cpu = 00:00:02 ; elapsed = 00:01:54 . Memory (MB): peak = 1245.125 ; gain = 0.000
INFO: [Common 17-344] 'run_program' was cancelled
INFO: [Vivado 12-5357] 'compile' step aborted
launch_simulation: Time (s): cpu = 00:00:02 ; elapsed = 00:01:54 . Memory (MB): peak = 1245.125 ; gain = 3.238
INFO: [Common 17-344] 'launch_simulation' was cancelled
launch_simulation
Command: launch_simulation 
INFO: [Vivado 12-12493] Simulation top is 'tb_tdma_LDPC'
WARNING: [Vivado 12-13340] Unable to auto find GCC executables from simulator install path! (path not set)
WARNING: [Vivado 12-13277] Compiled library path does not exist: ''
INFO: [Vivado 12-5682] Launching behavioral simulation in 'H:/Git/LDPC/LDPC/tdma_LDPC/tdma_LDPC/tdma_LDPC.sim/sim_1/behav/xsim'
INFO: [SIM-utils-51] Simulation object is 'sim_1'
INFO: [SIM-utils-72] Using boost library from 'H:/Vivado_2022.2/Vivado/2022.2/tps/boost_1_72_0'
INFO: [SIM-utils-54] Inspecting design source files for 'tb_tdma_LDPC' in fileset 'sim_1'...
INFO: [USF-XSim-97] Finding global include files...
INFO: [USF-XSim-98] Fetching design files from 'sim_1'...
INFO: [USF-XSim-2] XSim::Compile design
INFO: [USF-XSim-61] Executing 'COMPILE and ANALYZE' step in 'H:/Git/LDPC/LDPC/tdma_LDPC/tdma_LDPC/tdma_LDPC.sim/sim_1/behav/xsim'
"xvlog --incr --relax -prj tb_tdma_LDPC_vlog.prj"
INFO: [Common 17-41] Interrupt caught. Command should exit soon.
run_program: Time (s): cpu = 00:00:01 ; elapsed = 00:00:14 . Memory (MB): peak = 1245.125 ; gain = 0.000
INFO: [Common 17-344] 'run_program' was cancelled
INFO: [Vivado 12-5357] 'compile' step aborted
launch_simulation: Time (s): cpu = 00:00:01 ; elapsed = 00:00:14 . Memory (MB): peak = 1245.125 ; gain = 0.000
INFO: [Common 17-344] 'launch_simulation' was cancelled
exit
INFO: [Common 17-206] Exiting Vivado at Fri Sep  5 16:52:43 2025...
