xilinx rtfpga
rt::do_reinfer_area_combined 1
INFO: [Synth 8-3917] design ldpc_v2_0_11_inner_core__GC0 has port m_axis_status_tdata[13] driven by constant 0
INFO: [Synth 8-3917] design ldpc_v2_0_11_inner_core__GC0 has port m_axis_status_tdata[12] driven by constant 0
INFO: [Synth 8-3917] design ldpc_v2_0_11_inner_core__GC0 has port m_axis_status_tdata[11] driven by constant 0
INFO: [Synth 8-3917] design ldpc_v2_0_11_inner_core__GC0 has port m_axis_status_tdata[10] driven by constant 0
INFO: [Synth 8-3917] design ldpc_v2_0_11_inner_core__GC0 has port m_axis_status_tdata[9] driven by constant 0
INFO: [Synth 8-3917] design ldpc_v2_0_11_inner_core__GC0 has port m_axis_status_tdata[8] driven by constant 0
INFO: [Synth 8-3917] design ldpc_v2_0_11_inner_core__GC0 has port m_axis_status_tdata[7] driven by constant 0
WARNING: [Synth 8-7129] Port reg_wdata[31] in module ldpc_v2_0_11_reg_decode_wr is either unconnected or has no load
WARNING: [Synth 8-7129] Port x_reg_raddr[20] in module ldpc_v2_0_11_axi_lite_if is either unconnected or has no load
WARNING: [Synth 8-7129] Port x_reg_raddr[19] in module ldpc_v2_0_11_axi_lite_if is either unconnected or has no load
WARNING: [Synth 8-7129] Port x_reg_raddr[18] in module ldpc_v2_0_11_axi_lite_if is either unconnected or has no load
WARNING: [Synth 8-7129] Port x_reg_raddr[17] in module ldpc_v2_0_11_axi_lite_if is either unconnected or has no load
WARNING: [Synth 8-7129] Port x_reg_raddr[16] in module ldpc_v2_0_11_axi_lite_if is either unconnected or has no load
WARNING: [Synth 8-7129] Port x_reg_raddr[15] in module ldpc_v2_0_11_axi_lite_if is either unconnected or has no load
WARNING: [Synth 8-7129] Port x_reg_raddr[14] in module ldpc_v2_0_11_axi_lite_if is either unconnected or has no load
WARNING: [Synth 8-7129] Port x_reg_raddr[13] in module ldpc_v2_0_11_axi_lite_if is either unconnected or has no load
WARNING: [Synth 8-7129] Port x_reg_raddr[12] in module ldpc_v2_0_11_axi_lite_if is either unconnected or has no load
WARNING: [Synth 8-7129] Port x_reg_raddr[11] in module ldpc_v2_0_11_axi_lite_if is either unconnected or has no load
WARNING: [Synth 8-7129] Port x_reg_raddr[10] in module ldpc_v2_0_11_axi_lite_if is either unconnected or has no load
WARNING: [Synth 8-7129] Port x_reg_raddr[9] in module ldpc_v2_0_11_axi_lite_if is either unconnected or has no load
WARNING: [Synth 8-7129] Port y_reg_raddr[20] in module ldpc_v2_0_11_axi_lite_if is either unconnected or has no load
WARNING: [Synth 8-7129] Port y_reg_raddr[19] in module ldpc_v2_0_11_axi_lite_if is either unconnected or has no load
WARNING: [Synth 8-7129] Port y_reg_raddr[18] in module ldpc_v2_0_11_axi_lite_if is either unconnected or has no load
WARNING: [Synth 8-7129] Port y_reg_raddr[17] in module ldpc_v2_0_11_axi_lite_if is either unconnected or has no load
WARNING: [Synth 8-7129] Port y_reg_raddr[16] in module ldpc_v2_0_11_axi_lite_if is either unconnected or has no load
WARNING: [Synth 8-7129] Port y_reg_raddr[15] in module ldpc_v2_0_11_axi_lite_if is either unconnected or has no load
WARNING: [Synth 8-7129] Port y_reg_raddr[14] in module ldpc_v2_0_11_axi_lite_if is either unconnected or has no load
WARNING: [Synth 8-7129] Port y_reg_raddr[13] in module ldpc_v2_0_11_axi_lite_if is either unconnected or has no load
WARNING: [Synth 8-7129] Port y_reg_raddr[12] in module ldpc_v2_0_11_axi_lite_if is either unconnected or has no load
WARNING: [Synth 8-7129] Port y_reg_raddr[11] in module ldpc_v2_0_11_axi_lite_if is either unconnected or has no load
WARNING: [Synth 8-7129] Port y_reg_raddr[10] in module ldpc_v2_0_11_axi_lite_if is either unconnected or has no load
WARNING: [Synth 8-7129] Port y_reg_raddr[9] in module ldpc_v2_0_11_axi_lite_if is either unconnected or has no load
WARNING: [Synth 8-7129] Port cm_raddr[3][11] in module ldpc_v2_0_11_axi_lite_if is either unconnected or has no load
WARNING: [Synth 8-7129] Port cm_raddr[2][11] in module ldpc_v2_0_11_axi_lite_if is either unconnected or has no load
WARNING: [Synth 8-7129] Port cm_raddr[1][11] in module ldpc_v2_0_11_axi_lite_if is either unconnected or has no load
WARNING: [Synth 8-7129] Port cm_raddr[0][11] in module ldpc_v2_0_11_axi_lite_if is either unconnected or has no load
INFO: [Synth 8-4652] Swapped enable and write-enable on 1 RAM instances of RAM ECC_G.SDP_RAM_RTL_I/SINGLE_G.SDP_RAM_RTL_I/mem_array_reg to conserve power
INFO: [Synth 8-4652] Swapped enable and write-enable on 1 RAM instances of RAM ECC_G.SDP_RAM_RTL_I/mem_array_reg to conserve power
INFO: [Synth 8-4652] Swapped enable and write-enable on 2 RAM instances of RAM BANK_0_G.SDP_RAM_I/ECC_G.SDP_RAM_RTL_I/SINGLE_G.SDP_RAM_RTL_I/mem_array_reg to conserve power
INFO: [Synth 8-4652] Swapped enable and write-enable on 2 RAM instances of RAM BANK_1_G.SDP_RAM_I/ECC_G.SDP_RAM_RTL_I/SINGLE_G.SDP_RAM_RTL_I/mem_array_reg to conserve power
INFO: [Synth 8-4652] Swapped enable and write-enable on 2 RAM instances of RAM BANK_2_G.SDP_RAM_I/ECC_G.SDP_RAM_RTL_I/SINGLE_G.SDP_RAM_RTL_I/mem_array_reg to conserve power
INFO: [Synth 8-4652] Swapped enable and write-enable on 2 RAM instances of RAM BANK_3_G.SDP_RAM_I/ECC_G.SDP_RAM_RTL_I/SINGLE_G.SDP_RAM_RTL_I/mem_array_reg to conserve power
INFO: [Synth 8-3886] merging instance 'IP_IF_I/AXIS_FORK2_I/FIFO_M0_I/REG_G.mem_array_reg[1][44]' (FDRE) to 'IP_IF_I/AXIS_FORK2_I/FIFO_M0_I/REG_G.mem_array_reg[1][29]'
INFO: [Synth 8-3886] merging instance 'IP_IF_I/AXIS_FORK2_I/FIFO_M0_I/REG_G.mem_array_reg[1][43]' (FDRE) to 'IP_IF_I/AXIS_FORK2_I/FIFO_M0_I/REG_G.mem_array_reg[1][29]'
INFO: [Synth 8-3886] merging instance 'IP_IF_I/AXIS_FORK2_I/FIFO_M0_I/REG_G.mem_array_reg[0][44]' (FDRE) to 'IP_IF_I/AXIS_FORK2_I/FIFO_M0_I/REG_G.mem_array_reg[0][81]'
INFO: [Synth 8-3886] merging instance 'IP_IF_I/AXIS_FORK2_I/FIFO_M0_I/REG_G.mem_array_reg[0][43]' (FDRE) to 'IP_IF_I/AXIS_FORK2_I/FIFO_M0_I/REG_G.mem_array_reg[0][81]'
INFO: [Synth 8-3886] merging instance 'IP_IF_I/AXIS_FORK2_I/FIFO_M0_I/REG_G.mem_array_reg[1][81]' (FDRE) to 'IP_IF_I/AXIS_FORK2_I/FIFO_M0_I/REG_G.mem_array_reg[1][29]'
INFO: [Synth 8-3886] merging instance 'IP_IF_I/AXIS_FORK2_I/FIFO_M0_I/REG_G.mem_array_reg[0][81]' (FDRE) to 'IP_IF_I/AXIS_FORK2_I/FIFO_M0_I/REG_G.mem_array_reg[0][42]'
INFO: [Synth 8-3886] merging instance 'IP_IF_I/AXIS_FORK2_I/FIFO_M0_I/REG_G.mem_array_reg[1][29]' (FDRE) to 'IP_IF_I/AXIS_FORK2_I/FIFO_M0_I/REG_G.mem_array_reg[1][30]'
INFO: [Synth 8-3886] merging instance 'IP_IF_I/AXIS_FORK2_I/FIFO_M0_I/REG_G.mem_array_reg[0][29]' (FDRE) to 'IP_IF_I/AXIS_FORK2_I/FIFO_M0_I/REG_G.mem_array_reg[0][42]'
INFO: [Synth 8-3886] merging instance 'IP_IF_I/AXIS_FORK2_I/FIFO_M0_I/REG_G.mem_array_reg[1][30]' (FDRE) to 'IP_IF_I/AXIS_FORK2_I/FIFO_M0_I/REG_G.mem_array_reg[1][31]'
INFO: [Synth 8-3886] merging instance 'IP_IF_I/AXIS_FORK2_I/FIFO_M0_I/REG_G.mem_array_reg[0][30]' (FDRE) to 'IP_IF_I/AXIS_FORK2_I/FIFO_M0_I/REG_G.mem_array_reg[0][42]'
INFO: [Synth 8-3886] merging instance 'IP_IF_I/AXIS_FORK2_I/FIFO_M0_I/REG_G.mem_array_reg[1][31]' (FDRE) to 'IP_IF_I/AXIS_FORK2_I/FIFO_M0_I/REG_G.mem_array_reg[1][32]'
INFO: [Synth 8-3886] merging instance 'IP_IF_I/AXIS_FORK2_I/FIFO_M0_I/REG_G.mem_array_reg[0][31]' (FDRE) to 'IP_IF_I/AXIS_FORK2_I/FIFO_M0_I/REG_G.mem_array_reg[0][42]'
INFO: [Synth 8-3886] merging instance 'IP_IF_I/AXIS_FORK2_I/FIFO_M0_I/REG_G.mem_array_reg[1][32]' (FDRE) to 'IP_IF_I/AXIS_FORK2_I/FIFO_M0_I/REG_G.mem_array_reg[1][33]'
INFO: [Synth 8-3886] merging instance 'IP_IF_I/AXIS_FORK2_I/FIFO_M0_I/REG_G.mem_array_reg[0][32]' (FDRE) to 'IP_IF_I/AXIS_FORK2_I/FIFO_M0_I/REG_G.mem_array_reg[0][42]'
INFO: [Synth 8-3886] merging instance 'IP_IF_I/AXIS_FORK2_I/FIFO_M0_I/REG_G.mem_array_reg[1][33]' (FDRE) to 'IP_IF_I/AXIS_FORK2_I/FIFO_M0_I/REG_G.mem_array_reg[1][34]'
INFO: [Synth 8-3886] merging instance 'IP_IF_I/AXIS_FORK2_I/FIFO_M0_I/REG_G.mem_array_reg[0][33]' (FDRE) to 'IP_IF_I/AXIS_FORK2_I/FIFO_M0_I/REG_G.mem_array_reg[0][42]'
INFO: [Synth 8-3886] merging instance 'IP_IF_I/AXIS_FORK2_I/FIFO_M0_I/REG_G.mem_array_reg[1][34]' (FDRE) to 'IP_IF_I/AXIS_FORK2_I/FIFO_M0_I/REG_G.mem_array_reg[1][35]'
INFO: [Synth 8-3886] merging instance 'IP_IF_I/AXIS_FORK2_I/FIFO_M0_I/REG_G.mem_array_reg[0][34]' (FDRE) to 'IP_IF_I/AXIS_FORK2_I/FIFO_M0_I/REG_G.mem_array_reg[0][42]'
INFO: [Synth 8-3886] merging instance 'IP_IF_I/AXIS_FORK2_I/FIFO_M0_I/REG_G.mem_array_reg[1][35]' (FDRE) to 'IP_IF_I/AXIS_FORK2_I/FIFO_M0_I/REG_G.mem_array_reg[1][36]'
INFO: [Synth 8-3886] merging instance 'IP_IF_I/AXIS_FORK2_I/FIFO_M0_I/REG_G.mem_array_reg[0][35]' (FDRE) to 'IP_IF_I/AXIS_FORK2_I/FIFO_M0_I/REG_G.mem_array_reg[0][42]'
INFO: [Synth 8-3886] merging instance 'IP_IF_I/AXIS_FORK2_I/FIFO_M0_I/REG_G.mem_array_reg[1][36]' (FDRE) to 'IP_IF_I/AXIS_FORK2_I/FIFO_M0_I/REG_G.mem_array_reg[1][37]'
INFO: [Synth 8-3886] merging instance 'IP_IF_I/AXIS_FORK2_I/FIFO_M0_I/REG_G.mem_array_reg[0][36]' (FDRE) to 'IP_IF_I/AXIS_FORK2_I/FIFO_M0_I/REG_G.mem_array_reg[0][42]'
INFO: [Synth 8-3886] merging instance 'IP_IF_I/AXIS_FORK2_I/FIFO_M0_I/REG_G.mem_array_reg[1][37]' (FDRE) to 'IP_IF_I/AXIS_FORK2_I/FIFO_M0_I/REG_G.mem_array_reg[1][38]'
INFO: [Synth 8-3886] merging instance 'IP_IF_I/AXIS_FORK2_I/FIFO_M0_I/REG_G.mem_array_reg[0][37]' (FDRE) to 'IP_IF_I/AXIS_FORK2_I/FIFO_M0_I/REG_G.mem_array_reg[0][42]'
INFO: [Synth 8-3886] merging instance 'IP_IF_I/AXIS_FORK2_I/FIFO_M0_I/REG_G.mem_array_reg[1][38]' (FDRE) to 'IP_IF_I/AXIS_FORK2_I/FIFO_M0_I/REG_G.mem_array_reg[1][39]'
INFO: [Synth 8-3886] merging instance 'IP_IF_I/AXIS_FORK2_I/FIFO_M0_I/REG_G.mem_array_reg[0][38]' (FDRE) to 'IP_IF_I/AXIS_FORK2_I/FIFO_M0_I/REG_G.mem_array_reg[0][42]'
INFO: [Synth 8-3886] merging instance 'IP_IF_I/AXIS_FORK2_I/FIFO_M0_I/REG_G.mem_array_reg[1][39]' (FDRE) to 'IP_IF_I/AXIS_FORK2_I/FIFO_M0_I/REG_G.mem_array_reg[1][40]'
INFO: [Synth 8-3886] merging instance 'IP_IF_I/AXIS_FORK2_I/FIFO_M0_I/REG_G.mem_array_reg[0][39]' (FDRE) to 'IP_IF_I/AXIS_FORK2_I/FIFO_M0_I/REG_G.mem_array_reg[0][42]'
INFO: [Synth 8-3886] merging instance 'IP_IF_I/AXIS_FORK2_I/FIFO_M0_I/REG_G.mem_array_reg[1][40]' (FDRE) to 'IP_IF_I/AXIS_FORK2_I/FIFO_M0_I/REG_G.mem_array_reg[1][41]'
INFO: [Synth 8-3886] merging instance 'IP_IF_I/AXIS_FORK2_I/FIFO_M0_I/REG_G.mem_array_reg[0][40]' (FDRE) to 'IP_IF_I/AXIS_FORK2_I/FIFO_M0_I/REG_G.mem_array_reg[0][42]'
INFO: [Synth 8-3886] merging instance 'IP_IF_I/AXIS_FORK2_I/FIFO_M0_I/REG_G.mem_array_reg[1][41]' (FDRE) to 'IP_IF_I/AXIS_FORK2_I/FIFO_M0_I/REG_G.mem_array_reg[1][42]'
INFO: [Synth 8-3886] merging instance 'IP_IF_I/AXIS_FORK2_I/FIFO_M0_I/REG_G.mem_array_reg[0][41]' (FDRE) to 'IP_IF_I/AXIS_FORK2_I/FIFO_M0_I/REG_G.mem_array_reg[0][42]'
INFO: [Synth 8-3333] propagating constant 0 across sequential element (\IP_IF_I/AXIS_FORK2_I/FIFO_M0_I/REG_G.mem_array_reg[1][42] )
INFO: [Synth 8-3333] propagating constant 0 across sequential element (\IP_IF_I/AXIS_FORK2_I/FIFO_M0_I/REG_G.mem_array_reg[0][42] )
INFO: [Synth 8-3886] merging instance 'AXI_LITE_IF_I/ldpc_la_table_rd_ack_pipe_reg[0]' (FDR) to 'AXI_LITE_IF_I/lam_axi_rden_reg[0]'
INFO: [Synth 8-3886] merging instance 'AXI_LITE_IF_I/XYM1_G.SDP_RAM_XYM_I/ECC_G.PIPE_REG_WADDR_I/REG_G.q_reg[7]' (FDR) to 'AXI_LITE_IF_I/XYM1_G.SDP_RAM_XYM_I/ECC_G.PIPE_REG_WADDR_I/REG_G.q_reg[8]'
INFO: [Synth 8-3333] propagating constant 0 across sequential element (AXI_LITE_IF_I/\XYM1_G.SDP_RAM_XYM_I /\ECC_G.PIPE_REG_WADDR_I/REG_G.q_reg[8] )
INFO: [Synth 8-3886] merging instance 'AXI_LITE_IF_I/xym_core_rden_pipe_reg[0][1]' (FDR) to 'AXI_LITE_IF_I/xym_core_rden_pipe_reg[0][0]'
INFO: [Synth 8-3886] merging instance 'AXI_LITE_IF_I/XYM2_G.SDP_RAM_XYM_I/ECC_G.PIPE_REG_WADDR_I/REG_G.q_reg[7]' (FDR) to 'AXI_LITE_IF_I/XYM2_G.SDP_RAM_XYM_I/ECC_G.PIPE_REG_WADDR_I/REG_G.q_reg[8]'
INFO: [Synth 8-3333] propagating constant 0 across sequential element (AXI_LITE_IF_I/\XYM2_G.SDP_RAM_XYM_I /\ECC_G.PIPE_REG_WADDR_I/REG_G.q_reg[8] )
INFO: [Synth 8-3886] merging instance 'AXI_LITE_IF_I/xym_core_rden_pipe_reg[0][2]' (FDR) to 'AXI_LITE_IF_I/xym_core_rden_pipe_reg[0][3]'
INFO: [Synth 8-3886] merging instance 'AXI_LITE_IF_I/XYM3_G.SDP_RAM_XYM_I/ECC_G.PIPE_REG_WADDR_I/REG_G.q_reg[7]' (FDR) to 'AXI_LITE_IF_I/XYM3_G.SDP_RAM_XYM_I/ECC_G.PIPE_REG_WADDR_I/REG_G.q_reg[8]'
INFO: [Synth 8-3333] propagating constant 0 across sequential element (AXI_LITE_IF_I/\XYM3_G.SDP_RAM_XYM_I /\ECC_G.PIPE_REG_WADDR_I/REG_G.q_reg[8] )
INFO: [Synth 8-3886] merging instance 'AXI_LITE_IF_I/XYM0_G.SDP_RAM_XYM_I/ECC_G.PIPE_REG_WADDR_I/REG_G.q_reg[7]' (FDR) to 'AXI_LITE_IF_I/XYM0_G.SDP_RAM_XYM_I/ECC_G.PIPE_REG_WADDR_I/REG_G.q_reg[8]'
INFO: [Synth 8-3333] propagating constant 0 across sequential element (AXI_LITE_IF_I/\XYM0_G.SDP_RAM_XYM_I /\ECC_G.PIPE_REG_WADDR_I/REG_G.q_reg[8] )
INFO: [Synth 8-3886] merging instance 'AXI_LITE_IF_I/xym_core_raddr_reg[0][7]' (FDE) to 'AXI_LITE_IF_I/xym_core_raddr_reg[0][8]'
INFO: [Synth 8-3333] propagating constant 0 across sequential element (AXI_LITE_IF_I/\xym_core_raddr_reg[0][8] )
INFO: [Synth 8-3886] merging instance 'AXI_LITE_IF_I/xym_core_rden_pipe_reg[1][3]' (FDR) to 'AXI_LITE_IF_I/xym_core_rden_pipe_reg[1][2]'
INFO: [Synth 8-3886] merging instance 'IP_IF_I/GEARBOX_I/E0_FF_G.wr_data_pt_aligned_e1_reg[240]' (FDE) to 'IP_IF_I/GEARBOX_I/E0_FF_G.wr_data_pt_aligned_e1_reg[496]'
INFO: [Synth 8-3886] merging instance 'IP_IF_I/GEARBOX_I/E0_FF_G.wr_data_pt_aligned_e1_reg[176]' (FDE) to 'IP_IF_I/GEARBOX_I/E0_FF_G.wr_data_pt_aligned_e1_reg[432]'
INFO: [Synth 8-3886] merging instance 'IP_IF_I/GEARBOX_I/E0_FF_G.wr_data_pt_aligned_e1_reg[208]' (FDE) to 'IP_IF_I/GEARBOX_I/E0_FF_G.wr_data_pt_aligned_e1_reg[464]'
INFO: [Synth 8-3886] merging instance 'IP_IF_I/GEARBOX_I/E0_FF_G.wr_data_pt_aligned_e1_reg[144]' (FDE) to 'IP_IF_I/GEARBOX_I/E0_FF_G.wr_data_pt_aligned_e1_reg[400]'
INFO: [Synth 8-3886] merging instance 'IP_IF_I/GEARBOX_I/E0_FF_G.wr_data_pt_aligned_e1_reg[224]' (FDE) to 'IP_IF_I/GEARBOX_I/E0_FF_G.wr_data_pt_aligned_e1_reg[480]'
INFO: [Synth 8-3886] merging instance 'IP_IF_I/GEARBOX_I/E0_FF_G.wr_data_pt_aligned_e1_reg[160]' (FDE) to 'IP_IF_I/GEARBOX_I/E0_FF_G.wr_data_pt_aligned_e1_reg[416]'
INFO: [Synth 8-3886] merging instance 'IP_IF_I/GEARBOX_I/E0_FF_G.wr_data_pt_aligned_e1_reg[192]' (FDE) to 'IP_IF_I/GEARBOX_I/E0_FF_G.wr_data_pt_aligned_e1_reg[448]'
INFO: [Synth 8-3886] merging instance 'IP_IF_I/GEARBOX_I/E0_FF_G.wr_data_pt_aligned_e1_reg[128]' (FDE) to 'IP_IF_I/GEARBOX_I/E0_FF_G.wr_data_pt_aligned_e1_reg[384]'
INFO: [Synth 8-3886] merging instance 'IP_IF_I/GEARBOX_I/E0_FF_G.wr_data_pt_aligned_e1_reg[232]' (FDE) to 'IP_IF_I/GEARBOX_I/E0_FF_G.wr_data_pt_aligned_e1_reg[488]'
INFO: [Synth 8-3886] merging instance 'IP_IF_I/GEARBOX_I/E0_FF_G.wr_data_pt_aligned_e1_reg[168]' (FDE) to 'IP_IF_I/GEARBOX_I/E0_FF_G.wr_data_pt_aligned_e1_reg[424]'
INFO: [Synth 8-3886] merging instance 'IP_IF_I/GEARBOX_I/E0_FF_G.wr_data_pt_aligned_e1_reg[200]' (FDE) to 'IP_IF_I/GEARBOX_I/E0_FF_G.wr_data_pt_aligned_e1_reg[456]'
INFO: [Synth 8-3886] merging instance 'IP_IF_I/GEARBOX_I/E0_FF_G.wr_data_pt_aligned_e1_reg[136]' (FDE) to 'IP_IF_I/GEARBOX_I/E0_FF_G.wr_data_pt_aligned_e1_reg[392]'
INFO: [Synth 8-3886] merging instance 'IP_IF_I/GEARBOX_I/E0_FF_G.wr_data_pt_aligned_e1_reg[216]' (FDE) to 'IP_IF_I/GEARBOX_I/E0_FF_G.wr_data_pt_aligned_e1_reg[472]'
INFO: [Synth 8-3886] merging instance 'IP_IF_I/GEARBOX_I/E0_FF_G.wr_data_pt_aligned_e1_reg[152]' (FDE) to 'IP_IF_I/GEARBOX_I/E0_FF_G.wr_data_pt_aligned_e1_reg[408]'
INFO: [Synth 8-3886] merging instance 'IP_IF_I/GEARBOX_I/E0_FF_G.wr_data_pt_aligned_e1_reg[184]' (FDE) to 'IP_IF_I/GEARBOX_I/E0_FF_G.wr_data_pt_aligned_e1_reg[440]'
INFO: [Synth 8-3886] merging instance 'IP_IF_I/GEARBOX_I/E0_FF_G.wr_data_pt_aligned_e1_reg[504]' (FDE) to 'IP_IF_I/GEARBOX_I/E0_FF_G.wr_data_pt_aligned_e1_reg[248]'
INFO: [Synth 8-3886] merging instance 'IP_IF_I/GEARBOX_I/E0_FF_G.wr_data_pt_aligned_e1_reg[248]' (FDE) to 'IP_IF_I/GEARBOX_I/E0_FF_G.wr_data_pt_aligned_e1_reg[249]'
INFO: [Synth 8-3886] merging instance 'IP_IF_I/GEARBOX_I/E0_FF_G.wr_data_pt_aligned_e1_reg[241]' (FDE) to 'IP_IF_I/GEARBOX_I/E0_FF_G.wr_data_pt_aligned_e1_reg[497]'
INFO: [Synth 8-3886] merging instance 'IP_IF_I/GEARBOX_I/E0_FF_G.wr_data_pt_aligned_e1_reg[177]' (FDE) to 'IP_IF_I/GEARBOX_I/E0_FF_G.wr_data_pt_aligned_e1_reg[433]'
INFO: [Synth 8-3886] merging instance 'IP_IF_I/GEARBOX_I/E0_FF_G.wr_data_pt_aligned_e1_reg[209]' (FDE) to 'IP_IF_I/GEARBOX_I/E0_FF_G.wr_data_pt_aligned_e1_reg[465]'
INFO: [Synth 8-3886] merging instance 'IP_IF_I/GEARBOX_I/E0_FF_G.wr_data_pt_aligned_e1_reg[145]' (FDE) to 'IP_IF_I/GEARBOX_I/E0_FF_G.wr_data_pt_aligned_e1_reg[401]'
INFO: [Synth 8-3886] merging instance 'IP_IF_I/GEARBOX_I/E0_FF_G.wr_data_pt_aligned_e1_reg[225]' (FDE) to 'IP_IF_I/GEARBOX_I/E0_FF_G.wr_data_pt_aligned_e1_reg[481]'
INFO: [Synth 8-3886] merging instance 'IP_IF_I/GEARBOX_I/E0_FF_G.wr_data_pt_aligned_e1_reg[161]' (FDE) to 'IP_IF_I/GEARBOX_I/E0_FF_G.wr_data_pt_aligned_e1_reg[417]'
INFO: [Synth 8-3886] merging instance 'IP_IF_I/GEARBOX_I/E0_FF_G.wr_data_pt_aligned_e1_reg[193]' (FDE) to 'IP_IF_I/GEARBOX_I/E0_FF_G.wr_data_pt_aligned_e1_reg[449]'
INFO: [Synth 8-3886] merging instance 'IP_IF_I/GEARBOX_I/E0_FF_G.wr_data_pt_aligned_e1_reg[129]' (FDE) to 'IP_IF_I/GEARBOX_I/E0_FF_G.wr_data_pt_aligned_e1_reg[385]'
INFO: [Synth 8-3886] merging instance 'IP_IF_I/GEARBOX_I/E0_FF_G.wr_data_pt_aligned_e1_reg[233]' (FDE) to 'IP_IF_I/GEARBOX_I/E0_FF_G.wr_data_pt_aligned_e1_reg[489]'
INFO: [Synth 8-3886] merging instance 'IP_IF_I/GEARBOX_I/E0_FF_G.wr_data_pt_aligned_e1_reg[169]' (FDE) to 'IP_IF_I/GEARBOX_I/E0_FF_G.wr_data_pt_aligned_e1_reg[425]'
INFO: [Synth 8-3886] merging instance 'IP_IF_I/GEARBOX_I/E0_FF_G.wr_data_pt_aligned_e1_reg[201]' (FDE) to 'IP_IF_I/GEARBOX_I/E0_FF_G.wr_data_pt_aligned_e1_reg[457]'
INFO: [Synth 8-3886] merging instance 'IP_IF_I/GEARBOX_I/E0_FF_G.wr_data_pt_aligned_e1_reg[137]' (FDE) to 'IP_IF_I/GEARBOX_I/E0_FF_G.wr_data_pt_aligned_e1_reg[393]'
INFO: [Synth 8-3886] merging instance 'IP_IF_I/GEARBOX_I/E0_FF_G.wr_data_pt_aligned_e1_reg[217]' (FDE) to 'IP_IF_I/GEARBOX_I/E0_FF_G.wr_data_pt_aligned_e1_reg[473]'
INFO: [Synth 8-3886] merging instance 'IP_IF_I/GEARBOX_I/E0_FF_G.wr_data_pt_aligned_e1_reg[153]' (FDE) to 'IP_IF_I/GEARBOX_I/E0_FF_G.wr_data_pt_aligned_e1_reg[409]'
INFO: [Synth 8-3886] merging instance 'IP_IF_I/GEARBOX_I/E0_FF_G.wr_data_pt_aligned_e1_reg[185]' (FDE) to 'IP_IF_I/GEARBOX_I/E0_FF_G.wr_data_pt_aligned_e1_reg[441]'
INFO: [Synth 8-3886] merging instance 'IP_IF_I/GEARBOX_I/E0_FF_G.wr_data_pt_aligned_e1_reg[505]' (FDE) to 'IP_IF_I/GEARBOX_I/E0_FF_G.wr_data_pt_aligned_e1_reg[249]'
INFO: [Synth 8-3886] merging instance 'IP_IF_I/GEARBOX_I/E0_FF_G.wr_data_pt_aligned_e1_reg[249]' (FDE) to 'IP_IF_I/GEARBOX_I/E0_FF_G.wr_data_pt_aligned_e1_reg[250]'
INFO: [Synth 8-3886] merging instance 'IP_IF_I/GEARBOX_I/E0_FF_G.wr_data_pt_aligned_e1_reg[242]' (FDE) to 'IP_IF_I/GEARBOX_I/E0_FF_G.wr_data_pt_aligned_e1_reg[498]'
INFO: [Synth 8-3886] merging instance 'IP_IF_I/GEARBOX_I/E0_FF_G.wr_data_pt_aligned_e1_reg[178]' (FDE) to 'IP_IF_I/GEARBOX_I/E0_FF_G.wr_data_pt_aligned_e1_reg[434]'
INFO: [Synth 8-3886] merging instance 'IP_IF_I/GEARBOX_I/E0_FF_G.wr_data_pt_aligned_e1_reg[210]' (FDE) to 'IP_IF_I/GEARBOX_I/E0_FF_G.wr_data_pt_aligned_e1_reg[466]'
INFO: [Synth 8-3886] merging instance 'IP_IF_I/GEARBOX_I/E0_FF_G.wr_data_pt_aligned_e1_reg[146]' (FDE) to 'IP_IF_I/GEARBOX_I/E0_FF_G.wr_data_pt_aligned_e1_reg[402]'
INFO: [Synth 8-3886] merging instance 'IP_IF_I/GEARBOX_I/E0_FF_G.wr_data_pt_aligned_e1_reg[226]' (FDE) to 'IP_IF_I/GEARBOX_I/E0_FF_G.wr_data_pt_aligned_e1_reg[482]'
INFO: [Synth 8-3886] merging instance 'IP_IF_I/GEARBOX_I/E0_FF_G.wr_data_pt_aligned_e1_reg[162]' (FDE) to 'IP_IF_I/GEARBOX_I/E0_FF_G.wr_data_pt_aligned_e1_reg[418]'
INFO: [Synth 8-3886] merging instance 'IP_IF_I/GEARBOX_I/E0_FF_G.wr_data_pt_aligned_e1_reg[194]' (FDE) to 'IP_IF_I/GEARBOX_I/E0_FF_G.wr_data_pt_aligned_e1_reg[450]'
INFO: [Synth 8-3886] merging instance 'IP_IF_I/GEARBOX_I/E0_FF_G.wr_data_pt_aligned_e1_reg[130]' (FDE) to 'IP_IF_I/GEARBOX_I/E0_FF_G.wr_data_pt_aligned_e1_reg[386]'
INFO: [Synth 8-3886] merging instance 'IP_IF_I/GEARBOX_I/E0_FF_G.wr_data_pt_aligned_e1_reg[234]' (FDE) to 'IP_IF_I/GEARBOX_I/E0_FF_G.wr_data_pt_aligned_e1_reg[490]'
INFO: [Synth 8-3886] merging instance 'IP_IF_I/GEARBOX_I/E0_FF_G.wr_data_pt_aligned_e1_reg[170]' (FDE) to 'IP_IF_I/GEARBOX_I/E0_FF_G.wr_data_pt_aligned_e1_reg[426]'
INFO: [Synth 8-3886] merging instance 'IP_IF_I/GEARBOX_I/E0_FF_G.wr_data_pt_aligned_e1_reg[202]' (FDE) to 'IP_IF_I/GEARBOX_I/E0_FF_G.wr_data_pt_aligned_e1_reg[458]'
INFO: [Synth 8-3886] merging instance 'IP_IF_I/GEARBOX_I/E0_FF_G.wr_data_pt_aligned_e1_reg[138]' (FDE) to 'IP_IF_I/GEARBOX_I/E0_FF_G.wr_data_pt_aligned_e1_reg[394]'
INFO: [Synth 8-3886] merging instance 'IP_IF_I/GEARBOX_I/E0_FF_G.wr_data_pt_aligned_e1_reg[218]' (FDE) to 'IP_IF_I/GEARBOX_I/E0_FF_G.wr_data_pt_aligned_e1_reg[474]'
INFO: [Synth 8-3886] merging instance 'IP_IF_I/GEARBOX_I/E0_FF_G.wr_data_pt_aligned_e1_reg[154]' (FDE) to 'IP_IF_I/GEARBOX_I/E0_FF_G.wr_data_pt_aligned_e1_reg[410]'
INFO: [Synth 8-3886] merging instance 'IP_IF_I/GEARBOX_I/E0_FF_G.wr_data_pt_aligned_e1_reg[186]' (FDE) to 'IP_IF_I/GEARBOX_I/E0_FF_G.wr_data_pt_aligned_e1_reg[442]'
INFO: [Synth 8-3886] merging instance 'IP_IF_I/GEARBOX_I/E0_FF_G.wr_data_pt_aligned_e1_reg[506]' (FDE) to 'IP_IF_I/GEARBOX_I/E0_FF_G.wr_data_pt_aligned_e1_reg[250]'
INFO: [Synth 8-3886] merging instance 'IP_IF_I/GEARBOX_I/E0_FF_G.wr_data_pt_aligned_e1_reg[250]' (FDE) to 'IP_IF_I/GEARBOX_I/E0_FF_G.wr_data_pt_aligned_e1_reg[251]'
INFO: [Synth 8-3886] merging instance 'IP_IF_I/GEARBOX_I/E0_FF_G.wr_data_pt_aligned_e1_reg[243]' (FDE) to 'IP_IF_I/GEARBOX_I/E0_FF_G.wr_data_pt_aligned_e1_reg[499]'
INFO: [Synth 8-3886] merging instance 'IP_IF_I/GEARBOX_I/E0_FF_G.wr_data_pt_aligned_e1_reg[179]' (FDE) to 'IP_IF_I/GEARBOX_I/E0_FF_G.wr_data_pt_aligned_e1_reg[435]'
INFO: [Synth 8-3886] merging instance 'IP_IF_I/GEARBOX_I/E0_FF_G.wr_data_pt_aligned_e1_reg[211]' (FDE) to 'IP_IF_I/GEARBOX_I/E0_FF_G.wr_data_pt_aligned_e1_reg[467]'
INFO: [Synth 8-3886] merging instance 'IP_IF_I/GEARBOX_I/E0_FF_G.wr_data_pt_aligned_e1_reg[147]' (FDE) to 'IP_IF_I/GEARBOX_I/E0_FF_G.wr_data_pt_aligned_e1_reg[403]'
INFO: [Synth 8-3886] merging instance 'IP_IF_I/GEARBOX_I/E0_FF_G.wr_data_pt_aligned_e1_reg[227]' (FDE) to 'IP_IF_I/GEARBOX_I/E0_FF_G.wr_data_pt_aligned_e1_reg[483]'
INFO: [Common 17-14] Message 'Synth 8-3886' appears 100 times and further instances of the messages will be disabled. Use the Tcl command set_msg_config to change the current settings.
INFO: [Synth 8-3333] propagating constant 0 across sequential element (\IP_IF_I/GEARBOX_I /\E0_FF_G.wr_mask_pt_aligned_e1_reg[31] )
INFO: [Synth 8-3333] propagating constant 0 across sequential element (i_0/\IP_IF_I/IP_ADDR_GEN_I/count_ld_reg[base][1] )
INFO: [Synth 8-3333] propagating constant 0 across sequential element (i_0/\IP_IF_I/IP_ADDR_GEN_I/count_ld_reg[base][0] )
INFO: [Synth 8-3333] propagating constant 0 across sequential element (\IP_IF_I/FIFO_I/REG_G.mem_array_reg[1][0] )
INFO: [Synth 8-3333] propagating constant 0 across sequential element (\IP_IF_I/FIFO_I/REG_G.mem_array_reg[0][0] )
INFO: [Synth 8-3333] propagating constant 0 across sequential element (AXI_LITE_IF_I/SDP_RAM_2RO_LAM_I/\ECC_G.ECC_ENCODE_I/hsiao_ecc_enc_gen.hsiao_enc_inst/enc_pipe_reg_stage_inst/data_out_reg[20] )
INFO: [Synth 8-3333] propagating constant 0 across sequential element (AXI_LITE_IF_I/MB_MEM_QCM_I/\BANK_3_G.SDP_RAM_I/ECC_G.ECC_ENCODE_I/hsiao_ecc_enc_gen.hsiao_enc_inst/enc_pipe_reg_stage_inst/data_out_reg[20] )
INFO: [Synth 8-3333] propagating constant 0 across sequential element (AXI_LITE_IF_I/MB_MEM_QCM_I/\BANK_3_G.SDP_RAM_I/ECC_G.PIPE_REG_WADDR_I/REG_G.q_reg[11] )
INFO: [Synth 8-3333] propagating constant 0 across sequential element (AXI_LITE_IF_I/\XYM1_G.SDP_RAM_XYM_I /\ECC_G.ECC_DECODE_I/hsiao_ecc_dec_gen.hsiao_dec_inst/dec_pipe_reg_stage_inst/data_out_reg[26] )
INFO: [Synth 8-3333] propagating constant 0 across sequential element (AXI_LITE_IF_I/\XYM2_G.SDP_RAM_XYM_I /\ECC_G.ECC_DECODE_I/hsiao_ecc_dec_gen.hsiao_dec_inst/dec_pipe_reg_stage_inst/data_out_reg[31] )
INFO: [Synth 8-3333] propagating constant 0 across sequential element (AXI_LITE_IF_I/\XYM3_G.SDP_RAM_XYM_I /\ECC_G.ECC_DECODE_I/hsiao_ecc_dec_gen.hsiao_dec_inst/dec_pipe_reg_stage_inst/data_out_reg[34] )
INFO: [Synth 8-3333] propagating constant 0 across sequential element (AXI_LITE_IF_I/\XYM0_G.SDP_RAM_XYM_I /\ECC_G.ECC_DECODE_I/hsiao_ecc_dec_gen.hsiao_dec_inst/dec_pipe_reg_stage_inst/data_out_reg[38] )
INFO: [Synth 8-3333] propagating constant 0 across sequential element (AXI_LITE_IF_I/\SCM_LD_G.SDP_RAM_SCM_I /\ECC_G.ECC_DECODE_I/hsiao_ecc_dec_gen.hsiao_dec_inst/dec_pipe_reg_stage_inst/data_out_reg[22] )
INFO: [Synth 8-3333] propagating constant 0 across sequential element (\PARAM_I/AXIS_REG_I/m_axis_tdata_reg[max_dcm1_np_5g][4] )
INFO: [Synth 8-3333] propagating constant 0 across sequential element (AXI_LITE_IF_I/\OPC_LPM_G.SDP_RAM_LPM_I /\ECC_G.ECC_DECODE_I/hsiao_ecc_dec_gen.hsiao_dec_inst/dec_pipe_reg_stage_inst/data_out_reg[12] )
INFO: [Synth 8-3333] propagating constant 0 across sequential element (AXI_LITE_IF_I/SDP_RAM_2RO_LAM_I/\ECC_G.ECC_DECODE_1_I/hsiao_ecc_dec_gen.hsiao_dec_inst/dec_pipe_reg_stage_inst/data_out_reg[27] )
INFO: [Synth 8-3333] propagating constant 0 across sequential element (AXI_LITE_IF_I/SDP_RAM_2RO_LAM_I/\ECC_G.ECC_DECODE_0_I/hsiao_ecc_dec_gen.hsiao_dec_inst/dec_pipe_reg_stage_inst/data_out_reg[27] )
INFO: [Synth 8-3333] propagating constant 0 across sequential element (AXI_LITE_IF_I/MB_MEM_QCM_I/\BANK_0_G.SDP_RAM_I/ECC_G.ECC_DECODE_I/hsiao_ecc_dec_gen.hsiao_dec_inst/dec_pipe_reg_stage_inst/data_out_reg[27] )
INFO: [Synth 8-3333] propagating constant 0 across sequential element (AXI_LITE_IF_I/MB_MEM_QCM_I/\BANK_1_G.SDP_RAM_I/ECC_G.ECC_DECODE_I/hsiao_ecc_dec_gen.hsiao_dec_inst/dec_pipe_reg_stage_inst/data_out_reg[27] )
INFO: [Synth 8-3333] propagating constant 0 across sequential element (AXI_LITE_IF_I/MB_MEM_QCM_I/\BANK_2_G.SDP_RAM_I/ECC_G.ECC_DECODE_I/hsiao_ecc_dec_gen.hsiao_dec_inst/dec_pipe_reg_stage_inst/data_out_reg[27] )
INFO: [Synth 8-3333] propagating constant 0 across sequential element (AXI_LITE_IF_I/MB_MEM_QCM_I/\BANK_3_G.SDP_RAM_I/ECC_G.ECC_DECODE_I/hsiao_ecc_dec_gen.hsiao_dec_inst/dec_pipe_reg_stage_inst/data_out_reg[27] )
INFO: [Synth 8-3333] propagating constant 0 across sequential element (AXI_LITE_IF_I/\NON_5G_G.REG_DECODE_RD_I /\reg_rdata_reg[31] )
INFO: [Synth 8-3333] propagating constant 0 across sequential element (\IP_IF_I/IP_ADDR_GEN_I/SIZE_REG_I/m_axis_tdata_reg[code][20] )
INFO: [Synth 8-3333] propagating constant 0 across sequential element (\IP_IF_I/GEARBOX_I /GEARBOX_CTRL_I/\E3_FF_G.m_axis_dout_tuser_reg[hard] )
INFO: [Synth 8-3333] propagating constant 0 across sequential element (\IP_IF_I/iom_whard_reg )
INFO: [Synth 8-3332] Sequential element (FSM_onehot_state_reg[0]) is unused and will be removed from module ldpc_v2_0_11_reg_decode_rd.
