xilinx rtfpga
rt::do_reinfer_area_combined 1
WARNING: [Synth 8-7129] Port ctrl_i6[en] in module ldpc_v2_0_11_ld_find_mins_cmd is either unconnected or has no load
WARNING: [Synth 8-7129] Port ctrl_i6[cw][1] in module ldpc_v2_0_11_ld_find_mins_cmd is either unconnected or has no load
WARNING: [Synth 8-7129] Port ctrl_i6[cw][0] in module ldpc_v2_0_11_ld_find_mins_cmd is either unconnected or has no load
WARNING: [Synth 8-7129] Port ctrl_i6[f][mv_last] in module ldpc_v2_0_11_ld_find_mins_cmd is either unconnected or has no load
WARNING: [Synth 8-7129] Port ctrl_i6[f][mv_first] in module ldpc_v2_0_11_ld_find_mins_cmd is either unconnected or has no load
WARNING: [Synth 8-7129] Port ctrl_i6[f][sm_last] in module ldpc_v2_0_11_ld_find_mins_cmd is either unconnected or has no load
WARNING: [Synth 8-7129] Port ctrl_i6[f][sm_first] in module ldpc_v2_0_11_ld_find_mins_cmd is either unconnected or has no load
WARNING: [Synth 8-7129] Port ctrl_i6[f][stalling] in module ldpc_v2_0_11_ld_find_mins_cmd is either unconnected or has no load
WARNING: [Synth 8-7129] Port ctrl_i6[f][la_last] in module ldpc_v2_0_11_ld_find_mins_cmd is either unconnected or has no load
WARNING: [Synth 8-7129] Port ctrl_i6[f][la_first] in module ldpc_v2_0_11_ld_find_mins_cmd is either unconnected or has no load
WARNING: [Synth 8-7129] Port ctrl_i6[f][it_last] in module ldpc_v2_0_11_ld_find_mins_cmd is either unconnected or has no load
WARNING: [Synth 8-7129] Port ctrl_i6[f][it_first] in module ldpc_v2_0_11_ld_find_mins_cmd is either unconnected or has no load
WARNING: [Synth 8-7129] Port ctrl_i6[f][last_cy_of_dec] in module ldpc_v2_0_11_ld_find_mins_cmd is either unconnected or has no load
WARNING: [Synth 8-7129] Port ctrl_i6[f][early_last_cy_of_dec] in module ldpc_v2_0_11_ld_find_mins_cmd is either unconnected or has no load
WARNING: [Synth 8-7129] Port ctrl_i6[f][early_layer_end] in module ldpc_v2_0_11_ld_find_mins_cmd is either unconnected or has no load
WARNING: [Synth 8-7129] Port ctrl_i6[f][layer_end] in module ldpc_v2_0_11_ld_find_mins_cmd is either unconnected or has no load
WARNING: [Synth 8-7129] Port ctrl_i6[f][layer_start] in module ldpc_v2_0_11_ld_find_mins_cmd is either unconnected or has no load
WARNING: [Synth 8-7129] Port ctrl_i6[c][mv][1] in module ldpc_v2_0_11_ld_find_mins_cmd is either unconnected or has no load
WARNING: [Synth 8-7129] Port ctrl_i6[c][mv][0] in module ldpc_v2_0_11_ld_find_mins_cmd is either unconnected or has no load
WARNING: [Synth 8-7129] Port ctrl_i6[c][bv][0] in module ldpc_v2_0_11_ld_find_mins_cmd is either unconnected or has no load
WARNING: [Synth 8-7129] Port ctrl_i6[c][sm][6] in module ldpc_v2_0_11_ld_find_mins_cmd is either unconnected or has no load
WARNING: [Synth 8-7129] Port ctrl_i6[c][sm][5] in module ldpc_v2_0_11_ld_find_mins_cmd is either unconnected or has no load
WARNING: [Synth 8-7129] Port ctrl_i6[c][sm][4] in module ldpc_v2_0_11_ld_find_mins_cmd is either unconnected or has no load
WARNING: [Synth 8-7129] Port ctrl_i6[c][sm][3] in module ldpc_v2_0_11_ld_find_mins_cmd is either unconnected or has no load
WARNING: [Synth 8-7129] Port ctrl_i6[c][sm][2] in module ldpc_v2_0_11_ld_find_mins_cmd is either unconnected or has no load
WARNING: [Synth 8-7129] Port ctrl_i6[c][sm][1] in module ldpc_v2_0_11_ld_find_mins_cmd is either unconnected or has no load
WARNING: [Synth 8-7129] Port ctrl_i6[c][sm][0] in module ldpc_v2_0_11_ld_find_mins_cmd is either unconnected or has no load
WARNING: [Synth 8-7129] Port ctrl_i6[c][st][9] in module ldpc_v2_0_11_ld_find_mins_cmd is either unconnected or has no load
WARNING: [Synth 8-7129] Port ctrl_i6[c][st][8] in module ldpc_v2_0_11_ld_find_mins_cmd is either unconnected or has no load
WARNING: [Synth 8-7129] Port ctrl_i6[c][st][7] in module ldpc_v2_0_11_ld_find_mins_cmd is either unconnected or has no load
WARNING: [Synth 8-7129] Port ctrl_i6[c][st][6] in module ldpc_v2_0_11_ld_find_mins_cmd is either unconnected or has no load
WARNING: [Synth 8-7129] Port ctrl_i6[c][st][5] in module ldpc_v2_0_11_ld_find_mins_cmd is either unconnected or has no load
WARNING: [Synth 8-7129] Port ctrl_i6[c][st][4] in module ldpc_v2_0_11_ld_find_mins_cmd is either unconnected or has no load
WARNING: [Synth 8-7129] Port ctrl_i6[c][st][3] in module ldpc_v2_0_11_ld_find_mins_cmd is either unconnected or has no load
WARNING: [Synth 8-7129] Port ctrl_i6[c][st][2] in module ldpc_v2_0_11_ld_find_mins_cmd is either unconnected or has no load
WARNING: [Synth 8-7129] Port ctrl_i6[c][st][1] in module ldpc_v2_0_11_ld_find_mins_cmd is either unconnected or has no load
WARNING: [Synth 8-7129] Port ctrl_i6[c][st][0] in module ldpc_v2_0_11_ld_find_mins_cmd is either unconnected or has no load
WARNING: [Synth 8-7129] Port ctrl_i6[c][early_signalled] in module ldpc_v2_0_11_ld_find_mins_cmd is either unconnected or has no load
WARNING: [Synth 8-7129] Port ctrl_i6[c][la][7] in module ldpc_v2_0_11_ld_find_mins_cmd is either unconnected or has no load
WARNING: [Synth 8-7129] Port ctrl_i6[c][la][6] in module ldpc_v2_0_11_ld_find_mins_cmd is either unconnected or has no load
WARNING: [Synth 8-7129] Port ctrl_i6[c][la][5] in module ldpc_v2_0_11_ld_find_mins_cmd is either unconnected or has no load
WARNING: [Synth 8-7129] Port ctrl_i6[c][la][4] in module ldpc_v2_0_11_ld_find_mins_cmd is either unconnected or has no load
WARNING: [Synth 8-7129] Port ctrl_i6[c][la][3] in module ldpc_v2_0_11_ld_find_mins_cmd is either unconnected or has no load
WARNING: [Synth 8-7129] Port ctrl_i6[c][la][2] in module ldpc_v2_0_11_ld_find_mins_cmd is either unconnected or has no load
WARNING: [Synth 8-7129] Port ctrl_i6[c][la][1] in module ldpc_v2_0_11_ld_find_mins_cmd is either unconnected or has no load
WARNING: [Synth 8-7129] Port ctrl_i6[c][la][0] in module ldpc_v2_0_11_ld_find_mins_cmd is either unconnected or has no load
WARNING: [Synth 8-7129] Port ctrl_i6[c][it][5] in module ldpc_v2_0_11_ld_find_mins_cmd is either unconnected or has no load
WARNING: [Synth 8-7129] Port ctrl_i6[c][it][4] in module ldpc_v2_0_11_ld_find_mins_cmd is either unconnected or has no load
WARNING: [Synth 8-7129] Port ctrl_i6[c][it][3] in module ldpc_v2_0_11_ld_find_mins_cmd is either unconnected or has no load
WARNING: [Synth 8-7129] Port ctrl_i6[c][it][2] in module ldpc_v2_0_11_ld_find_mins_cmd is either unconnected or has no load
WARNING: [Synth 8-7129] Port ctrl_i6[c][it][1] in module ldpc_v2_0_11_ld_find_mins_cmd is either unconnected or has no load
WARNING: [Synth 8-7129] Port ctrl_i6[c][it][0] in module ldpc_v2_0_11_ld_find_mins_cmd is either unconnected or has no load
WARNING: [Synth 8-7129] Port ctrl_i6[p][max_dcm1_np_5g][4] in module ldpc_v2_0_11_ld_find_mins_cmd is either unconnected or has no load
WARNING: [Synth 8-7129] Port ctrl_i6[p][max_dcm1_np_5g][3] in module ldpc_v2_0_11_ld_find_mins_cmd is either unconnected or has no load
WARNING: [Synth 8-7129] Port ctrl_i6[p][max_dcm1_np_5g][2] in module ldpc_v2_0_11_ld_find_mins_cmd is either unconnected or has no load
WARNING: [Synth 8-7129] Port ctrl_i6[p][max_dcm1_np_5g][1] in module ldpc_v2_0_11_ld_find_mins_cmd is either unconnected or has no load
WARNING: [Synth 8-7129] Port ctrl_i6[p][max_dcm1_np_5g][0] in module ldpc_v2_0_11_ld_find_mins_cmd is either unconnected or has no load
WARNING: [Synth 8-7129] Port ctrl_i6[p][code][20] in module ldpc_v2_0_11_ld_find_mins_cmd is either unconnected or has no load
WARNING: [Synth 8-7129] Port ctrl_i6[p][code][19] in module ldpc_v2_0_11_ld_find_mins_cmd is either unconnected or has no load
WARNING: [Synth 8-7129] Port ctrl_i6[p][code][18] in module ldpc_v2_0_11_ld_find_mins_cmd is either unconnected or has no load
WARNING: [Synth 8-7129] Port ctrl_i6[p][code][17] in module ldpc_v2_0_11_ld_find_mins_cmd is either unconnected or has no load
WARNING: [Synth 8-7129] Port ctrl_i6[p][code][16] in module ldpc_v2_0_11_ld_find_mins_cmd is either unconnected or has no load
WARNING: [Synth 8-7129] Port ctrl_i6[p][code][15] in module ldpc_v2_0_11_ld_find_mins_cmd is either unconnected or has no load
WARNING: [Synth 8-7129] Port ctrl_i6[p][code][14] in module ldpc_v2_0_11_ld_find_mins_cmd is either unconnected or has no load
WARNING: [Synth 8-7129] Port ctrl_i6[p][code][13] in module ldpc_v2_0_11_ld_find_mins_cmd is either unconnected or has no load
WARNING: [Synth 8-7129] Port ctrl_i6[p][code][12] in module ldpc_v2_0_11_ld_find_mins_cmd is either unconnected or has no load
WARNING: [Synth 8-7129] Port ctrl_i6[p][code][11] in module ldpc_v2_0_11_ld_find_mins_cmd is either unconnected or has no load
WARNING: [Synth 8-7129] Port ctrl_i6[p][code][10] in module ldpc_v2_0_11_ld_find_mins_cmd is either unconnected or has no load
WARNING: [Synth 8-7129] Port ctrl_i6[p][code][9] in module ldpc_v2_0_11_ld_find_mins_cmd is either unconnected or has no load
WARNING: [Synth 8-7129] Port ctrl_i6[p][code][8] in module ldpc_v2_0_11_ld_find_mins_cmd is either unconnected or has no load
INFO: [Common 17-14] Message 'Synth 8-7129' appears 100 times and further instances of the messages will be disabled. Use the Tcl command set_msg_config to change the current settings.
INFO: [Synth 8-3333] propagating constant 0 across sequential element (\LD_FIND_MINS_CMD_I/fm_ldpc_e2_reg[1][address][7] )
INFO: [Synth 8-3333] propagating constant 0 across sequential element (\LD_FIND_MINS_CMD_I/fm_ldpc_e2_reg[2][address][6] )
INFO: [Synth 8-3333] propagating constant 0 across sequential element (\LD_FIND_MINS_CMD_I/fm_ldpc_reg[3][1][address][7] )
INFO: [Synth 8-3333] propagating constant 0 across sequential element (\LD_FIND_MINS_CMD_I/fm_ldpc_reg[3][2][address][6] )
INFO: [Synth 8-3333] propagating constant 0 across sequential element (\LD_FIND_MINS_CMD_I/fm_ldpc_reg[3][2][address][7] )
INFO: [Synth 8-3333] propagating constant 0 across sequential element (\LD_FIND_MINS_CMD_I/fm_ldpc_reg[3][3][address][6] )
INFO: [Synth 8-3333] propagating constant 0 across sequential element (\LD_FIND_MINS_CMD_I/fm_ldpc_reg[3][3][address][7] )
INFO: [Synth 8-3333] propagating constant 0 across sequential element (\LD_FIND_MINS_CMD_I/VAR_DEL_MV_C_ROTS_I/data_out_reg[3][address][6] )
INFO: [Synth 8-3333] propagating constant 0 across sequential element (\LD_FIND_MINS_CMD_I/fm_ldpc_reg[4][1][address][7] )
INFO: [Synth 8-3333] propagating constant 0 across sequential element (\LD_FIND_MINS_CMD_I/fm_ldpc_reg[4][2][address][6] )
INFO: [Synth 8-3333] propagating constant 0 across sequential element (\LD_FIND_MINS_CMD_I/fm_ldpc_reg[4][2][address][7] )
INFO: [Synth 8-3333] propagating constant 0 across sequential element (\LD_FIND_MINS_CMD_I/fm_ldpc_reg[4][3][address][6] )
INFO: [Synth 8-3333] propagating constant 0 across sequential element (\LD_FIND_MINS_CMD_I/fm_ldpc_reg[4][3][address][7] )
INFO: [Synth 8-3333] propagating constant 0 across sequential element (\LD_FIND_MINS_CMD_I/p_11_out[-1111111104] )
INFO: [Synth 8-3333] propagating constant 0 across sequential element (\LD_FIND_MINS_CMD_I/p_13_out[-1111111104] )
INFO: [Synth 8-3333] propagating constant 0 across sequential element (\LD_FIND_MINS_CMD_I/p_13_out[-1111111105] )
INFO: [Synth 8-3333] propagating constant 0 across sequential element (\LD_FIND_MINS_CMD_I/p_15_out[-1111111104] )
INFO: [Synth 8-3333] propagating constant 0 across sequential element (\LD_FIND_MINS_CMD_I/p_15_out[-1111111105] )
INFO: [Synth 8-3333] propagating constant 0 across sequential element (\LD_FIND_MINS_CMD_I/qm_wdata_reg[26] )
INFO: [Synth 8-3333] propagating constant 0 across sequential element (\LD_FIND_MINS_CMD_I/qm_wdata_reg[44] )
INFO: [Synth 8-3333] propagating constant 0 across sequential element (\LD_FIND_MINS_CMD_I/qm_wdata_reg[45] )
INFO: [Synth 8-3333] propagating constant 0 across sequential element (\LD_FIND_MINS_CMD_I/qm_wdata_reg[63] )
INFO: [Synth 8-3333] propagating constant 0 across sequential element (\LD_FIND_MINS_CMD_I/qm_wdata_reg[64] )
INFO: [Synth 8-3333] propagating constant 0 across sequential element (\LD_FIND_MINS_CMD_I/fm_ldpc2_reg[6][1][address][7] )
INFO: [Synth 8-3333] propagating constant 0 across sequential element (\LD_FIND_MINS_CMD_I/fm_ldpc2_reg[6][2][address][7] )
INFO: [Synth 8-3333] propagating constant 0 across sequential element (\LD_FIND_MINS_CMD_I/fm_ldpc2_reg[6][2][address][6] )
INFO: [Synth 8-3333] propagating constant 0 across sequential element (\LD_FIND_MINS_CMD_I/fm_ldpc2_reg[6][3][address][7] )
INFO: [Synth 8-3333] propagating constant 0 across sequential element (\LD_FIND_MINS_CMD_I/fm_ldpc2_reg[6][3][address][6] )
