xilinx rtfpga
rt::do_reinfer_area_combined 1
INFO: [Synth 8-4471] merging register 'LD_UPDATE_I/LD_UPDATE_CTRL_I/inner_count_id_reg[mv][1:0]' into 'LD_UPDATE_I/LD_UPDATE_CTRL_I/inner_count_id_reg[mv][1:0]' [c:/Users/arty/Documents/GitHub/LDPC/ip_core/ip_core.gen/sources_1/ip/ldpc_0/hdl/ldpc_v2_0_rfs.sv:12653]
INFO: [Synth 8-4471] merging register 'LD_UPDATE_I/LD_UPDATE_CMD_I/sm_waddr_add_precomp_e3_reg[0][8:0]' into 'LD_UPDATE_I/LD_UPDATE_CMD_I/sm_waddr_add_precomp_e3_reg[0][8:0]' [c:/Users/arty/Documents/GitHub/LDPC/ip_core/ip_core.gen/sources_1/ip/ldpc_0/hdl/ldpc_v2_0_rfs.sv:12221]
INFO: [Synth 8-4471] merging register 'LD_UPDATE_I/LD_UPDATE_CMD_I/sm_waddr_add_precomp_e3_reg[0][8:0]' into 'LD_UPDATE_I/LD_UPDATE_CMD_I/sm_waddr_add_precomp_e3_reg[0][8:0]' [c:/Users/arty/Documents/GitHub/LDPC/ip_core/ip_core.gen/sources_1/ip/ldpc_0/hdl/ldpc_v2_0_rfs.sv:12221]
INFO: [Synth 8-4471] merging register 'LD_UPDATE_I/LD_UPDATE_CMD_I/sm_waddr_add_precomp_e3_reg[0][8:0]' into 'LD_UPDATE_I/LD_UPDATE_CMD_I/sm_waddr_add_precomp_e3_reg[0][8:0]' [c:/Users/arty/Documents/GitHub/LDPC/ip_core/ip_core.gen/sources_1/ip/ldpc_0/hdl/ldpc_v2_0_rfs.sv:12221]
INFO: [Synth 8-4471] merging register 'LD_UPDATE_I/LD_UPDATE_CMD_I/om_waddr_add_precomp_e4_reg[0][8:0]' into 'LD_UPDATE_I/LD_UPDATE_CMD_I/om_waddr_add_precomp_e4_reg[0][8:0]' [c:/Users/arty/Documents/GitHub/LDPC/ip_core/ip_core.gen/sources_1/ip/ldpc_0/hdl/ldpc_v2_0_rfs.sv:12268]
INFO: [Synth 8-4471] merging register 'LD_UPDATE_I/LD_UPDATE_CMD_I/om_waddr_add_precomp_e4_reg[0][8:0]' into 'LD_UPDATE_I/LD_UPDATE_CMD_I/om_waddr_add_precomp_e4_reg[0][8:0]' [c:/Users/arty/Documents/GitHub/LDPC/ip_core/ip_core.gen/sources_1/ip/ldpc_0/hdl/ldpc_v2_0_rfs.sv:12268]
INFO: [Synth 8-4471] merging register 'LD_UPDATE_I/LD_UPDATE_CMD_I/ldpc_reg[3][0][address][7:0]' into 'LD_UPDATE_I/LD_UPDATE_CMD_I/ldpc_reg[3][0][address][7:0]' [c:/Users/arty/Documents/GitHub/LDPC/ip_core/ip_core.gen/sources_1/ip/ldpc_0/hdl/ldpc_v2_0_rfs.sv:12212]
INFO: [Synth 8-4471] merging register 'LD_UPDATE_I/LD_UPDATE_CTRL_I/inner_count_id_reg[st][9:0]' into 'LD_UPDATE_I/LD_UPDATE_CTRL_I/inner_count_id_reg[st][9:0]' [c:/Users/arty/Documents/GitHub/LDPC/ip_core/ip_core.gen/sources_1/ip/ldpc_0/hdl/ldpc_v2_0_rfs.sv:12653]
INFO: [Synth 8-4471] merging register 'LD_UPDATE_I/LD_UPDATE_CMD_I/om_waddr_add_precomp_e4_reg[0][8:0]' into 'LD_UPDATE_I/LD_UPDATE_CMD_I/om_waddr_add_precomp_e4_reg[0][8:0]' [c:/Users/arty/Documents/GitHub/LDPC/ip_core/ip_core.gen/sources_1/ip/ldpc_0/hdl/ldpc_v2_0_rfs.sv:12268]
WARNING: [Synth 8-7129] Port ldpc[3][last_cir] in module ldpc_v2_0_11_ld_mask_gen is either unconnected or has no load
WARNING: [Synth 8-7129] Port ldpc[3][first_use] in module ldpc_v2_0_11_ld_mask_gen is either unconnected or has no load
WARNING: [Synth 8-7129] Port ldpc[3][address][7] in module ldpc_v2_0_11_ld_mask_gen is either unconnected or has no load
WARNING: [Synth 8-7129] Port ldpc[3][address][6] in module ldpc_v2_0_11_ld_mask_gen is either unconnected or has no load
WARNING: [Synth 8-7129] Port ldpc[3][address][5] in module ldpc_v2_0_11_ld_mask_gen is either unconnected or has no load
WARNING: [Synth 8-7129] Port ldpc[3][address][4] in module ldpc_v2_0_11_ld_mask_gen is either unconnected or has no load
WARNING: [Synth 8-7129] Port ldpc[3][address][3] in module ldpc_v2_0_11_ld_mask_gen is either unconnected or has no load
WARNING: [Synth 8-7129] Port ldpc[3][address][2] in module ldpc_v2_0_11_ld_mask_gen is either unconnected or has no load
WARNING: [Synth 8-7129] Port ldpc[3][address][1] in module ldpc_v2_0_11_ld_mask_gen is either unconnected or has no load
WARNING: [Synth 8-7129] Port ldpc[3][address][0] in module ldpc_v2_0_11_ld_mask_gen is either unconnected or has no load
WARNING: [Synth 8-7129] Port ldpc[2][last_cir] in module ldpc_v2_0_11_ld_mask_gen is either unconnected or has no load
WARNING: [Synth 8-7129] Port ldpc[2][first_use] in module ldpc_v2_0_11_ld_mask_gen is either unconnected or has no load
WARNING: [Synth 8-7129] Port ldpc[2][address][7] in module ldpc_v2_0_11_ld_mask_gen is either unconnected or has no load
WARNING: [Synth 8-7129] Port ldpc[2][address][6] in module ldpc_v2_0_11_ld_mask_gen is either unconnected or has no load
WARNING: [Synth 8-7129] Port ldpc[2][address][5] in module ldpc_v2_0_11_ld_mask_gen is either unconnected or has no load
WARNING: [Synth 8-7129] Port ldpc[2][address][4] in module ldpc_v2_0_11_ld_mask_gen is either unconnected or has no load
WARNING: [Synth 8-7129] Port ldpc[2][address][3] in module ldpc_v2_0_11_ld_mask_gen is either unconnected or has no load
WARNING: [Synth 8-7129] Port ldpc[2][address][2] in module ldpc_v2_0_11_ld_mask_gen is either unconnected or has no load
WARNING: [Synth 8-7129] Port ldpc[2][address][1] in module ldpc_v2_0_11_ld_mask_gen is either unconnected or has no load
WARNING: [Synth 8-7129] Port ldpc[2][address][0] in module ldpc_v2_0_11_ld_mask_gen is either unconnected or has no load
WARNING: [Synth 8-7129] Port ldpc[1][last_cir] in module ldpc_v2_0_11_ld_mask_gen is either unconnected or has no load
WARNING: [Synth 8-7129] Port ldpc[1][first_use] in module ldpc_v2_0_11_ld_mask_gen is either unconnected or has no load
WARNING: [Synth 8-7129] Port ldpc[1][address][7] in module ldpc_v2_0_11_ld_mask_gen is either unconnected or has no load
WARNING: [Synth 8-7129] Port ldpc[1][address][6] in module ldpc_v2_0_11_ld_mask_gen is either unconnected or has no load
WARNING: [Synth 8-7129] Port ldpc[1][address][5] in module ldpc_v2_0_11_ld_mask_gen is either unconnected or has no load
WARNING: [Synth 8-7129] Port ldpc[1][address][4] in module ldpc_v2_0_11_ld_mask_gen is either unconnected or has no load
WARNING: [Synth 8-7129] Port ldpc[1][address][3] in module ldpc_v2_0_11_ld_mask_gen is either unconnected or has no load
WARNING: [Synth 8-7129] Port ldpc[1][address][2] in module ldpc_v2_0_11_ld_mask_gen is either unconnected or has no load
WARNING: [Synth 8-7129] Port ldpc[1][address][1] in module ldpc_v2_0_11_ld_mask_gen is either unconnected or has no load
WARNING: [Synth 8-7129] Port ldpc[1][address][0] in module ldpc_v2_0_11_ld_mask_gen is either unconnected or has no load
WARNING: [Synth 8-7129] Port ldpc[0][last_cir] in module ldpc_v2_0_11_ld_mask_gen is either unconnected or has no load
WARNING: [Synth 8-7129] Port ldpc[0][first_use] in module ldpc_v2_0_11_ld_mask_gen is either unconnected or has no load
WARNING: [Synth 8-7129] Port ldpc[0][address][7] in module ldpc_v2_0_11_ld_mask_gen is either unconnected or has no load
WARNING: [Synth 8-7129] Port ldpc[0][address][6] in module ldpc_v2_0_11_ld_mask_gen is either unconnected or has no load
WARNING: [Synth 8-7129] Port ldpc[0][address][5] in module ldpc_v2_0_11_ld_mask_gen is either unconnected or has no load
WARNING: [Synth 8-7129] Port ldpc[0][address][4] in module ldpc_v2_0_11_ld_mask_gen is either unconnected or has no load
WARNING: [Synth 8-7129] Port ldpc[0][address][3] in module ldpc_v2_0_11_ld_mask_gen is either unconnected or has no load
WARNING: [Synth 8-7129] Port ldpc[0][address][2] in module ldpc_v2_0_11_ld_mask_gen is either unconnected or has no load
WARNING: [Synth 8-7129] Port ldpc[0][address][1] in module ldpc_v2_0_11_ld_mask_gen is either unconnected or has no load
WARNING: [Synth 8-7129] Port ldpc[0][address][0] in module ldpc_v2_0_11_ld_mask_gen is either unconnected or has no load
