xilinx rtfpga
rt::do_reinfer_area_combined 1
INFO: [Synth 8-4471] merging register 'ctrl2_reg[1][f][stalling]' into 'ctrl_reg[7][f][stalling]' [c:/Users/arty/Documents/GitHub/LDPC/ip_core/ip_core.gen/sources_1/ip/ldpc_0/hdl/ldpc_v2_0_rfs.sv:10564]
INFO: [Synth 8-4471] merging register 'ctrl2_reg[2][f][stalling]' into 'ctrl_reg[8][f][stalling]' [c:/Users/arty/Documents/GitHub/LDPC/ip_core/ip_core.gen/sources_1/ip/ldpc_0/hdl/ldpc_v2_0_rfs.sv:10564]
INFO: [Synth 8-4471] merging register 'ctrl2_reg[3][f][stalling]' into 'ctrl_reg[9][f][stalling]' [c:/Users/arty/Documents/GitHub/LDPC/ip_core/ip_core.gen/sources_1/ip/ldpc_0/hdl/ldpc_v2_0_rfs.sv:10564]
INFO: [Synth 8-4471] merging register 'ctrl2_reg[4][f][stalling]' into 'ctrl_reg[10][f][stalling]' [c:/Users/arty/Documents/GitHub/LDPC/ip_core/ip_core.gen/sources_1/ip/ldpc_0/hdl/ldpc_v2_0_rfs.sv:10564]
INFO: [Synth 8-4471] merging register 'ctrl2_reg[5][f][stalling]' into 'ctrl_reg[11][f][stalling]' [c:/Users/arty/Documents/GitHub/LDPC/ip_core/ip_core.gen/sources_1/ip/ldpc_0/hdl/ldpc_v2_0_rfs.sv:10564]
INFO: [Synth 8-4471] merging register 'ctrl2_reg[6][f][stalling]' into 'ctrl_reg[12][f][stalling]' [c:/Users/arty/Documents/GitHub/LDPC/ip_core/ip_core.gen/sources_1/ip/ldpc_0/hdl/ldpc_v2_0_rfs.sv:10564]
INFO: [Synth 8-3936] Found unconnected internal register 'ah_e1_reg[3]' and it is trimmed from '64' to '35' bits. [c:/Users/arty/Documents/GitHub/LDPC/ip_core/ip_core.gen/sources_1/ip/ldpc_0/hdl/ldpc_v2_0_rfs.sv:8674]
INFO: [Synth 8-3936] Found unconnected internal register 'ah_e1_reg[2]' and it is trimmed from '64' to '35' bits. [c:/Users/arty/Documents/GitHub/LDPC/ip_core/ip_core.gen/sources_1/ip/ldpc_0/hdl/ldpc_v2_0_rfs.sv:8674]
INFO: [Synth 8-3936] Found unconnected internal register 'ah_e1_reg[1]' and it is trimmed from '64' to '35' bits. [c:/Users/arty/Documents/GitHub/LDPC/ip_core/ip_core.gen/sources_1/ip/ldpc_0/hdl/ldpc_v2_0_rfs.sv:8674]
INFO: [Synth 8-3936] Found unconnected internal register 'ah_e1_reg[0]' and it is trimmed from '64' to '35' bits. [c:/Users/arty/Documents/GitHub/LDPC/ip_core/ip_core.gen/sources_1/ip/ldpc_0/hdl/ldpc_v2_0_rfs.sv:8674]
INFO: [Synth 8-3936] Found unconnected internal register 'ah_e1_reg[3]' and it is trimmed from '64' to '35' bits. [c:/Users/arty/Documents/GitHub/LDPC/ip_core/ip_core.gen/sources_1/ip/ldpc_0/hdl/ldpc_v2_0_rfs.sv:8674]
INFO: [Synth 8-3936] Found unconnected internal register 'ah_e1_reg[2]' and it is trimmed from '64' to '35' bits. [c:/Users/arty/Documents/GitHub/LDPC/ip_core/ip_core.gen/sources_1/ip/ldpc_0/hdl/ldpc_v2_0_rfs.sv:8674]
INFO: [Synth 8-3936] Found unconnected internal register 'ah_e1_reg[1]' and it is trimmed from '64' to '35' bits. [c:/Users/arty/Documents/GitHub/LDPC/ip_core/ip_core.gen/sources_1/ip/ldpc_0/hdl/ldpc_v2_0_rfs.sv:8674]
INFO: [Synth 8-3936] Found unconnected internal register 'ah_e1_reg[0]' and it is trimmed from '64' to '35' bits. [c:/Users/arty/Documents/GitHub/LDPC/ip_core/ip_core.gen/sources_1/ip/ldpc_0/hdl/ldpc_v2_0_rfs.sv:8674]
INFO: [Synth 8-3936] Found unconnected internal register 'ah_e1_reg[3]' and it is trimmed from '64' to '35' bits. [c:/Users/arty/Documents/GitHub/LDPC/ip_core/ip_core.gen/sources_1/ip/ldpc_0/hdl/ldpc_v2_0_rfs.sv:8674]
INFO: [Synth 8-3936] Found unconnected internal register 'ah_e1_reg[2]' and it is trimmed from '64' to '35' bits. [c:/Users/arty/Documents/GitHub/LDPC/ip_core/ip_core.gen/sources_1/ip/ldpc_0/hdl/ldpc_v2_0_rfs.sv:8674]
INFO: [Synth 8-3936] Found unconnected internal register 'ah_e1_reg[1]' and it is trimmed from '64' to '35' bits. [c:/Users/arty/Documents/GitHub/LDPC/ip_core/ip_core.gen/sources_1/ip/ldpc_0/hdl/ldpc_v2_0_rfs.sv:8674]
INFO: [Synth 8-3936] Found unconnected internal register 'ah_e1_reg[0]' and it is trimmed from '64' to '35' bits. [c:/Users/arty/Documents/GitHub/LDPC/ip_core/ip_core.gen/sources_1/ip/ldpc_0/hdl/ldpc_v2_0_rfs.sv:8674]
INFO: [Synth 8-3936] Found unconnected internal register 'ah_e1_reg[3]' and it is trimmed from '64' to '35' bits. [c:/Users/arty/Documents/GitHub/LDPC/ip_core/ip_core.gen/sources_1/ip/ldpc_0/hdl/ldpc_v2_0_rfs.sv:8674]
INFO: [Synth 8-3936] Found unconnected internal register 'ah_e1_reg[2]' and it is trimmed from '64' to '35' bits. [c:/Users/arty/Documents/GitHub/LDPC/ip_core/ip_core.gen/sources_1/ip/ldpc_0/hdl/ldpc_v2_0_rfs.sv:8674]
INFO: [Synth 8-3936] Found unconnected internal register 'ah_e1_reg[1]' and it is trimmed from '64' to '35' bits. [c:/Users/arty/Documents/GitHub/LDPC/ip_core/ip_core.gen/sources_1/ip/ldpc_0/hdl/ldpc_v2_0_rfs.sv:8674]
INFO: [Synth 8-3936] Found unconnected internal register 'ah_e1_reg[0]' and it is trimmed from '64' to '35' bits. [c:/Users/arty/Documents/GitHub/LDPC/ip_core/ip_core.gen/sources_1/ip/ldpc_0/hdl/ldpc_v2_0_rfs.sv:8674]
INFO: [Synth 8-4471] merging register 'VAR_DEL_MV_C_ROTS2_I/data_out_reg[3][first_use]' into 'VAR_DEL_MV_C_ROTS2_I/data_out_reg[3][last_cir]' [c:/Users/arty/Documents/GitHub/LDPC/ip_core/ip_core.gen/sources_1/ip/ldpc_0/hdl/ldpc_v2_0_rfs.sv:7727]
INFO: [Synth 8-4471] merging register 'VAR_DEL_MV_C_ROTS2_I/data_out_reg[2][last_cir]' into 'VAR_DEL_MV_C_ROTS2_I/data_out_reg[3][last_cir]' [c:/Users/arty/Documents/GitHub/LDPC/ip_core/ip_core.gen/sources_1/ip/ldpc_0/hdl/ldpc_v2_0_rfs.sv:7727]
INFO: [Synth 8-4471] merging register 'VAR_DEL_MV_C_ROTS2_I/data_out_reg[2][first_use]' into 'VAR_DEL_MV_C_ROTS2_I/data_out_reg[3][last_cir]' [c:/Users/arty/Documents/GitHub/LDPC/ip_core/ip_core.gen/sources_1/ip/ldpc_0/hdl/ldpc_v2_0_rfs.sv:7727]
INFO: [Synth 8-4471] merging register 'VAR_DEL_MV_C_ROTS2_I/data_out_reg[1][last_cir]' into 'VAR_DEL_MV_C_ROTS2_I/data_out_reg[3][last_cir]' [c:/Users/arty/Documents/GitHub/LDPC/ip_core/ip_core.gen/sources_1/ip/ldpc_0/hdl/ldpc_v2_0_rfs.sv:7727]
INFO: [Synth 8-4471] merging register 'VAR_DEL_MV_C_ROTS2_I/data_out_reg[1][first_use]' into 'VAR_DEL_MV_C_ROTS2_I/data_out_reg[3][last_cir]' [c:/Users/arty/Documents/GitHub/LDPC/ip_core/ip_core.gen/sources_1/ip/ldpc_0/hdl/ldpc_v2_0_rfs.sv:7727]
INFO: [Synth 8-4471] merging register 'VAR_DEL_MV_C_ROTS2_I/data_out_reg[0][last_cir]' into 'VAR_DEL_MV_C_ROTS2_I/data_out_reg[3][last_cir]' [c:/Users/arty/Documents/GitHub/LDPC/ip_core/ip_core.gen/sources_1/ip/ldpc_0/hdl/ldpc_v2_0_rfs.sv:7727]
INFO: [Synth 8-4471] merging register 'VAR_DEL_MV_C_ROTS2_I/data_out_reg[0][first_use]' into 'VAR_DEL_MV_C_ROTS2_I/data_out_reg[3][last_cir]' [c:/Users/arty/Documents/GitHub/LDPC/ip_core/ip_core.gen/sources_1/ip/ldpc_0/hdl/ldpc_v2_0_rfs.sv:7727]
INFO: [Synth 8-4471] merging register 'fm_ldpc2_reg[5][0][last_cir]' into 'fm_ldpc2_reg[5][0][first_use]' [c:/Users/arty/Documents/GitHub/LDPC/ip_core/ip_core.gen/sources_1/ip/ldpc_0/hdl/ldpc_v2_0_rfs.sv:11037]
INFO: [Synth 8-4471] merging register 'fm_ldpc2_reg[5][1][first_use]' into 'fm_ldpc2_reg[5][0][first_use]' [c:/Users/arty/Documents/GitHub/LDPC/ip_core/ip_core.gen/sources_1/ip/ldpc_0/hdl/ldpc_v2_0_rfs.sv:11037]
INFO: [Synth 8-4471] merging register 'fm_ldpc2_reg[5][1][last_cir]' into 'fm_ldpc2_reg[5][0][first_use]' [c:/Users/arty/Documents/GitHub/LDPC/ip_core/ip_core.gen/sources_1/ip/ldpc_0/hdl/ldpc_v2_0_rfs.sv:11037]
INFO: [Synth 8-4471] merging register 'fm_ldpc2_reg[5][2][first_use]' into 'fm_ldpc2_reg[5][0][first_use]' [c:/Users/arty/Documents/GitHub/LDPC/ip_core/ip_core.gen/sources_1/ip/ldpc_0/hdl/ldpc_v2_0_rfs.sv:11037]
INFO: [Synth 8-4471] merging register 'fm_ldpc2_reg[5][2][last_cir]' into 'fm_ldpc2_reg[5][0][first_use]' [c:/Users/arty/Documents/GitHub/LDPC/ip_core/ip_core.gen/sources_1/ip/ldpc_0/hdl/ldpc_v2_0_rfs.sv:11037]
INFO: [Synth 8-4471] merging register 'fm_ldpc2_reg[5][3][first_use]' into 'fm_ldpc2_reg[5][0][first_use]' [c:/Users/arty/Documents/GitHub/LDPC/ip_core/ip_core.gen/sources_1/ip/ldpc_0/hdl/ldpc_v2_0_rfs.sv:11037]
INFO: [Synth 8-4471] merging register 'fm_ldpc2_reg[5][3][last_cir]' into 'fm_ldpc2_reg[5][0][first_use]' [c:/Users/arty/Documents/GitHub/LDPC/ip_core/ip_core.gen/sources_1/ip/ldpc_0/hdl/ldpc_v2_0_rfs.sv:11037]
INFO: [Synth 8-4471] merging register 'fm_ldpc_reg[4][0][last_cir]' into 'fm_ldpc_reg[4][0][first_use]' [c:/Users/arty/Documents/GitHub/LDPC/ip_core/ip_core.gen/sources_1/ip/ldpc_0/hdl/ldpc_v2_0_rfs.sv:11012]
INFO: [Synth 8-4471] merging register 'fm_ldpc_reg[4][1][first_use]' into 'fm_ldpc_reg[4][0][first_use]' [c:/Users/arty/Documents/GitHub/LDPC/ip_core/ip_core.gen/sources_1/ip/ldpc_0/hdl/ldpc_v2_0_rfs.sv:11012]
INFO: [Synth 8-4471] merging register 'fm_ldpc_reg[4][1][last_cir]' into 'fm_ldpc_reg[4][0][first_use]' [c:/Users/arty/Documents/GitHub/LDPC/ip_core/ip_core.gen/sources_1/ip/ldpc_0/hdl/ldpc_v2_0_rfs.sv:11012]
INFO: [Synth 8-4471] merging register 'fm_ldpc_reg[4][2][first_use]' into 'fm_ldpc_reg[4][0][first_use]' [c:/Users/arty/Documents/GitHub/LDPC/ip_core/ip_core.gen/sources_1/ip/ldpc_0/hdl/ldpc_v2_0_rfs.sv:11012]
INFO: [Synth 8-4471] merging register 'fm_ldpc_reg[4][2][last_cir]' into 'fm_ldpc_reg[4][0][first_use]' [c:/Users/arty/Documents/GitHub/LDPC/ip_core/ip_core.gen/sources_1/ip/ldpc_0/hdl/ldpc_v2_0_rfs.sv:11012]
INFO: [Synth 8-4471] merging register 'fm_ldpc_reg[4][3][first_use]' into 'fm_ldpc_reg[4][0][first_use]' [c:/Users/arty/Documents/GitHub/LDPC/ip_core/ip_core.gen/sources_1/ip/ldpc_0/hdl/ldpc_v2_0_rfs.sv:11012]
INFO: [Synth 8-4471] merging register 'fm_ldpc_reg[4][3][last_cir]' into 'fm_ldpc_reg[4][0][first_use]' [c:/Users/arty/Documents/GitHub/LDPC/ip_core/ip_core.gen/sources_1/ip/ldpc_0/hdl/ldpc_v2_0_rfs.sv:11012]
INFO: [Synth 8-4471] merging register 'fm_ldpc_reg[5][3][first_use]' into 'fm_ldpc_reg[5][3][last_cir]' [c:/Users/arty/Documents/GitHub/LDPC/ip_core/ip_core.gen/sources_1/ip/ldpc_0/hdl/ldpc_v2_0_rfs.sv:11012]
INFO: [Synth 8-4471] merging register 'fm_ldpc_reg[5][2][last_cir]' into 'fm_ldpc_reg[5][3][last_cir]' [c:/Users/arty/Documents/GitHub/LDPC/ip_core/ip_core.gen/sources_1/ip/ldpc_0/hdl/ldpc_v2_0_rfs.sv:11012]
INFO: [Synth 8-4471] merging register 'fm_ldpc_reg[5][2][first_use]' into 'fm_ldpc_reg[5][3][last_cir]' [c:/Users/arty/Documents/GitHub/LDPC/ip_core/ip_core.gen/sources_1/ip/ldpc_0/hdl/ldpc_v2_0_rfs.sv:11012]
INFO: [Synth 8-4471] merging register 'fm_ldpc_reg[5][1][last_cir]' into 'fm_ldpc_reg[5][3][last_cir]' [c:/Users/arty/Documents/GitHub/LDPC/ip_core/ip_core.gen/sources_1/ip/ldpc_0/hdl/ldpc_v2_0_rfs.sv:11012]
INFO: [Synth 8-4471] merging register 'fm_ldpc_reg[5][1][first_use]' into 'fm_ldpc_reg[5][3][last_cir]' [c:/Users/arty/Documents/GitHub/LDPC/ip_core/ip_core.gen/sources_1/ip/ldpc_0/hdl/ldpc_v2_0_rfs.sv:11012]
INFO: [Synth 8-4471] merging register 'fm_ldpc_reg[5][0][last_cir]' into 'fm_ldpc_reg[5][3][last_cir]' [c:/Users/arty/Documents/GitHub/LDPC/ip_core/ip_core.gen/sources_1/ip/ldpc_0/hdl/ldpc_v2_0_rfs.sv:11012]
INFO: [Synth 8-4471] merging register 'fm_ldpc_reg[5][0][first_use]' into 'fm_ldpc_reg[5][3][last_cir]' [c:/Users/arty/Documents/GitHub/LDPC/ip_core/ip_core.gen/sources_1/ip/ldpc_0/hdl/ldpc_v2_0_rfs.sv:11012]
INFO: [Synth 8-4471] merging register 'fm_ldpc_e2_reg[0][address][7:0]' into 'fm_ldpc_e2_reg[0][address][7:0]' [c:/Users/arty/Documents/GitHub/LDPC/ip_core/ip_core.gen/sources_1/ip/ldpc_0/hdl/ldpc_v2_0_rfs.sv:10958]
INFO: [Synth 8-4471] merging register 'fm_ldpc_e2_reg[1][address][7:0]' into 'fm_ldpc_e2_reg[1][address][7:0]' [c:/Users/arty/Documents/GitHub/LDPC/ip_core/ip_core.gen/sources_1/ip/ldpc_0/hdl/ldpc_v2_0_rfs.sv:10958]
INFO: [Synth 8-4471] merging register 'fm_ldpc_e2_reg[0][address][7:0]' into 'fm_ldpc_e2_reg[0][address][7:0]' [c:/Users/arty/Documents/GitHub/LDPC/ip_core/ip_core.gen/sources_1/ip/ldpc_0/hdl/ldpc_v2_0_rfs.sv:10958]
INFO: [Synth 8-4471] merging register 'VAR_DEL_MV_C_ROTS_I/data_out_reg[3][first_use]' into 'VAR_DEL_MV_C_ROTS_I/data_out_reg[3][last_cir]' [c:/Users/arty/Documents/GitHub/LDPC/ip_core/ip_core.gen/sources_1/ip/ldpc_0/hdl/ldpc_v2_0_rfs.sv:7727]
INFO: [Synth 8-4471] merging register 'VAR_DEL_MV_C_ROTS_I/data_out_reg[2][last_cir]' into 'VAR_DEL_MV_C_ROTS_I/data_out_reg[3][last_cir]' [c:/Users/arty/Documents/GitHub/LDPC/ip_core/ip_core.gen/sources_1/ip/ldpc_0/hdl/ldpc_v2_0_rfs.sv:7727]
INFO: [Synth 8-4471] merging register 'VAR_DEL_MV_C_ROTS_I/data_out_reg[2][first_use]' into 'VAR_DEL_MV_C_ROTS_I/data_out_reg[3][last_cir]' [c:/Users/arty/Documents/GitHub/LDPC/ip_core/ip_core.gen/sources_1/ip/ldpc_0/hdl/ldpc_v2_0_rfs.sv:7727]
INFO: [Synth 8-4471] merging register 'VAR_DEL_MV_C_ROTS_I/data_out_reg[1][last_cir]' into 'VAR_DEL_MV_C_ROTS_I/data_out_reg[3][last_cir]' [c:/Users/arty/Documents/GitHub/LDPC/ip_core/ip_core.gen/sources_1/ip/ldpc_0/hdl/ldpc_v2_0_rfs.sv:7727]
INFO: [Synth 8-4471] merging register 'VAR_DEL_MV_C_ROTS_I/data_out_reg[1][first_use]' into 'VAR_DEL_MV_C_ROTS_I/data_out_reg[3][last_cir]' [c:/Users/arty/Documents/GitHub/LDPC/ip_core/ip_core.gen/sources_1/ip/ldpc_0/hdl/ldpc_v2_0_rfs.sv:7727]
INFO: [Synth 8-4471] merging register 'VAR_DEL_MV_C_ROTS_I/data_out_reg[0][last_cir]' into 'VAR_DEL_MV_C_ROTS_I/data_out_reg[3][last_cir]' [c:/Users/arty/Documents/GitHub/LDPC/ip_core/ip_core.gen/sources_1/ip/ldpc_0/hdl/ldpc_v2_0_rfs.sv:7727]
INFO: [Synth 8-4471] merging register 'VAR_DEL_MV_C_ROTS_I/data_out_reg[0][first_use]' into 'VAR_DEL_MV_C_ROTS_I/data_out_reg[3][last_cir]' [c:/Users/arty/Documents/GitHub/LDPC/ip_core/ip_core.gen/sources_1/ip/ldpc_0/hdl/ldpc_v2_0_rfs.sv:7727]
INFO: [Synth 8-4471] merging register 'fm_ldpc_e2_reg[3][address][7:0]' into 'fm_ldpc_e2_reg[3][address][7:0]' [c:/Users/arty/Documents/GitHub/LDPC/ip_core/ip_core.gen/sources_1/ip/ldpc_0/hdl/ldpc_v2_0_rfs.sv:10958]
INFO: [Synth 8-4471] merging register 'fm_ldpc_e2_reg[2][address][7:0]' into 'fm_ldpc_e2_reg[2][address][7:0]' [c:/Users/arty/Documents/GitHub/LDPC/ip_core/ip_core.gen/sources_1/ip/ldpc_0/hdl/ldpc_v2_0_rfs.sv:10958]
INFO: [Synth 8-4471] merging register 'fm_ldpc_reg[7][3][first_use]' into 'fm_ldpc_reg[7][3][last_cir]' [c:/Users/arty/Documents/GitHub/LDPC/ip_core/ip_core.gen/sources_1/ip/ldpc_0/hdl/ldpc_v2_0_rfs.sv:11012]
INFO: [Synth 8-4471] merging register 'fm_ldpc_reg[7][2][last_cir]' into 'fm_ldpc_reg[7][3][last_cir]' [c:/Users/arty/Documents/GitHub/LDPC/ip_core/ip_core.gen/sources_1/ip/ldpc_0/hdl/ldpc_v2_0_rfs.sv:11012]
INFO: [Synth 8-4471] merging register 'fm_ldpc_reg[7][2][first_use]' into 'fm_ldpc_reg[7][3][last_cir]' [c:/Users/arty/Documents/GitHub/LDPC/ip_core/ip_core.gen/sources_1/ip/ldpc_0/hdl/ldpc_v2_0_rfs.sv:11012]
INFO: [Synth 8-4471] merging register 'fm_ldpc_reg[7][1][last_cir]' into 'fm_ldpc_reg[7][3][last_cir]' [c:/Users/arty/Documents/GitHub/LDPC/ip_core/ip_core.gen/sources_1/ip/ldpc_0/hdl/ldpc_v2_0_rfs.sv:11012]
INFO: [Synth 8-4471] merging register 'fm_ldpc_reg[7][1][first_use]' into 'fm_ldpc_reg[7][3][last_cir]' [c:/Users/arty/Documents/GitHub/LDPC/ip_core/ip_core.gen/sources_1/ip/ldpc_0/hdl/ldpc_v2_0_rfs.sv:11012]
INFO: [Synth 8-4471] merging register 'fm_ldpc_reg[7][0][last_cir]' into 'fm_ldpc_reg[7][3][last_cir]' [c:/Users/arty/Documents/GitHub/LDPC/ip_core/ip_core.gen/sources_1/ip/ldpc_0/hdl/ldpc_v2_0_rfs.sv:11012]
INFO: [Synth 8-4471] merging register 'fm_ldpc_reg[7][0][first_use]' into 'fm_ldpc_reg[7][3][last_cir]' [c:/Users/arty/Documents/GitHub/LDPC/ip_core/ip_core.gen/sources_1/ip/ldpc_0/hdl/ldpc_v2_0_rfs.sv:11012]
WARNING: [Synth 8-7129] Port distance1[1][6] in module ldpc_v2_0_11_shift4 is either unconnected or has no load
WARNING: [Synth 8-7129] Port distance1[0][6] in module ldpc_v2_0_11_shift4 is either unconnected or has no load
WARNING: [Synth 8-7129] Port distance2[3][6] in module ldpc_v2_0_11_shift4 is either unconnected or has no load
WARNING: [Synth 8-7129] Port distance2[3][5] in module ldpc_v2_0_11_shift4 is either unconnected or has no load
WARNING: [Synth 8-7129] Port distance2[2][6] in module ldpc_v2_0_11_shift4 is either unconnected or has no load
WARNING: [Synth 8-7129] Port distance2[2][5] in module ldpc_v2_0_11_shift4 is either unconnected or has no load
WARNING: [Synth 8-7129] Port distance2[1][6] in module ldpc_v2_0_11_shift4 is either unconnected or has no load
WARNING: [Synth 8-7129] Port distance2[1][5] in module ldpc_v2_0_11_shift4 is either unconnected or has no load
WARNING: [Synth 8-7129] Port distance2[0][6] in module ldpc_v2_0_11_shift4 is either unconnected or has no load
WARNING: [Synth 8-7129] Port distance2[0][5] in module ldpc_v2_0_11_shift4 is either unconnected or has no load
WARNING: [Synth 8-7129] Port distance1[1][6] in module ldpc_v2_0_11_shift4__4 is either unconnected or has no load
WARNING: [Synth 8-7129] Port distance1[0][6] in module ldpc_v2_0_11_shift4__4 is either unconnected or has no load
WARNING: [Synth 8-7129] Port distance2[3][6] in module ldpc_v2_0_11_shift4__4 is either unconnected or has no load
WARNING: [Synth 8-7129] Port distance2[3][5] in module ldpc_v2_0_11_shift4__4 is either unconnected or has no load
WARNING: [Synth 8-7129] Port distance2[2][6] in module ldpc_v2_0_11_shift4__4 is either unconnected or has no load
WARNING: [Synth 8-7129] Port distance2[2][5] in module ldpc_v2_0_11_shift4__4 is either unconnected or has no load
WARNING: [Synth 8-7129] Port distance2[1][6] in module ldpc_v2_0_11_shift4__4 is either unconnected or has no load
WARNING: [Synth 8-7129] Port distance2[1][5] in module ldpc_v2_0_11_shift4__4 is either unconnected or has no load
WARNING: [Synth 8-7129] Port distance2[0][6] in module ldpc_v2_0_11_shift4__4 is either unconnected or has no load
WARNING: [Synth 8-7129] Port distance2[0][5] in module ldpc_v2_0_11_shift4__4 is either unconnected or has no load
WARNING: [Synth 8-7129] Port distance1[1][6] in module ldpc_v2_0_11_shift4__3 is either unconnected or has no load
WARNING: [Synth 8-7129] Port distance1[0][6] in module ldpc_v2_0_11_shift4__3 is either unconnected or has no load
WARNING: [Synth 8-7129] Port distance2[3][6] in module ldpc_v2_0_11_shift4__3 is either unconnected or has no load
WARNING: [Synth 8-7129] Port distance2[3][5] in module ldpc_v2_0_11_shift4__3 is either unconnected or has no load
WARNING: [Synth 8-7129] Port distance2[2][6] in module ldpc_v2_0_11_shift4__3 is either unconnected or has no load
WARNING: [Synth 8-7129] Port distance2[2][5] in module ldpc_v2_0_11_shift4__3 is either unconnected or has no load
WARNING: [Synth 8-7129] Port distance2[1][6] in module ldpc_v2_0_11_shift4__3 is either unconnected or has no load
WARNING: [Synth 8-7129] Port distance2[1][5] in module ldpc_v2_0_11_shift4__3 is either unconnected or has no load
WARNING: [Synth 8-7129] Port distance2[0][6] in module ldpc_v2_0_11_shift4__3 is either unconnected or has no load
WARNING: [Synth 8-7129] Port distance2[0][5] in module ldpc_v2_0_11_shift4__3 is either unconnected or has no load
WARNING: [Synth 8-7129] Port distance1[1][6] in module ldpc_v2_0_11_shift4__2 is either unconnected or has no load
WARNING: [Synth 8-7129] Port distance1[0][6] in module ldpc_v2_0_11_shift4__2 is either unconnected or has no load
WARNING: [Synth 8-7129] Port distance2[3][6] in module ldpc_v2_0_11_shift4__2 is either unconnected or has no load
WARNING: [Synth 8-7129] Port distance2[3][5] in module ldpc_v2_0_11_shift4__2 is either unconnected or has no load
WARNING: [Synth 8-7129] Port distance2[2][6] in module ldpc_v2_0_11_shift4__2 is either unconnected or has no load
WARNING: [Synth 8-7129] Port distance2[2][5] in module ldpc_v2_0_11_shift4__2 is either unconnected or has no load
WARNING: [Synth 8-7129] Port distance2[1][6] in module ldpc_v2_0_11_shift4__2 is either unconnected or has no load
WARNING: [Synth 8-7129] Port distance2[1][5] in module ldpc_v2_0_11_shift4__2 is either unconnected or has no load
WARNING: [Synth 8-7129] Port distance2[0][6] in module ldpc_v2_0_11_shift4__2 is either unconnected or has no load
WARNING: [Synth 8-7129] Port distance2[0][5] in module ldpc_v2_0_11_shift4__2 is either unconnected or has no load
WARNING: [Synth 8-7129] Port enable[1] in module ldpc_v2_0_11_mc_rotate_bit is either unconnected or has no load
WARNING: [Synth 8-7129] Port rotation_en[3][8] in module ldpc_v2_0_11_mc_rotate_bit is either unconnected or has no load
WARNING: [Synth 8-7129] Port rotation_en[2][8] in module ldpc_v2_0_11_mc_rotate_bit is either unconnected or has no load
WARNING: [Synth 8-7129] Port s_axis_it_last_tdata[p][sm_max][6] in module ldpc_v2_0_11_ld_op_par_chk_ctrl is either unconnected or has no load
WARNING: [Synth 8-7129] Port s_axis_it_last_tdata[p][sm_max][5] in module ldpc_v2_0_11_ld_op_par_chk_ctrl is either unconnected or has no load
WARNING: [Synth 8-7129] Port s_axis_it_last_tdata[p][sm_max][4] in module ldpc_v2_0_11_ld_op_par_chk_ctrl is either unconnected or has no load
WARNING: [Synth 8-7129] Port s_axis_it_last_tdata[p][sm_max][3] in module ldpc_v2_0_11_ld_op_par_chk_ctrl is either unconnected or has no load
WARNING: [Synth 8-7129] Port s_axis_it_last_tdata[p][sm_max][2] in module ldpc_v2_0_11_ld_op_par_chk_ctrl is either unconnected or has no load
WARNING: [Synth 8-7129] Port s_axis_it_last_tdata[p][sm_max][1] in module ldpc_v2_0_11_ld_op_par_chk_ctrl is either unconnected or has no load
WARNING: [Synth 8-7129] Port s_axis_it_last_tdata[p][sm_max][0] in module ldpc_v2_0_11_ld_op_par_chk_ctrl is either unconnected or has no load
WARNING: [Synth 8-7129] Port s_axis_it_last_tdata[p][it_max][5] in module ldpc_v2_0_11_ld_op_par_chk_ctrl is either unconnected or has no load
WARNING: [Synth 8-7129] Port s_axis_it_last_tdata[p][it_max][4] in module ldpc_v2_0_11_ld_op_par_chk_ctrl is either unconnected or has no load
WARNING: [Synth 8-7129] Port s_axis_it_last_tdata[p][it_max][3] in module ldpc_v2_0_11_ld_op_par_chk_ctrl is either unconnected or has no load
WARNING: [Synth 8-7129] Port s_axis_it_last_tdata[p][it_max][2] in module ldpc_v2_0_11_ld_op_par_chk_ctrl is either unconnected or has no load
WARNING: [Synth 8-7129] Port s_axis_it_last_tdata[p][it_max][1] in module ldpc_v2_0_11_ld_op_par_chk_ctrl is either unconnected or has no load
WARNING: [Synth 8-7129] Port s_axis_it_last_tdata[p][it_max][0] in module ldpc_v2_0_11_ld_op_par_chk_ctrl is either unconnected or has no load
INFO: [Synth 8-4652] Swapped enable and write-enable on 2 RAM instances of RAM MB_MEM_CPM_I/BANK_0_G.SDP_RAM_I/NO_ECC_G.SDP_RAM_RTL_I/mem_array_reg to conserve power
INFO: [Synth 8-4652] Swapped enable and write-enable on 1 RAM instances of RAM MB_MEM_RPM_I/BANK_0_G.SDP_RAM_I/NO_ECC_G.SDP_RAM_RTL_I/mem_array_reg to conserve power
INFO: [Synth 8-4652] Swapped enable and write-enable on 1 RAM instances of RAM MB_MEM_RPM_I/BANK_1_G.SDP_RAM_I/NO_ECC_G.SDP_RAM_RTL_I/mem_array_reg to conserve power
INFO: [Synth 8-4652] Swapped enable and write-enable on 1 RAM instances of RAM MB_MEM_RPM_I/BANK_2_G.SDP_RAM_I/NO_ECC_G.SDP_RAM_RTL_I/mem_array_reg to conserve power
INFO: [Synth 8-4652] Swapped enable and write-enable on 1 RAM instances of RAM MB_MEM_RPM_I/BANK_3_G.SDP_RAM_I/NO_ECC_G.SDP_RAM_RTL_I/mem_array_reg to conserve power
INFO: [Synth 8-3886] merging instance 'OPC_G.LD_OP_PAR_CHK_I/LD_OP_PAR_CHK_CTRL_I/param_i3_reg[mv_max_p1][1]' (FDRE) to 'OPC_G.LD_OP_PAR_CHK_I/LD_OP_PAR_CHK_CTRL_I/early_precomp_i3_reg[1]'
INFO: [Synth 8-3886] merging instance 'OPC_G.LD_OP_PAR_CHK_I/fm_ldpc_e2_reg[2][address][7]' (FDRE) to 'OPC_G.LD_OP_PAR_CHK_I/fm_ldpc_e2_reg[3][address][6]'
INFO: [Synth 8-3886] merging instance 'OPC_G.LD_OP_PAR_CHK_I/fm_ldpc_e2_reg[2][address][6]' (FDRE) to 'OPC_G.LD_OP_PAR_CHK_I/fm_ldpc_e2_reg[3][address][6]'
INFO: [Synth 8-3886] merging instance 'OPC_G.LD_OP_PAR_CHK_I/fm_ldpc_e2_reg[3][address][7]' (FDRE) to 'OPC_G.LD_OP_PAR_CHK_I/fm_ldpc_e2_reg[3][address][6]'
INFO: [Synth 8-3333] propagating constant 0 across sequential element (\OPC_G.LD_OP_PAR_CHK_I /\fm_ldpc_e2_reg[3][address][6] )
INFO: [Synth 8-3333] propagating constant 0 across sequential element (\OPC_G.LD_OP_PAR_CHK_I /\fm_ldpc_e2_reg[1][address][7] )
INFO: [Synth 8-3886] merging instance 'OPC_G.LD_OP_PAR_CHK_I/MC_ROTATE_BIT_I/ROTATE_I/LD_SHIFT4_CPS_I/PIPE_G.ah_e0_reg[0][0]' (FD) to 'OPC_G.LD_OP_PAR_CHK_I/MC_ROTATE_BIT_I/ROTATE_I/LD_SHIFT4_CPS_I/PIPE_G.ah_e0_reg[0][15]'
INFO: [Synth 8-3886] merging instance 'OPC_G.LD_OP_PAR_CHK_I/MC_ROTATE_BIT_I/ROTATE_I/LD_SHIFT4_BPS_I/PIPE_G.ah_e0_reg[0][0]' (FD) to 'OPC_G.LD_OP_PAR_CHK_I/MC_ROTATE_BIT_I/ROTATE_I/LD_SHIFT4_BPS_I/PIPE_G.ah_e0_reg[0][15]'
INFO: [Synth 8-3886] merging instance 'OPC_G.LD_OP_PAR_CHK_I/MC_ROTATE_BIT_I/ROTATE_I/LD_SHIFT4_MPS_I/PIPE_G.ah_e0_reg[0][0]' (FD) to 'OPC_G.LD_OP_PAR_CHK_I/MC_ROTATE_BIT_I/ROTATE_I/LD_SHIFT4_MPS_I/PIPE_G.ah_e0_reg[0][15]'
INFO: [Synth 8-3886] merging instance 'OPC_G.LD_OP_PAR_CHK_I/MC_ROTATE_BIT_I/ROTATE_I/LD_SHIFT4_CPS_I/PIPE_G.ah_e0_reg[0][1]' (FD) to 'OPC_G.LD_OP_PAR_CHK_I/MC_ROTATE_BIT_I/ROTATE_I/LD_SHIFT4_CPS_I/PIPE_G.ah_e0_reg[0][15]'
INFO: [Synth 8-3886] merging instance 'OPC_G.LD_OP_PAR_CHK_I/MC_ROTATE_BIT_I/ROTATE_I/LD_SHIFT4_BPS_I/PIPE_G.ah_e0_reg[0][1]' (FD) to 'OPC_G.LD_OP_PAR_CHK_I/MC_ROTATE_BIT_I/ROTATE_I/LD_SHIFT4_BPS_I/PIPE_G.ah_e0_reg[0][15]'
INFO: [Synth 8-3886] merging instance 'OPC_G.LD_OP_PAR_CHK_I/MC_ROTATE_BIT_I/ROTATE_I/LD_SHIFT4_MPS_I/PIPE_G.ah_e0_reg[0][1]' (FD) to 'OPC_G.LD_OP_PAR_CHK_I/MC_ROTATE_BIT_I/ROTATE_I/LD_SHIFT4_MPS_I/PIPE_G.ah_e0_reg[0][15]'
INFO: [Synth 8-3886] merging instance 'OPC_G.LD_OP_PAR_CHK_I/MC_ROTATE_BIT_I/ROTATE_I/LD_SHIFT4_CPS_I/PIPE_G.ah_e0_reg[0][2]' (FD) to 'OPC_G.LD_OP_PAR_CHK_I/MC_ROTATE_BIT_I/ROTATE_I/LD_SHIFT4_CPS_I/PIPE_G.ah_e0_reg[0][15]'
INFO: [Synth 8-3886] merging instance 'OPC_G.LD_OP_PAR_CHK_I/MC_ROTATE_BIT_I/ROTATE_I/LD_SHIFT4_BPS_I/PIPE_G.ah_e0_reg[0][2]' (FD) to 'OPC_G.LD_OP_PAR_CHK_I/MC_ROTATE_BIT_I/ROTATE_I/LD_SHIFT4_BPS_I/PIPE_G.ah_e0_reg[0][15]'
INFO: [Synth 8-3886] merging instance 'OPC_G.LD_OP_PAR_CHK_I/MC_ROTATE_BIT_I/ROTATE_I/LD_SHIFT4_MPS_I/PIPE_G.ah_e0_reg[0][2]' (FD) to 'OPC_G.LD_OP_PAR_CHK_I/MC_ROTATE_BIT_I/ROTATE_I/LD_SHIFT4_MPS_I/PIPE_G.ah_e0_reg[0][15]'
INFO: [Synth 8-3886] merging instance 'OPC_G.LD_OP_PAR_CHK_I/MC_ROTATE_BIT_I/ROTATE_I/LD_SHIFT4_CPS_I/PIPE_G.ah_e0_reg[0][3]' (FD) to 'OPC_G.LD_OP_PAR_CHK_I/MC_ROTATE_BIT_I/ROTATE_I/LD_SHIFT4_CPS_I/PIPE_G.ah_e0_reg[0][15]'
INFO: [Synth 8-3886] merging instance 'OPC_G.LD_OP_PAR_CHK_I/MC_ROTATE_BIT_I/ROTATE_I/LD_SHIFT4_BPS_I/PIPE_G.ah_e0_reg[0][3]' (FD) to 'OPC_G.LD_OP_PAR_CHK_I/MC_ROTATE_BIT_I/ROTATE_I/LD_SHIFT4_BPS_I/PIPE_G.ah_e0_reg[0][15]'
INFO: [Synth 8-3886] merging instance 'OPC_G.LD_OP_PAR_CHK_I/MC_ROTATE_BIT_I/ROTATE_I/LD_SHIFT4_MPS_I/PIPE_G.ah_e0_reg[0][3]' (FD) to 'OPC_G.LD_OP_PAR_CHK_I/MC_ROTATE_BIT_I/ROTATE_I/LD_SHIFT4_MPS_I/PIPE_G.ah_e0_reg[0][15]'
INFO: [Synth 8-3886] merging instance 'OPC_G.LD_OP_PAR_CHK_I/MC_ROTATE_BIT_I/ROTATE_I/LD_SHIFT4_CPS_I/PIPE_G.ah_e0_reg[0][4]' (FD) to 'OPC_G.LD_OP_PAR_CHK_I/MC_ROTATE_BIT_I/ROTATE_I/LD_SHIFT4_CPS_I/PIPE_G.ah_e0_reg[0][15]'
INFO: [Synth 8-3886] merging instance 'OPC_G.LD_OP_PAR_CHK_I/MC_ROTATE_BIT_I/ROTATE_I/LD_SHIFT4_BPS_I/PIPE_G.ah_e0_reg[0][4]' (FD) to 'OPC_G.LD_OP_PAR_CHK_I/MC_ROTATE_BIT_I/ROTATE_I/LD_SHIFT4_BPS_I/PIPE_G.ah_e0_reg[0][15]'
INFO: [Synth 8-3886] merging instance 'OPC_G.LD_OP_PAR_CHK_I/MC_ROTATE_BIT_I/ROTATE_I/LD_SHIFT4_MPS_I/PIPE_G.ah_e0_reg[0][4]' (FD) to 'OPC_G.LD_OP_PAR_CHK_I/MC_ROTATE_BIT_I/ROTATE_I/LD_SHIFT4_MPS_I/PIPE_G.ah_e0_reg[0][15]'
INFO: [Synth 8-3886] merging instance 'OPC_G.LD_OP_PAR_CHK_I/MC_ROTATE_BIT_I/ROTATE_I/LD_SHIFT4_CPS_I/PIPE_G.ah_e0_reg[0][5]' (FD) to 'OPC_G.LD_OP_PAR_CHK_I/MC_ROTATE_BIT_I/ROTATE_I/LD_SHIFT4_CPS_I/PIPE_G.ah_e0_reg[0][15]'
INFO: [Synth 8-3886] merging instance 'OPC_G.LD_OP_PAR_CHK_I/MC_ROTATE_BIT_I/ROTATE_I/LD_SHIFT4_BPS_I/PIPE_G.ah_e0_reg[0][5]' (FD) to 'OPC_G.LD_OP_PAR_CHK_I/MC_ROTATE_BIT_I/ROTATE_I/LD_SHIFT4_BPS_I/PIPE_G.ah_e0_reg[0][15]'
INFO: [Synth 8-3886] merging instance 'OPC_G.LD_OP_PAR_CHK_I/MC_ROTATE_BIT_I/ROTATE_I/LD_SHIFT4_MPS_I/PIPE_G.ah_e0_reg[0][5]' (FD) to 'OPC_G.LD_OP_PAR_CHK_I/MC_ROTATE_BIT_I/ROTATE_I/LD_SHIFT4_MPS_I/PIPE_G.ah_e0_reg[0][15]'
INFO: [Synth 8-3886] merging instance 'OPC_G.LD_OP_PAR_CHK_I/MC_ROTATE_BIT_I/ROTATE_I/LD_SHIFT4_CPS_I/PIPE_G.ah_e0_reg[0][6]' (FD) to 'OPC_G.LD_OP_PAR_CHK_I/MC_ROTATE_BIT_I/ROTATE_I/LD_SHIFT4_CPS_I/PIPE_G.ah_e0_reg[0][15]'
INFO: [Synth 8-3886] merging instance 'OPC_G.LD_OP_PAR_CHK_I/MC_ROTATE_BIT_I/ROTATE_I/LD_SHIFT4_BPS_I/PIPE_G.ah_e0_reg[0][6]' (FD) to 'OPC_G.LD_OP_PAR_CHK_I/MC_ROTATE_BIT_I/ROTATE_I/LD_SHIFT4_BPS_I/PIPE_G.ah_e0_reg[0][15]'
INFO: [Synth 8-3886] merging instance 'OPC_G.LD_OP_PAR_CHK_I/MC_ROTATE_BIT_I/ROTATE_I/LD_SHIFT4_MPS_I/PIPE_G.ah_e0_reg[0][6]' (FD) to 'OPC_G.LD_OP_PAR_CHK_I/MC_ROTATE_BIT_I/ROTATE_I/LD_SHIFT4_MPS_I/PIPE_G.ah_e0_reg[0][15]'
INFO: [Synth 8-3886] merging instance 'OPC_G.LD_OP_PAR_CHK_I/MC_ROTATE_BIT_I/ROTATE_I/LD_SHIFT4_CPS_I/PIPE_G.ah_e0_reg[0][7]' (FD) to 'OPC_G.LD_OP_PAR_CHK_I/MC_ROTATE_BIT_I/ROTATE_I/LD_SHIFT4_CPS_I/PIPE_G.ah_e0_reg[0][15]'
INFO: [Synth 8-3886] merging instance 'OPC_G.LD_OP_PAR_CHK_I/MC_ROTATE_BIT_I/ROTATE_I/LD_SHIFT4_BPS_I/PIPE_G.ah_e0_reg[0][7]' (FD) to 'OPC_G.LD_OP_PAR_CHK_I/MC_ROTATE_BIT_I/ROTATE_I/LD_SHIFT4_BPS_I/PIPE_G.ah_e0_reg[0][15]'
INFO: [Synth 8-3886] merging instance 'OPC_G.LD_OP_PAR_CHK_I/MC_ROTATE_BIT_I/ROTATE_I/LD_SHIFT4_MPS_I/PIPE_G.ah_e0_reg[0][7]' (FD) to 'OPC_G.LD_OP_PAR_CHK_I/MC_ROTATE_BIT_I/ROTATE_I/LD_SHIFT4_MPS_I/PIPE_G.ah_e0_reg[0][15]'
INFO: [Synth 8-3886] merging instance 'OPC_G.LD_OP_PAR_CHK_I/MC_ROTATE_BIT_I/ROTATE_I/LD_SHIFT4_CPS_I/PIPE_G.ah_e0_reg[0][8]' (FD) to 'OPC_G.LD_OP_PAR_CHK_I/MC_ROTATE_BIT_I/ROTATE_I/LD_SHIFT4_CPS_I/PIPE_G.ah_e0_reg[0][15]'
INFO: [Synth 8-3886] merging instance 'OPC_G.LD_OP_PAR_CHK_I/MC_ROTATE_BIT_I/ROTATE_I/LD_SHIFT4_BPS_I/PIPE_G.ah_e0_reg[0][8]' (FD) to 'OPC_G.LD_OP_PAR_CHK_I/MC_ROTATE_BIT_I/ROTATE_I/LD_SHIFT4_BPS_I/PIPE_G.ah_e0_reg[0][15]'
INFO: [Synth 8-3886] merging instance 'OPC_G.LD_OP_PAR_CHK_I/MC_ROTATE_BIT_I/ROTATE_I/LD_SHIFT4_MPS_I/PIPE_G.ah_e0_reg[0][8]' (FD) to 'OPC_G.LD_OP_PAR_CHK_I/MC_ROTATE_BIT_I/ROTATE_I/LD_SHIFT4_MPS_I/PIPE_G.ah_e0_reg[0][15]'
INFO: [Synth 8-3886] merging instance 'OPC_G.LD_OP_PAR_CHK_I/MC_ROTATE_BIT_I/ROTATE_I/LD_SHIFT4_CPS_I/PIPE_G.ah_e0_reg[0][9]' (FD) to 'OPC_G.LD_OP_PAR_CHK_I/MC_ROTATE_BIT_I/ROTATE_I/LD_SHIFT4_CPS_I/PIPE_G.ah_e0_reg[0][15]'
INFO: [Synth 8-3886] merging instance 'OPC_G.LD_OP_PAR_CHK_I/MC_ROTATE_BIT_I/ROTATE_I/LD_SHIFT4_BPS_I/PIPE_G.ah_e0_reg[0][9]' (FD) to 'OPC_G.LD_OP_PAR_CHK_I/MC_ROTATE_BIT_I/ROTATE_I/LD_SHIFT4_BPS_I/PIPE_G.ah_e0_reg[0][15]'
INFO: [Synth 8-3886] merging instance 'OPC_G.LD_OP_PAR_CHK_I/MC_ROTATE_BIT_I/ROTATE_I/LD_SHIFT4_MPS_I/PIPE_G.ah_e0_reg[0][9]' (FD) to 'OPC_G.LD_OP_PAR_CHK_I/MC_ROTATE_BIT_I/ROTATE_I/LD_SHIFT4_MPS_I/PIPE_G.ah_e0_reg[0][15]'
INFO: [Synth 8-3886] merging instance 'OPC_G.LD_OP_PAR_CHK_I/MC_ROTATE_BIT_I/ROTATE_I/LD_SHIFT4_CPS_I/PIPE_G.ah_e0_reg[0][10]' (FD) to 'OPC_G.LD_OP_PAR_CHK_I/MC_ROTATE_BIT_I/ROTATE_I/LD_SHIFT4_CPS_I/PIPE_G.ah_e0_reg[0][15]'
INFO: [Synth 8-3886] merging instance 'OPC_G.LD_OP_PAR_CHK_I/MC_ROTATE_BIT_I/ROTATE_I/LD_SHIFT4_BPS_I/PIPE_G.ah_e0_reg[0][10]' (FD) to 'OPC_G.LD_OP_PAR_CHK_I/MC_ROTATE_BIT_I/ROTATE_I/LD_SHIFT4_BPS_I/PIPE_G.ah_e0_reg[0][15]'
INFO: [Synth 8-3886] merging instance 'OPC_G.LD_OP_PAR_CHK_I/MC_ROTATE_BIT_I/ROTATE_I/LD_SHIFT4_MPS_I/PIPE_G.ah_e0_reg[0][10]' (FD) to 'OPC_G.LD_OP_PAR_CHK_I/MC_ROTATE_BIT_I/ROTATE_I/LD_SHIFT4_MPS_I/PIPE_G.ah_e0_reg[0][15]'
INFO: [Synth 8-3886] merging instance 'OPC_G.LD_OP_PAR_CHK_I/MC_ROTATE_BIT_I/ROTATE_I/LD_SHIFT4_CPS_I/PIPE_G.ah_e0_reg[0][11]' (FD) to 'OPC_G.LD_OP_PAR_CHK_I/MC_ROTATE_BIT_I/ROTATE_I/LD_SHIFT4_CPS_I/PIPE_G.ah_e0_reg[0][15]'
INFO: [Synth 8-3886] merging instance 'OPC_G.LD_OP_PAR_CHK_I/MC_ROTATE_BIT_I/ROTATE_I/LD_SHIFT4_BPS_I/PIPE_G.ah_e0_reg[0][11]' (FD) to 'OPC_G.LD_OP_PAR_CHK_I/MC_ROTATE_BIT_I/ROTATE_I/LD_SHIFT4_BPS_I/PIPE_G.ah_e0_reg[0][15]'
INFO: [Synth 8-3886] merging instance 'OPC_G.LD_OP_PAR_CHK_I/MC_ROTATE_BIT_I/ROTATE_I/LD_SHIFT4_MPS_I/PIPE_G.ah_e0_reg[0][11]' (FD) to 'OPC_G.LD_OP_PAR_CHK_I/MC_ROTATE_BIT_I/ROTATE_I/LD_SHIFT4_MPS_I/PIPE_G.ah_e0_reg[0][15]'
INFO: [Synth 8-3886] merging instance 'OPC_G.LD_OP_PAR_CHK_I/MC_ROTATE_BIT_I/ROTATE_I/LD_SHIFT4_CPS_I/PIPE_G.ah_e0_reg[0][12]' (FD) to 'OPC_G.LD_OP_PAR_CHK_I/MC_ROTATE_BIT_I/ROTATE_I/LD_SHIFT4_CPS_I/PIPE_G.ah_e0_reg[0][15]'
INFO: [Synth 8-3886] merging instance 'OPC_G.LD_OP_PAR_CHK_I/MC_ROTATE_BIT_I/ROTATE_I/LD_SHIFT4_BPS_I/PIPE_G.ah_e0_reg[0][12]' (FD) to 'OPC_G.LD_OP_PAR_CHK_I/MC_ROTATE_BIT_I/ROTATE_I/LD_SHIFT4_BPS_I/PIPE_G.ah_e0_reg[0][15]'
INFO: [Synth 8-3886] merging instance 'OPC_G.LD_OP_PAR_CHK_I/MC_ROTATE_BIT_I/ROTATE_I/LD_SHIFT4_MPS_I/PIPE_G.ah_e0_reg[0][12]' (FD) to 'OPC_G.LD_OP_PAR_CHK_I/MC_ROTATE_BIT_I/ROTATE_I/LD_SHIFT4_MPS_I/PIPE_G.ah_e0_reg[0][15]'
INFO: [Synth 8-3886] merging instance 'OPC_G.LD_OP_PAR_CHK_I/MC_ROTATE_BIT_I/ROTATE_I/LD_SHIFT4_CPS_I/PIPE_G.ah_e0_reg[0][13]' (FD) to 'OPC_G.LD_OP_PAR_CHK_I/MC_ROTATE_BIT_I/ROTATE_I/LD_SHIFT4_CPS_I/PIPE_G.ah_e0_reg[0][15]'
INFO: [Synth 8-3886] merging instance 'OPC_G.LD_OP_PAR_CHK_I/MC_ROTATE_BIT_I/ROTATE_I/LD_SHIFT4_BPS_I/PIPE_G.ah_e0_reg[0][13]' (FD) to 'OPC_G.LD_OP_PAR_CHK_I/MC_ROTATE_BIT_I/ROTATE_I/LD_SHIFT4_BPS_I/PIPE_G.ah_e0_reg[0][15]'
INFO: [Synth 8-3886] merging instance 'OPC_G.LD_OP_PAR_CHK_I/MC_ROTATE_BIT_I/ROTATE_I/LD_SHIFT4_MPS_I/PIPE_G.ah_e0_reg[0][13]' (FD) to 'OPC_G.LD_OP_PAR_CHK_I/MC_ROTATE_BIT_I/ROTATE_I/LD_SHIFT4_MPS_I/PIPE_G.ah_e0_reg[0][15]'
INFO: [Synth 8-3886] merging instance 'OPC_G.LD_OP_PAR_CHK_I/MC_ROTATE_BIT_I/ROTATE_I/LD_SHIFT4_CPS_I/PIPE_G.ah_e0_reg[0][14]' (FD) to 'OPC_G.LD_OP_PAR_CHK_I/MC_ROTATE_BIT_I/ROTATE_I/LD_SHIFT4_CPS_I/PIPE_G.ah_e0_reg[0][15]'
INFO: [Synth 8-3886] merging instance 'OPC_G.LD_OP_PAR_CHK_I/MC_ROTATE_BIT_I/ROTATE_I/LD_SHIFT4_BPS_I/PIPE_G.ah_e0_reg[0][14]' (FD) to 'OPC_G.LD_OP_PAR_CHK_I/MC_ROTATE_BIT_I/ROTATE_I/LD_SHIFT4_BPS_I/PIPE_G.ah_e0_reg[0][15]'
INFO: [Synth 8-3886] merging instance 'OPC_G.LD_OP_PAR_CHK_I/MC_ROTATE_BIT_I/ROTATE_I/LD_SHIFT4_MPS_I/PIPE_G.ah_e0_reg[0][14]' (FD) to 'OPC_G.LD_OP_PAR_CHK_I/MC_ROTATE_BIT_I/ROTATE_I/LD_SHIFT4_MPS_I/PIPE_G.ah_e0_reg[0][15]'
INFO: [Synth 8-3333] propagating constant 0 across sequential element (\OPC_G.LD_OP_PAR_CHK_I /MC_ROTATE_BIT_I/\ROTATE_I/LD_SHIFT4_CPS_I /\PIPE_G.ah_e0_reg[0][15] )
INFO: [Synth 8-3333] propagating constant 0 across sequential element (\OPC_G.LD_OP_PAR_CHK_I /MC_ROTATE_BIT_I/\ROTATE_I/LD_SHIFT4_BPS_I /\PIPE_G.ah_e0_reg[0][15] )
INFO: [Synth 8-3333] propagating constant 0 across sequential element (\OPC_G.LD_OP_PAR_CHK_I /MC_ROTATE_BIT_I/\ROTATE_I/LD_SHIFT4_MPS_I /\PIPE_G.ah_e0_reg[0][15] )
INFO: [Synth 8-3886] merging instance 'OPC_G.LD_OP_PAR_CHK_I/MC_ROTATE_BIT_I/ROTATE_I/LD_SHIFT4_MPS_I/PIPE_G.ah_e0_reg[0][16]' (FD) to 'OPC_G.LD_OP_PAR_CHK_I/MC_ROTATE_BIT_I/ROTATE_I/LD_SHIFT4_MPS_I/PIPE_G.ah_e0_reg[0][17]'
INFO: [Synth 8-3886] merging instance 'OPC_G.LD_OP_PAR_CHK_I/MC_ROTATE_BIT_I/ROTATE_I/LD_SHIFT4_MPS_I/PIPE_G.ah_e0_reg[0][17]' (FD) to 'OPC_G.LD_OP_PAR_CHK_I/MC_ROTATE_BIT_I/ROTATE_I/LD_SHIFT4_MPS_I/PIPE_G.ah_e0_reg[0][18]'
INFO: [Synth 8-3886] merging instance 'OPC_G.LD_OP_PAR_CHK_I/MC_ROTATE_BIT_I/ROTATE_I/LD_SHIFT4_MPS_I/PIPE_G.ah_e0_reg[0][18]' (FD) to 'OPC_G.LD_OP_PAR_CHK_I/MC_ROTATE_BIT_I/ROTATE_I/LD_SHIFT4_MPS_I/PIPE_G.ah_e0_reg[0][19]'
INFO: [Synth 8-3886] merging instance 'OPC_G.LD_OP_PAR_CHK_I/MC_ROTATE_BIT_I/ROTATE_I/LD_SHIFT4_MPS_I/PIPE_G.ah_e0_reg[0][19]' (FD) to 'OPC_G.LD_OP_PAR_CHK_I/MC_ROTATE_BIT_I/ROTATE_I/LD_SHIFT4_MPS_I/PIPE_G.ah_e0_reg[0][20]'
INFO: [Synth 8-3886] merging instance 'OPC_G.LD_OP_PAR_CHK_I/MC_ROTATE_BIT_I/ROTATE_I/LD_SHIFT4_MPS_I/PIPE_G.ah_e0_reg[0][20]' (FD) to 'OPC_G.LD_OP_PAR_CHK_I/MC_ROTATE_BIT_I/ROTATE_I/LD_SHIFT4_MPS_I/PIPE_G.ah_e0_reg[0][21]'
INFO: [Synth 8-3886] merging instance 'OPC_G.LD_OP_PAR_CHK_I/MC_ROTATE_BIT_I/ROTATE_I/LD_SHIFT4_MPS_I/PIPE_G.ah_e0_reg[0][21]' (FD) to 'OPC_G.LD_OP_PAR_CHK_I/MC_ROTATE_BIT_I/ROTATE_I/LD_SHIFT4_MPS_I/PIPE_G.ah_e0_reg[0][22]'
INFO: [Synth 8-3886] merging instance 'OPC_G.LD_OP_PAR_CHK_I/MC_ROTATE_BIT_I/ROTATE_I/LD_SHIFT4_MPS_I/PIPE_G.ah_e0_reg[0][22]' (FD) to 'OPC_G.LD_OP_PAR_CHK_I/MC_ROTATE_BIT_I/ROTATE_I/LD_SHIFT4_MPS_I/PIPE_G.ah_e0_reg[0][23]'
INFO: [Synth 8-3886] merging instance 'OPC_G.LD_OP_PAR_CHK_I/MC_ROTATE_BIT_I/ROTATE_I/LD_SHIFT4_MPS_I/PIPE_G.ah_e0_reg[0][23]' (FD) to 'OPC_G.LD_OP_PAR_CHK_I/MC_ROTATE_BIT_I/ROTATE_I/LD_SHIFT4_MPS_I/PIPE_G.ah_e0_reg[0][24]'
INFO: [Synth 8-3886] merging instance 'OPC_G.LD_OP_PAR_CHK_I/MC_ROTATE_BIT_I/ROTATE_I/LD_SHIFT4_MPS_I/PIPE_G.ah_e0_reg[0][24]' (FD) to 'OPC_G.LD_OP_PAR_CHK_I/MC_ROTATE_BIT_I/ROTATE_I/LD_SHIFT4_MPS_I/PIPE_G.ah_e0_reg[0][25]'
INFO: [Synth 8-3886] merging instance 'OPC_G.LD_OP_PAR_CHK_I/MC_ROTATE_BIT_I/ROTATE_I/LD_SHIFT4_MPS_I/PIPE_G.ah_e0_reg[0][25]' (FD) to 'OPC_G.LD_OP_PAR_CHK_I/MC_ROTATE_BIT_I/ROTATE_I/LD_SHIFT4_MPS_I/PIPE_G.ah_e0_reg[0][26]'
INFO: [Synth 8-3886] merging instance 'OPC_G.LD_OP_PAR_CHK_I/MC_ROTATE_BIT_I/ROTATE_I/LD_SHIFT4_MPS_I/PIPE_G.ah_e0_reg[0][26]' (FD) to 'OPC_G.LD_OP_PAR_CHK_I/MC_ROTATE_BIT_I/ROTATE_I/LD_SHIFT4_MPS_I/PIPE_G.ah_e0_reg[0][27]'
INFO: [Synth 8-3886] merging instance 'OPC_G.LD_OP_PAR_CHK_I/MC_ROTATE_BIT_I/ROTATE_I/LD_SHIFT4_MPS_I/PIPE_G.ah_e0_reg[0][27]' (FD) to 'OPC_G.LD_OP_PAR_CHK_I/MC_ROTATE_BIT_I/ROTATE_I/LD_SHIFT4_MPS_I/PIPE_G.ah_e0_reg[0][28]'
INFO: [Synth 8-3886] merging instance 'OPC_G.LD_OP_PAR_CHK_I/MC_ROTATE_BIT_I/ROTATE_I/LD_SHIFT4_MPS_I/PIPE_G.ah_e0_reg[0][28]' (FD) to 'OPC_G.LD_OP_PAR_CHK_I/MC_ROTATE_BIT_I/ROTATE_I/LD_SHIFT4_MPS_I/PIPE_G.ah_e0_reg[0][29]'
INFO: [Synth 8-3886] merging instance 'OPC_G.LD_OP_PAR_CHK_I/MC_ROTATE_BIT_I/ROTATE_I/LD_SHIFT4_MPS_I/PIPE_G.ah_e0_reg[0][29]' (FD) to 'OPC_G.LD_OP_PAR_CHK_I/MC_ROTATE_BIT_I/ROTATE_I/LD_SHIFT4_MPS_I/PIPE_G.ah_e0_reg[0][30]'
INFO: [Synth 8-3886] merging instance 'OPC_G.LD_OP_PAR_CHK_I/MC_ROTATE_BIT_I/ROTATE_I/LD_SHIFT4_MPS_I/PIPE_G.ah_e0_reg[0][30]' (FD) to 'OPC_G.LD_OP_PAR_CHK_I/MC_ROTATE_BIT_I/ROTATE_I/LD_SHIFT4_MPS_I/PIPE_G.ah_e0_reg[0][31]'
INFO: [Synth 8-3886] merging instance 'OPC_G.LD_OP_PAR_CHK_I/MC_ROTATE_BIT_I/ROTATE_I/LD_SHIFT4_MPS_I/PIPE_G.ah_e0_reg[0][43]' (FD) to 'OPC_G.LD_OP_PAR_CHK_I/MC_ROTATE_BIT_I/ROTATE_I/LD_SHIFT4_MPS_I/PIPE_G.ah_e0_reg[0][39]'
INFO: [Synth 8-3886] merging instance 'OPC_G.LD_OP_PAR_CHK_I/MC_ROTATE_BIT_I/ROTATE_I/LD_SHIFT4_MPS_I/PIPE_G.ah_e0_reg[0][39]' (FD) to 'OPC_G.LD_OP_PAR_CHK_I/MC_ROTATE_BIT_I/ROTATE_I/LD_SHIFT4_MPS_I/PIPE_G.ah_e0_reg[0][35]'
INFO: [Synth 8-3886] merging instance 'OPC_G.LD_OP_PAR_CHK_I/MC_ROTATE_BIT_I/ROTATE_I/LD_SHIFT4_MPS_I/PIPE_G.ah_e0_reg[0][35]' (FD) to 'OPC_G.LD_OP_PAR_CHK_I/MC_ROTATE_BIT_I/ROTATE_I/LD_SHIFT4_MPS_I/PIPE_G.ah_e0_reg[0][44]'
INFO: [Synth 8-3886] merging instance 'OPC_G.LD_OP_PAR_CHK_I/MC_ROTATE_BIT_I/ROTATE_I/LD_SHIFT4_MPS_I/PIPE_G.ah_e0_reg[0][44]' (FD) to 'OPC_G.LD_OP_PAR_CHK_I/MC_ROTATE_BIT_I/ROTATE_I/LD_SHIFT4_MPS_I/PIPE_G.ah_e0_reg[0][40]'
INFO: [Synth 8-3886] merging instance 'OPC_G.LD_OP_PAR_CHK_I/MC_ROTATE_BIT_I/ROTATE_I/LD_SHIFT4_MPS_I/PIPE_G.ah_e0_reg[0][40]' (FD) to 'OPC_G.LD_OP_PAR_CHK_I/MC_ROTATE_BIT_I/ROTATE_I/LD_SHIFT4_MPS_I/PIPE_G.ah_e0_reg[0][36]'
INFO: [Synth 8-3886] merging instance 'OPC_G.LD_OP_PAR_CHK_I/MC_ROTATE_BIT_I/ROTATE_I/LD_SHIFT4_MPS_I/PIPE_G.ah_e0_reg[0][36]' (FD) to 'OPC_G.LD_OP_PAR_CHK_I/MC_ROTATE_BIT_I/ROTATE_I/LD_SHIFT4_MPS_I/PIPE_G.ah_e0_reg[0][32]'
INFO: [Synth 8-3886] merging instance 'OPC_G.LD_OP_PAR_CHK_I/MC_ROTATE_BIT_I/ROTATE_I/LD_SHIFT4_MPS_I/PIPE_G.ah_e0_reg[0][32]' (FD) to 'OPC_G.LD_OP_PAR_CHK_I/MC_ROTATE_BIT_I/ROTATE_I/LD_SHIFT4_MPS_I/PIPE_G.ah_e0_reg[0][45]'
INFO: [Synth 8-3886] merging instance 'OPC_G.LD_OP_PAR_CHK_I/MC_ROTATE_BIT_I/ROTATE_I/LD_SHIFT4_MPS_I/PIPE_G.ah_e0_reg[0][45]' (FD) to 'OPC_G.LD_OP_PAR_CHK_I/MC_ROTATE_BIT_I/ROTATE_I/LD_SHIFT4_MPS_I/PIPE_G.ah_e0_reg[0][41]'
INFO: [Synth 8-3886] merging instance 'OPC_G.LD_OP_PAR_CHK_I/MC_ROTATE_BIT_I/ROTATE_I/LD_SHIFT4_MPS_I/PIPE_G.ah_e0_reg[0][41]' (FD) to 'OPC_G.LD_OP_PAR_CHK_I/MC_ROTATE_BIT_I/ROTATE_I/LD_SHIFT4_MPS_I/PIPE_G.ah_e0_reg[0][37]'
INFO: [Synth 8-3886] merging instance 'OPC_G.LD_OP_PAR_CHK_I/MC_ROTATE_BIT_I/ROTATE_I/LD_SHIFT4_MPS_I/PIPE_G.ah_e0_reg[0][37]' (FD) to 'OPC_G.LD_OP_PAR_CHK_I/MC_ROTATE_BIT_I/ROTATE_I/LD_SHIFT4_MPS_I/PIPE_G.ah_e0_reg[0][33]'
INFO: [Synth 8-3886] merging instance 'OPC_G.LD_OP_PAR_CHK_I/MC_ROTATE_BIT_I/ROTATE_I/LD_SHIFT4_MPS_I/PIPE_G.ah_e0_reg[0][33]' (FD) to 'OPC_G.LD_OP_PAR_CHK_I/MC_ROTATE_BIT_I/ROTATE_I/LD_SHIFT4_MPS_I/PIPE_G.ah_e0_reg[0][46]'
INFO: [Synth 8-3886] merging instance 'OPC_G.LD_OP_PAR_CHK_I/MC_ROTATE_BIT_I/ROTATE_I/LD_SHIFT4_MPS_I/PIPE_G.ah_e0_reg[0][46]' (FD) to 'OPC_G.LD_OP_PAR_CHK_I/MC_ROTATE_BIT_I/ROTATE_I/LD_SHIFT4_MPS_I/PIPE_G.ah_e0_reg[0][42]'
INFO: [Synth 8-3886] merging instance 'OPC_G.LD_OP_PAR_CHK_I/MC_ROTATE_BIT_I/ROTATE_I/LD_SHIFT4_MPS_I/PIPE_G.ah_e0_reg[0][42]' (FD) to 'OPC_G.LD_OP_PAR_CHK_I/MC_ROTATE_BIT_I/ROTATE_I/LD_SHIFT4_MPS_I/PIPE_G.ah_e0_reg[0][38]'
INFO: [Synth 8-3886] merging instance 'OPC_G.LD_OP_PAR_CHK_I/MC_ROTATE_BIT_I/ROTATE_I/LD_SHIFT4_MPS_I/PIPE_G.ah_e0_reg[0][38]' (FD) to 'OPC_G.LD_OP_PAR_CHK_I/MC_ROTATE_BIT_I/ROTATE_I/LD_SHIFT4_MPS_I/PIPE_G.ah_e0_reg[0][34]'
INFO: [Synth 8-3886] merging instance 'OPC_G.LD_OP_PAR_CHK_I/MC_ROTATE_BIT_I/ROTATE_I/LD_SHIFT4_MPS_I/PIPE_G.ah_e0_reg[1][0]' (FD) to 'OPC_G.LD_OP_PAR_CHK_I/MC_ROTATE_BIT_I/ROTATE_I/LD_SHIFT4_MPS_I/PIPE_G.ah_e0_reg[1][1]'
INFO: [Synth 8-3886] merging instance 'OPC_G.LD_OP_PAR_CHK_I/MC_ROTATE_BIT_I/ROTATE_I/LD_SHIFT4_MPS_I/PIPE_G.ah_e0_reg[1][1]' (FD) to 'OPC_G.LD_OP_PAR_CHK_I/MC_ROTATE_BIT_I/ROTATE_I/LD_SHIFT4_MPS_I/PIPE_G.ah_e0_reg[1][2]'
INFO: [Synth 8-3886] merging instance 'OPC_G.LD_OP_PAR_CHK_I/MC_ROTATE_BIT_I/ROTATE_I/LD_SHIFT4_MPS_I/PIPE_G.ah_e0_reg[1][2]' (FD) to 'OPC_G.LD_OP_PAR_CHK_I/MC_ROTATE_BIT_I/ROTATE_I/LD_SHIFT4_MPS_I/PIPE_G.ah_e0_reg[1][3]'
INFO: [Synth 8-3886] merging instance 'OPC_G.LD_OP_PAR_CHK_I/MC_ROTATE_BIT_I/ROTATE_I/LD_SHIFT4_MPS_I/PIPE_G.ah_e0_reg[1][3]' (FD) to 'OPC_G.LD_OP_PAR_CHK_I/MC_ROTATE_BIT_I/ROTATE_I/LD_SHIFT4_MPS_I/PIPE_G.ah_e0_reg[1][4]'
INFO: [Synth 8-3886] merging instance 'OPC_G.LD_OP_PAR_CHK_I/MC_ROTATE_BIT_I/ROTATE_I/LD_SHIFT4_MPS_I/PIPE_G.ah_e0_reg[1][4]' (FD) to 'OPC_G.LD_OP_PAR_CHK_I/MC_ROTATE_BIT_I/ROTATE_I/LD_SHIFT4_MPS_I/PIPE_G.ah_e0_reg[1][5]'
INFO: [Synth 8-3886] merging instance 'OPC_G.LD_OP_PAR_CHK_I/MC_ROTATE_BIT_I/ROTATE_I/LD_SHIFT4_MPS_I/PIPE_G.ah_e0_reg[1][5]' (FD) to 'OPC_G.LD_OP_PAR_CHK_I/MC_ROTATE_BIT_I/ROTATE_I/LD_SHIFT4_MPS_I/PIPE_G.ah_e0_reg[1][6]'
INFO: [Synth 8-3886] merging instance 'OPC_G.LD_OP_PAR_CHK_I/MC_ROTATE_BIT_I/ROTATE_I/LD_SHIFT4_MPS_I/PIPE_G.ah_e0_reg[1][6]' (FD) to 'OPC_G.LD_OP_PAR_CHK_I/MC_ROTATE_BIT_I/ROTATE_I/LD_SHIFT4_MPS_I/PIPE_G.ah_e0_reg[1][7]'
INFO: [Synth 8-3886] merging instance 'OPC_G.LD_OP_PAR_CHK_I/MC_ROTATE_BIT_I/ROTATE_I/LD_SHIFT4_MPS_I/PIPE_G.ah_e0_reg[1][7]' (FD) to 'OPC_G.LD_OP_PAR_CHK_I/MC_ROTATE_BIT_I/ROTATE_I/LD_SHIFT4_MPS_I/PIPE_G.ah_e0_reg[1][8]'
INFO: [Synth 8-3886] merging instance 'OPC_G.LD_OP_PAR_CHK_I/MC_ROTATE_BIT_I/ROTATE_I/LD_SHIFT4_MPS_I/PIPE_G.ah_e0_reg[1][8]' (FD) to 'OPC_G.LD_OP_PAR_CHK_I/MC_ROTATE_BIT_I/ROTATE_I/LD_SHIFT4_MPS_I/PIPE_G.ah_e0_reg[1][9]'
INFO: [Synth 8-3886] merging instance 'OPC_G.LD_OP_PAR_CHK_I/MC_ROTATE_BIT_I/ROTATE_I/LD_SHIFT4_MPS_I/PIPE_G.ah_e0_reg[1][9]' (FD) to 'OPC_G.LD_OP_PAR_CHK_I/MC_ROTATE_BIT_I/ROTATE_I/LD_SHIFT4_MPS_I/PIPE_G.ah_e0_reg[1][10]'
INFO: [Synth 8-3886] merging instance 'OPC_G.LD_OP_PAR_CHK_I/MC_ROTATE_BIT_I/ROTATE_I/LD_SHIFT4_MPS_I/PIPE_G.ah_e0_reg[1][10]' (FD) to 'OPC_G.LD_OP_PAR_CHK_I/MC_ROTATE_BIT_I/ROTATE_I/LD_SHIFT4_MPS_I/PIPE_G.ah_e0_reg[1][11]'
INFO: [Synth 8-3886] merging instance 'OPC_G.LD_OP_PAR_CHK_I/MC_ROTATE_BIT_I/ROTATE_I/LD_SHIFT4_MPS_I/PIPE_G.ah_e0_reg[1][11]' (FD) to 'OPC_G.LD_OP_PAR_CHK_I/MC_ROTATE_BIT_I/ROTATE_I/LD_SHIFT4_MPS_I/PIPE_G.ah_e0_reg[1][12]'
INFO: [Synth 8-3886] merging instance 'OPC_G.LD_OP_PAR_CHK_I/MC_ROTATE_BIT_I/ROTATE_I/LD_SHIFT4_MPS_I/PIPE_G.ah_e0_reg[1][12]' (FD) to 'OPC_G.LD_OP_PAR_CHK_I/MC_ROTATE_BIT_I/ROTATE_I/LD_SHIFT4_MPS_I/PIPE_G.ah_e0_reg[1][13]'
INFO: [Synth 8-3886] merging instance 'OPC_G.LD_OP_PAR_CHK_I/MC_ROTATE_BIT_I/ROTATE_I/LD_SHIFT4_MPS_I/PIPE_G.ah_e0_reg[1][13]' (FD) to 'OPC_G.LD_OP_PAR_CHK_I/MC_ROTATE_BIT_I/ROTATE_I/LD_SHIFT4_MPS_I/PIPE_G.ah_e0_reg[1][14]'
INFO: [Synth 8-3886] merging instance 'OPC_G.LD_OP_PAR_CHK_I/MC_ROTATE_BIT_I/ROTATE_I/LD_SHIFT4_MPS_I/PIPE_G.ah_e0_reg[1][14]' (FD) to 'OPC_G.LD_OP_PAR_CHK_I/MC_ROTATE_BIT_I/ROTATE_I/LD_SHIFT4_MPS_I/PIPE_G.ah_e0_reg[1][15]'
INFO: [Synth 8-3886] merging instance 'OPC_G.LD_OP_PAR_CHK_I/MC_ROTATE_BIT_I/ROTATE_I/LD_SHIFT4_MPS_I/PIPE_G.ah_e0_reg[1][16]' (FD) to 'OPC_G.LD_OP_PAR_CHK_I/MC_ROTATE_BIT_I/ROTATE_I/LD_SHIFT4_MPS_I/PIPE_G.ah_e0_reg[1][17]'
INFO: [Synth 8-3886] merging instance 'OPC_G.LD_OP_PAR_CHK_I/MC_ROTATE_BIT_I/ROTATE_I/LD_SHIFT4_MPS_I/PIPE_G.ah_e0_reg[1][17]' (FD) to 'OPC_G.LD_OP_PAR_CHK_I/MC_ROTATE_BIT_I/ROTATE_I/LD_SHIFT4_MPS_I/PIPE_G.ah_e0_reg[1][18]'
INFO: [Synth 8-3886] merging instance 'OPC_G.LD_OP_PAR_CHK_I/MC_ROTATE_BIT_I/ROTATE_I/LD_SHIFT4_MPS_I/PIPE_G.ah_e0_reg[1][18]' (FD) to 'OPC_G.LD_OP_PAR_CHK_I/MC_ROTATE_BIT_I/ROTATE_I/LD_SHIFT4_MPS_I/PIPE_G.ah_e0_reg[1][19]'
INFO: [Synth 8-3886] merging instance 'OPC_G.LD_OP_PAR_CHK_I/MC_ROTATE_BIT_I/ROTATE_I/LD_SHIFT4_MPS_I/PIPE_G.ah_e0_reg[1][19]' (FD) to 'OPC_G.LD_OP_PAR_CHK_I/MC_ROTATE_BIT_I/ROTATE_I/LD_SHIFT4_MPS_I/PIPE_G.ah_e0_reg[1][20]'
INFO: [Synth 8-3886] merging instance 'OPC_G.LD_OP_PAR_CHK_I/MC_ROTATE_BIT_I/ROTATE_I/LD_SHIFT4_MPS_I/PIPE_G.ah_e0_reg[1][20]' (FD) to 'OPC_G.LD_OP_PAR_CHK_I/MC_ROTATE_BIT_I/ROTATE_I/LD_SHIFT4_MPS_I/PIPE_G.ah_e0_reg[1][21]'
INFO: [Synth 8-3886] merging instance 'OPC_G.LD_OP_PAR_CHK_I/MC_ROTATE_BIT_I/ROTATE_I/LD_SHIFT4_MPS_I/PIPE_G.ah_e0_reg[1][21]' (FD) to 'OPC_G.LD_OP_PAR_CHK_I/MC_ROTATE_BIT_I/ROTATE_I/LD_SHIFT4_MPS_I/PIPE_G.ah_e0_reg[1][22]'
INFO: [Synth 8-3886] merging instance 'OPC_G.LD_OP_PAR_CHK_I/MC_ROTATE_BIT_I/ROTATE_I/LD_SHIFT4_MPS_I/PIPE_G.ah_e0_reg[1][22]' (FD) to 'OPC_G.LD_OP_PAR_CHK_I/MC_ROTATE_BIT_I/ROTATE_I/LD_SHIFT4_MPS_I/PIPE_G.ah_e0_reg[1][23]'
INFO: [Common 17-14] Message 'Synth 8-3886' appears 100 times and further instances of the messages will be disabled. Use the Tcl command set_msg_config to change the current settings.
INFO: [Synth 8-3333] propagating constant 0 across sequential element (\OPC_G.LD_OP_PAR_CHK_I /MC_ROTATE_BIT_I/\ROTATE_I/LD_SHIFT4_APS_I /\PIPE_G.ah_e0_reg[3][34] )
INFO: [Synth 8-3333] propagating constant 0 across sequential element (\OPC_G.LD_OP_PAR_CHK_I /LD_OP_PAR_CHK_CTRL_I/\outer_count_rf_i0_reg[it][3] )
INFO: [Synth 8-3333] propagating constant 0 across sequential element (\OPC_G.LD_OP_PAR_CHK_I /LD_OP_PAR_CHK_CTRL_I/\outer_count_rf_i0_reg[it][5] )
INFO: [Synth 8-3333] propagating constant 0 across sequential element (\OPC_G.LD_OP_PAR_CHK_I /LD_OP_PAR_CHK_CTRL_I/\outer_count_rf_i0_reg[it][4] )
INFO: [Synth 8-3333] propagating constant 0 across sequential element (\OPC_G.LD_OP_PAR_CHK_I /LD_OP_PAR_CHK_CTRL_I/\outer_count_rf_i0_reg[it][2] )
INFO: [Synth 8-3333] propagating constant 0 across sequential element (\OPC_G.LD_OP_PAR_CHK_I /LD_OP_PAR_CHK_CTRL_I/\outer_count_rf_i0_reg[it][0] )
INFO: [Synth 8-3333] propagating constant 0 across sequential element (\OPC_G.LD_OP_PAR_CHK_I /LD_OP_PAR_CHK_CTRL_I/\outer_count_rf_i0_reg[it][1] )
INFO: [Synth 8-3333] propagating constant 0 across sequential element (\OPC_G.LD_OP_PAR_CHK_I /LD_OP_PAR_CHK_CTRL_I/early_precomp_i41)
INFO: [Synth 8-3333] propagating constant 0 across sequential element (\OPC_G.LD_OP_PAR_CHK_I /MC_ROTATE_BIT_I/\ROTATE_I/LD_SHIFT4_CPS_I /\ah_e1_reg[0][3] )
INFO: [Synth 8-3333] propagating constant 0 across sequential element (\OPC_G.LD_OP_PAR_CHK_I /MC_ROTATE_BIT_I/\ROTATE_I/LD_SHIFT4_BPS_I /\ah_e1_reg[0][3] )
INFO: [Synth 8-3333] propagating constant 0 across sequential element (\OPC_G.LD_OP_PAR_CHK_I /MC_ROTATE_BIT_I/\ROTATE_I/LD_SHIFT4_MPS_I /\ah_e1_reg[0][3] )
INFO: [Synth 8-3333] propagating constant 0 across sequential element (\OPC_G.LD_OP_PAR_CHK_I /MC_ROTATE_BIT_I/\ROTATE_I/LD_SHIFT4_APS_I /\ah_e1_reg[3][34] )
INFO: [Synth 8-3333] propagating constant 0 across sequential element (\OPC_G.LD_OP_PAR_CHK_I /LD_OP_PAR_CHK_CTRL_I/early_precomp_i41__3)
INFO: [Synth 8-3333] propagating constant 1 across sequential element (\OPC_G.LD_OP_PAR_CHK_I /MC_ROTATE_BIT_I/\ROTATE_I/LD_SHIFT4_MPS_I /\PIPE_G.ah_e0_reg[3][34] )
INFO: [Synth 8-3333] propagating constant 1 across sequential element (\OPC_G.LD_OP_PAR_CHK_I /MC_ROTATE_BIT_I/\ROTATE_I/LD_SHIFT4_MPS_I /\PIPE_G.ah_e0_reg[3][34] )
