Time resolution is 1 ps
Time:                 5000, m_axis_tvalid: 0, m_axis_tready: 0
Time:                15000, m_axis_tvalid: 0, m_axis_tready: 0
          1-é áčň: 0
Time:                25000, m_axis_tvalid: 1, m_axis_tready: 1
Time:                35000, m_axis_tvalid: 1, m_axis_tready: 0
          2-é áčň: 0
Time:                45000, m_axis_tvalid: 1, m_axis_tready: 1
Time:                55000, m_axis_tvalid: 1, m_axis_tready: 0
          3-é áčň: 0
Time:                65000, m_axis_tvalid: 1, m_axis_tready: 1
Time:                75000, m_axis_tvalid: 1, m_axis_tready: 0
          4-é áčň: 0
Time:                85000, m_axis_tvalid: 1, m_axis_tready: 1
Time:                95000, m_axis_tvalid: 1, m_axis_tready: 0
          5-é áčň: 1
Time:               105000, m_axis_tvalid: 1, m_axis_tready: 1
Time:               115000, m_axis_tvalid: 1, m_axis_tready: 0
          6-é áčň: 0
Time:               125000, m_axis_tvalid: 1, m_axis_tready: 1
Time:               135000, m_axis_tvalid: 1, m_axis_tready: 0
          7-é áčň: 1
Time:               145000, m_axis_tvalid: 1, m_axis_tready: 1
Time:               155000, m_axis_tvalid: 1, m_axis_tready: 0
          8-é áčň: 1
Time:               165000, m_axis_tvalid: 1, m_axis_tready: 1
Time:               175000, m_axis_tvalid: 1, m_axis_tready: 0
          9-é áčň: 0
Time:               185000, m_axis_tvalid: 1, m_axis_tready: 1
Time:               195000, m_axis_tvalid: 1, m_axis_tready: 0
         10-é áčň: 1
Time:               205000, m_axis_tvalid: 1, m_axis_tready: 1
Time:               215000, m_axis_tvalid: 1, m_axis_tready: 0
         11-é áčň: 1
Time:               225000, m_axis_tvalid: 1, m_axis_tready: 1
Time:               235000, m_axis_tvalid: 1, m_axis_tready: 0
         12-é áčň: 1
Time:               245000, m_axis_tvalid: 1, m_axis_tready: 1
Time:               255000, m_axis_tvalid: 1, m_axis_tready: 0
         13-é áčň: 1
Time:               265000, m_axis_tvalid: 1, m_axis_tready: 1
Time:               275000, m_axis_tvalid: 1, m_axis_tready: 0
         14-é áčň: 1
Time:               285000, m_axis_tvalid: 1, m_axis_tready: 1
Time:               295000, m_axis_tvalid: 1, m_axis_tready: 0
         15-é áčň: 1
Time:               305000, m_axis_tvalid: 1, m_axis_tready: 1
Time:               315000, m_axis_tvalid: 1, m_axis_tready: 0
         16-é áčň: 1
Time:               325000, m_axis_tvalid: 1, m_axis_tready: 1
Time:               335000, m_axis_tvalid: 1, m_axis_tready: 0
         17-é áčň: 0
Time:               345000, m_axis_tvalid: 1, m_axis_tready: 1
Time:               355000, m_axis_tvalid: 1, m_axis_tready: 0
         18-é áčň: 0
Time:               365000, m_axis_tvalid: 1, m_axis_tready: 1
Time:               375000, m_axis_tvalid: 1, m_axis_tready: 0
         19-é áčň: 1
Time:               385000, m_axis_tvalid: 1, m_axis_tready: 1
Time:               395000, m_axis_tvalid: 1, m_axis_tready: 0
         20-é áčň: 1
Time:               405000, m_axis_tvalid: 1, m_axis_tready: 1
Time:               415000, m_axis_tvalid: 1, m_axis_tready: 0
         21-é áčň: 0
Time:               425000, m_axis_tvalid: 1, m_axis_tready: 1
Time:               435000, m_axis_tvalid: 1, m_axis_tready: 0
         22-é áčň: 1
Time:               445000, m_axis_tvalid: 1, m_axis_tready: 1
Time:               455000, m_axis_tvalid: 1, m_axis_tready: 0
         23-é áčň: 0
Time:               465000, m_axis_tvalid: 1, m_axis_tready: 1
Time:               475000, m_axis_tvalid: 1, m_axis_tready: 0
         24-é áčň: 0
Time:               485000, m_axis_tvalid: 1, m_axis_tready: 1
Time:               495000, m_axis_tvalid: 1, m_axis_tready: 0
         25-é áčň: 1
Time:               505000, m_axis_tvalid: 1, m_axis_tready: 1
Time:               515000, m_axis_tvalid: 1, m_axis_tready: 0
         26-é áčň: 0
Time:               525000, m_axis_tvalid: 1, m_axis_tready: 1
Time:               535000, m_axis_tvalid: 1, m_axis_tready: 0
         27-é áčň: 1
Time:               545000, m_axis_tvalid: 1, m_axis_tready: 1
Time:               555000, m_axis_tvalid: 1, m_axis_tready: 0
         28-é áčň: 0
Time:               565000, m_axis_tvalid: 1, m_axis_tready: 1
Time:               575000, m_axis_tvalid: 1, m_axis_tready: 0
         29-é áčň: 1
Time:               585000, m_axis_tvalid: 1, m_axis_tready: 1
Time:               595000, m_axis_tvalid: 1, m_axis_tready: 0
         30-é áčň: 1
Time:               605000, m_axis_tvalid: 1, m_axis_tready: 1
Time:               615000, m_axis_tvalid: 1, m_axis_tready: 0
         31-é áčň: 1
Time:               625000, m_axis_tvalid: 1, m_axis_tready: 1
Time:               635000, m_axis_tvalid: 1, m_axis_tready: 0
         32-é áčň: 1
Time:               645000, m_axis_tvalid: 1, m_axis_tready: 1
Time:               655000, m_axis_tvalid: 1, m_axis_tready: 0
         33-é áčň: 1
Time:               665000, m_axis_tvalid: 1, m_axis_tready: 1
Time:               675000, m_axis_tvalid: 1, m_axis_tready: 0
         34-é áčň: 1
Time:               685000, m_axis_tvalid: 1, m_axis_tready: 1
Time:               695000, m_axis_tvalid: 1, m_axis_tready: 0
         35-é áčň: 0
Time:               705000, m_axis_tvalid: 1, m_axis_tready: 1
Time:               715000, m_axis_tvalid: 1, m_axis_tready: 0
         36-é áčň: 1
Time:               725000, m_axis_tvalid: 1, m_axis_tready: 1
Time:               735000, m_axis_tvalid: 1, m_axis_tready: 0
         37-é áčň: 1
Time:               745000, m_axis_tvalid: 1, m_axis_tready: 1
Time:               755000, m_axis_tvalid: 1, m_axis_tready: 0
         38-é áčň: 1
Time:               765000, m_axis_tvalid: 1, m_axis_tready: 1
Time:               775000, m_axis_tvalid: 1, m_axis_tready: 0
         39-é áčň: 0
Time:               785000, m_axis_tvalid: 1, m_axis_tready: 1
Time:               795000, m_axis_tvalid: 1, m_axis_tready: 0
         40-é áčň: 1
Time:               805000, m_axis_tvalid: 1, m_axis_tready: 1
Time:               815000, m_axis_tvalid: 1, m_axis_tready: 0
         41-é áčň: 0
Time:               825000, m_axis_tvalid: 1, m_axis_tready: 1
Time:               835000, m_axis_tvalid: 1, m_axis_tready: 0
         42-é áčň: 1
Time:               845000, m_axis_tvalid: 1, m_axis_tready: 1
Time:               855000, m_axis_tvalid: 1, m_axis_tready: 0
         43-é áčň: 1
Time:               865000, m_axis_tvalid: 1, m_axis_tready: 1
Time:               875000, m_axis_tvalid: 1, m_axis_tready: 0
         44-é áčň: 1
Time:               885000, m_axis_tvalid: 1, m_axis_tready: 1
Time:               895000, m_axis_tvalid: 1, m_axis_tready: 0
         45-é áčň: 0
Time:               905000, m_axis_tvalid: 1, m_axis_tready: 1
Time:               915000, m_axis_tvalid: 1, m_axis_tready: 0
         46-é áčň: 0
Time:               925000, m_axis_tvalid: 1, m_axis_tready: 1
Time:               935000, m_axis_tvalid: 1, m_axis_tready: 0
         47-é áčň: 1
Time:               945000, m_axis_tvalid: 1, m_axis_tready: 1
Time:               955000, m_axis_tvalid: 1, m_axis_tready: 0
         48-é áčň: 1
Time:               965000, m_axis_tvalid: 1, m_axis_tready: 1
Time:               975000, m_axis_tvalid: 1, m_axis_tready: 0
         49-é áčň: 1
Time:               985000, m_axis_tvalid: 1, m_axis_tready: 1
Time:               995000, m_axis_tvalid: 1, m_axis_tready: 0
         50-é áčň: 0
Time:              1005000, m_axis_tvalid: 1, m_axis_tready: 1
Time:              1015000, m_axis_tvalid: 1, m_axis_tready: 0
         51-é áčň: 0
Time:              1025000, m_axis_tvalid: 1, m_axis_tready: 1
Time:              1035000, m_axis_tvalid: 1, m_axis_tready: 0
         52-é áčň: 0
Time:              1045000, m_axis_tvalid: 1, m_axis_tready: 1
Time:              1055000, m_axis_tvalid: 1, m_axis_tready: 0
         53-é áčň: 0
Time:              1065000, m_axis_tvalid: 1, m_axis_tready: 1
Time:              1075000, m_axis_tvalid: 1, m_axis_tready: 0
         54-é áčň: 0
Time:              1085000, m_axis_tvalid: 1, m_axis_tready: 1
Time:              1095000, m_axis_tvalid: 1, m_axis_tready: 0
         55-é áčň: 1
Time:              1105000, m_axis_tvalid: 1, m_axis_tready: 1
Time:              1115000, m_axis_tvalid: 1, m_axis_tready: 0
         56-é áčň: 0
Time:              1125000, m_axis_tvalid: 1, m_axis_tready: 1
Time:              1135000, m_axis_tvalid: 1, m_axis_tready: 0
         57-é áčň: 0
Time:              1145000, m_axis_tvalid: 1, m_axis_tready: 1
Time:              1155000, m_axis_tvalid: 1, m_axis_tready: 0
         58-é áčň: 0
Time:              1165000, m_axis_tvalid: 1, m_axis_tready: 1
Time:              1175000, m_axis_tvalid: 1, m_axis_tready: 0
         59-é áčň: 1
Time:              1185000, m_axis_tvalid: 1, m_axis_tready: 1
Time:              1195000, m_axis_tvalid: 1, m_axis_tready: 0
         60-é áčň: 0
Time:              1205000, m_axis_tvalid: 1, m_axis_tready: 1
Time:              1215000, m_axis_tvalid: 1, m_axis_tready: 0
         61-é áčň: 0
Time:              1225000, m_axis_tvalid: 1, m_axis_tready: 1
Time:              1235000, m_axis_tvalid: 1, m_axis_tready: 0
         62-é áčň: 0
Time:              1245000, m_axis_tvalid: 1, m_axis_tready: 1
Time:              1255000, m_axis_tvalid: 1, m_axis_tready: 0
         63-é áčň: 1
Time:              1265000, m_axis_tvalid: 1, m_axis_tready: 1
Time:              1275000, m_axis_tvalid: 1, m_axis_tready: 0
         64-é áčň: 0
Time:              1285000, m_axis_tvalid: 1, m_axis_tready: 1
Time:              1295000, m_axis_tvalid: 1, m_axis_tready: 0
         65-é áčň: 0
Time:              1305000, m_axis_tvalid: 1, m_axis_tready: 1
Time:              1315000, m_axis_tvalid: 1, m_axis_tready: 0
         66-é áčň: 0
Time:              1325000, m_axis_tvalid: 1, m_axis_tready: 1
Time:              1335000, m_axis_tvalid: 1, m_axis_tready: 0
         67-é áčň: 0
Time:              1345000, m_axis_tvalid: 1, m_axis_tready: 1
Time:              1355000, m_axis_tvalid: 1, m_axis_tready: 0
         68-é áčň: 0
Time:              1365000, m_axis_tvalid: 1, m_axis_tready: 1
Time:              1375000, m_axis_tvalid: 1, m_axis_tready: 0
         69-é áčň: 1
Time:              1385000, m_axis_tvalid: 1, m_axis_tready: 1
Time:              1395000, m_axis_tvalid: 1, m_axis_tready: 0
         70-é áčň: 1
Time:              1405000, m_axis_tvalid: 1, m_axis_tready: 1
Time:              1415000, m_axis_tvalid: 1, m_axis_tready: 0
         71-é áčň: 1
Time:              1425000, m_axis_tvalid: 1, m_axis_tready: 1
Time:              1435000, m_axis_tvalid: 1, m_axis_tready: 0
         72-é áčň: 0
Time:              1445000, m_axis_tvalid: 1, m_axis_tready: 1
Time:              1455000, m_axis_tvalid: 1, m_axis_tready: 0
         73-é áčň: 0
Time:              1465000, m_axis_tvalid: 1, m_axis_tready: 1
Time:              1475000, m_axis_tvalid: 1, m_axis_tready: 0
         74-é áčň: 0
Time:              1485000, m_axis_tvalid: 1, m_axis_tready: 1
Time:              1495000, m_axis_tvalid: 1, m_axis_tready: 0
         75-é áčň: 0
Time:              1505000, m_axis_tvalid: 1, m_axis_tready: 1
Time:              1515000, m_axis_tvalid: 1, m_axis_tready: 0
         76-é áčň: 0
Time:              1525000, m_axis_tvalid: 1, m_axis_tready: 1
Time:              1535000, m_axis_tvalid: 1, m_axis_tready: 0
         77-é áčň: 1
Time:              1545000, m_axis_tvalid: 1, m_axis_tready: 1
Time:              1555000, m_axis_tvalid: 1, m_axis_tready: 0
         78-é áčň: 0
Time:              1565000, m_axis_tvalid: 1, m_axis_tready: 1
Time:              1575000, m_axis_tvalid: 1, m_axis_tready: 0
         79-é áčň: 0
Time:              1585000, m_axis_tvalid: 1, m_axis_tready: 1
Time:              1595000, m_axis_tvalid: 1, m_axis_tready: 0
         80-é áčň: 0
Time:              1605000, m_axis_tvalid: 1, m_axis_tready: 1
Time:              1615000, m_axis_tvalid: 1, m_axis_tready: 0
         81-é áčň: 1
Time:              1625000, m_axis_tvalid: 1, m_axis_tready: 1
Time:              1635000, m_axis_tvalid: 1, m_axis_tready: 0
         82-é áčň: 0
Time:              1645000, m_axis_tvalid: 1, m_axis_tready: 1
Time:              1655000, m_axis_tvalid: 1, m_axis_tready: 0
         83-é áčň: 0
Time:              1665000, m_axis_tvalid: 1, m_axis_tready: 1
Time:              1675000, m_axis_tvalid: 1, m_axis_tready: 0
         84-é áčň: 1
Time:              1685000, m_axis_tvalid: 1, m_axis_tready: 1
Time:              1695000, m_axis_tvalid: 1, m_axis_tready: 0
         85-é áčň: 1
Time:              1705000, m_axis_tvalid: 1, m_axis_tready: 1
Time:              1715000, m_axis_tvalid: 1, m_axis_tready: 0
         86-é áčň: 0
Time:              1725000, m_axis_tvalid: 1, m_axis_tready: 1
Time:              1735000, m_axis_tvalid: 1, m_axis_tready: 0
         87-é áčň: 1
Time:              1745000, m_axis_tvalid: 1, m_axis_tready: 1
Time:              1755000, m_axis_tvalid: 1, m_axis_tready: 0
         88-é áčň: 0
Time:              1765000, m_axis_tvalid: 1, m_axis_tready: 1
Time:              1775000, m_axis_tvalid: 1, m_axis_tready: 0
         89-é áčň: 1
Time:              1785000, m_axis_tvalid: 1, m_axis_tready: 1
Time:              1795000, m_axis_tvalid: 1, m_axis_tready: 0
         90-é áčň: 1
Time:              1805000, m_axis_tvalid: 1, m_axis_tready: 1
Time:              1815000, m_axis_tvalid: 1, m_axis_tready: 0
         91-é áčň: 1
Time:              1825000, m_axis_tvalid: 1, m_axis_tready: 1
Time:              1835000, m_axis_tvalid: 1, m_axis_tready: 0
         92-é áčň: 1
Time:              1845000, m_axis_tvalid: 1, m_axis_tready: 1
Time:              1855000, m_axis_tvalid: 1, m_axis_tready: 0
         93-é áčň: 1
Time:              1865000, m_axis_tvalid: 1, m_axis_tready: 1
Time:              1875000, m_axis_tvalid: 1, m_axis_tready: 0
         94-é áčň: 0
Time:              1885000, m_axis_tvalid: 1, m_axis_tready: 1
Time:              1895000, m_axis_tvalid: 1, m_axis_tready: 0
         95-é áčň: 1
Time:              1905000, m_axis_tvalid: 1, m_axis_tready: 1
Time:              1915000, m_axis_tvalid: 1, m_axis_tready: 0
         96-é áčň: 1
Time:              1925000, m_axis_tvalid: 1, m_axis_tready: 1
Time:              1935000, m_axis_tvalid: 1, m_axis_tready: 0
         97-é áčň: 0
Time:              1945000, m_axis_tvalid: 1, m_axis_tready: 1
Time:              1955000, m_axis_tvalid: 1, m_axis_tready: 0
         98-é áčň: 0
Time:              1965000, m_axis_tvalid: 1, m_axis_tready: 1
Time:              1975000, m_axis_tvalid: 1, m_axis_tready: 0
         99-é áčň: 1
Time:              1985000, m_axis_tvalid: 1, m_axis_tready: 1
Time:              1995000, m_axis_tvalid: 1, m_axis_tready: 0
        100-é áčň: 1
Time:              2005000, m_axis_tvalid: 1, m_axis_tready: 1
Time:              2015000, m_axis_tvalid: 1, m_axis_tready: 0
        101-é áčň: 1
Time:              2025000, m_axis_tvalid: 1, m_axis_tready: 1
Time:              2035000, m_axis_tvalid: 1, m_axis_tready: 0
        102-é áčň: 1
Time:              2045000, m_axis_tvalid: 1, m_axis_tready: 1
Time:              2055000, m_axis_tvalid: 1, m_axis_tready: 0
        103-é áčň: 0
Time:              2065000, m_axis_tvalid: 1, m_axis_tready: 1
Time:              2075000, m_axis_tvalid: 1, m_axis_tready: 0
        104-é áčň: 1
Time:              2085000, m_axis_tvalid: 1, m_axis_tready: 1
Time:              2095000, m_axis_tvalid: 1, m_axis_tready: 0
        105-é áčň: 1
Time:              2105000, m_axis_tvalid: 1, m_axis_tready: 1
Time:              2115000, m_axis_tvalid: 1, m_axis_tready: 0
        106-é áčň: 0
Time:              2125000, m_axis_tvalid: 1, m_axis_tready: 1
Time:              2135000, m_axis_tvalid: 1, m_axis_tready: 0
        107-é áčň: 0
Time:              2145000, m_axis_tvalid: 1, m_axis_tready: 1
Time:              2155000, m_axis_tvalid: 1, m_axis_tready: 0
        108-é áčň: 1
Time:              2165000, m_axis_tvalid: 1, m_axis_tready: 1
Time:              2175000, m_axis_tvalid: 1, m_axis_tready: 0
        109-é áčň: 0
Time:              2185000, m_axis_tvalid: 1, m_axis_tready: 1
Time:              2195000, m_axis_tvalid: 1, m_axis_tready: 0
        110-é áčň: 0
Time:              2205000, m_axis_tvalid: 1, m_axis_tready: 1
Time:              2215000, m_axis_tvalid: 1, m_axis_tready: 0
        111-é áčň: 0
Time:              2225000, m_axis_tvalid: 1, m_axis_tready: 1
Time:              2235000, m_axis_tvalid: 1, m_axis_tready: 0
        112-é áčň: 0
Time:              2245000, m_axis_tvalid: 1, m_axis_tready: 1
Time:              2255000, m_axis_tvalid: 1, m_axis_tready: 0
        113-é áčň: 1
Time:              2265000, m_axis_tvalid: 1, m_axis_tready: 1
Time:              2275000, m_axis_tvalid: 1, m_axis_tready: 0
        114-é áčň: 0
Time:              2285000, m_axis_tvalid: 1, m_axis_tready: 1
Time:              2295000, m_axis_tvalid: 1, m_axis_tready: 0
        115-é áčň: 0
Time:              2305000, m_axis_tvalid: 1, m_axis_tready: 1
Time:              2315000, m_axis_tvalid: 1, m_axis_tready: 0
        116-é áčň: 1
Time:              2325000, m_axis_tvalid: 1, m_axis_tready: 1
Time:              2335000, m_axis_tvalid: 1, m_axis_tready: 0
        117-é áčň: 1
Time:              2345000, m_axis_tvalid: 1, m_axis_tready: 1
Time:              2355000, m_axis_tvalid: 1, m_axis_tready: 0
        118-é áčň: 0
Time:              2365000, m_axis_tvalid: 1, m_axis_tready: 1
Time:              2375000, m_axis_tvalid: 1, m_axis_tready: 0
        119-é áčň: 0
Time:              2385000, m_axis_tvalid: 1, m_axis_tready: 1
Time:              2395000, m_axis_tvalid: 1, m_axis_tready: 0
        120-é áčň: 0
Time:              2405000, m_axis_tvalid: 1, m_axis_tready: 1
Time:              2415000, m_axis_tvalid: 1, m_axis_tready: 0
        121-é áčň: 0
Time:              2425000, m_axis_tvalid: 1, m_axis_tready: 1
Time:              2435000, m_axis_tvalid: 1, m_axis_tready: 0
        122-é áčň: 1
Time:              2445000, m_axis_tvalid: 1, m_axis_tready: 1
Time:              2455000, m_axis_tvalid: 1, m_axis_tready: 0
        123-é áčň: 1
Time:              2465000, m_axis_tvalid: 1, m_axis_tready: 1
Time:              2475000, m_axis_tvalid: 1, m_axis_tready: 0
        124-é áčň: 0
Time:              2485000, m_axis_tvalid: 1, m_axis_tready: 1
Time:              2495000, m_axis_tvalid: 1, m_axis_tready: 0
        125-é áčň: 0
Time:              2505000, m_axis_tvalid: 1, m_axis_tready: 1
Time:              2515000, m_axis_tvalid: 1, m_axis_tready: 0
        126-é áčň: 1
Time:              2525000, m_axis_tvalid: 1, m_axis_tready: 1
Time:              2535000, m_axis_tvalid: 1, m_axis_tready: 0
        127-é áčň: 1
Time:              2545000, m_axis_tvalid: 1, m_axis_tready: 1
Time:              2555000, m_axis_tvalid: 1, m_axis_tready: 0
        128-é áčň: 0
Time:              2565000, m_axis_tvalid: 1, m_axis_tready: 1
Time:              2575000, m_axis_tvalid: 1, m_axis_tready: 0
        129-é áčň: 1
Time:              2585000, m_axis_tvalid: 1, m_axis_tready: 1
Time:              2595000, m_axis_tvalid: 1, m_axis_tready: 0
        130-é áčň: 0
Time:              2605000, m_axis_tvalid: 1, m_axis_tready: 1
Time:              2615000, m_axis_tvalid: 1, m_axis_tready: 0
        131-é áčň: 0
Time:              2625000, m_axis_tvalid: 1, m_axis_tready: 1
Time:              2635000, m_axis_tvalid: 1, m_axis_tready: 0
        132-é áčň: 1
Time:              2645000, m_axis_tvalid: 1, m_axis_tready: 1
Time:              2655000, m_axis_tvalid: 1, m_axis_tready: 0
        133-é áčň: 0
Time:              2665000, m_axis_tvalid: 1, m_axis_tready: 1
Time:              2675000, m_axis_tvalid: 1, m_axis_tready: 0
        134-é áčň: 0
Time:              2685000, m_axis_tvalid: 1, m_axis_tready: 1
Time:              2695000, m_axis_tvalid: 1, m_axis_tready: 0
        135-é áčň: 0
Time:              2705000, m_axis_tvalid: 1, m_axis_tready: 1
Time:              2715000, m_axis_tvalid: 1, m_axis_tready: 0
        136-é áčň: 0
Time:              2725000, m_axis_tvalid: 1, m_axis_tready: 1
Time:              2735000, m_axis_tvalid: 1, m_axis_tready: 0
        137-é áčň: 0
Time:              2745000, m_axis_tvalid: 1, m_axis_tready: 1
Time:              2755000, m_axis_tvalid: 1, m_axis_tready: 0
        138-é áčň: 1
Time:              2765000, m_axis_tvalid: 1, m_axis_tready: 1
Time:              2775000, m_axis_tvalid: 1, m_axis_tready: 0
        139-é áčň: 1
Time:              2785000, m_axis_tvalid: 1, m_axis_tready: 1
Time:              2795000, m_axis_tvalid: 1, m_axis_tready: 0
        140-é áčň: 1
Time:              2805000, m_axis_tvalid: 1, m_axis_tready: 1
Time:              2815000, m_axis_tvalid: 1, m_axis_tready: 0
        141-é áčň: 0
Time:              2825000, m_axis_tvalid: 1, m_axis_tready: 1
Time:              2835000, m_axis_tvalid: 1, m_axis_tready: 0
        142-é áčň: 1
Time:              2845000, m_axis_tvalid: 1, m_axis_tready: 1
Time:              2855000, m_axis_tvalid: 1, m_axis_tready: 0
        143-é áčň: 1
Time:              2865000, m_axis_tvalid: 1, m_axis_tready: 1
Time:              2875000, m_axis_tvalid: 1, m_axis_tready: 0
        144-é áčň: 1
Time:              2885000, m_axis_tvalid: 1, m_axis_tready: 1
Time:              2895000, m_axis_tvalid: 1, m_axis_tready: 0
        145-é áčň: 1
Time:              2905000, m_axis_tvalid: 1, m_axis_tready: 1
Time:              2915000, m_axis_tvalid: 1, m_axis_tready: 0
        146-é áčň: 0
Time:              2925000, m_axis_tvalid: 1, m_axis_tready: 1
Time:              2935000, m_axis_tvalid: 1, m_axis_tready: 0
        147-é áčň: 1
Time:              2945000, m_axis_tvalid: 1, m_axis_tready: 1
Time:              2955000, m_axis_tvalid: 1, m_axis_tready: 0
        148-é áčň: 0
Time:              2965000, m_axis_tvalid: 1, m_axis_tready: 1
Time:              2975000, m_axis_tvalid: 1, m_axis_tready: 0
        149-é áčň: 1
Time:              2985000, m_axis_tvalid: 1, m_axis_tready: 1
Time:              2995000, m_axis_tvalid: 1, m_axis_tready: 0
        150-é áčň: 1
Time:              3005000, m_axis_tvalid: 1, m_axis_tready: 1
Time:              3015000, m_axis_tvalid: 1, m_axis_tready: 0
        151-é áčň: 0
Time:              3025000, m_axis_tvalid: 1, m_axis_tready: 1
Time:              3035000, m_axis_tvalid: 1, m_axis_tready: 0
        152-é áčň: 0
Time:              3045000, m_axis_tvalid: 1, m_axis_tready: 1
Time:              3055000, m_axis_tvalid: 1, m_axis_tready: 0
        153-é áčň: 1
Time:              3065000, m_axis_tvalid: 1, m_axis_tready: 1
Time:              3075000, m_axis_tvalid: 1, m_axis_tready: 0
        154-é áčň: 1
Time:              3085000, m_axis_tvalid: 1, m_axis_tready: 1
Time:              3095000, m_axis_tvalid: 1, m_axis_tready: 0
        155-é áčň: 1
Time:              3105000, m_axis_tvalid: 1, m_axis_tready: 1
Time:              3115000, m_axis_tvalid: 1, m_axis_tready: 0
        156-é áčň: 1
Time:              3125000, m_axis_tvalid: 1, m_axis_tready: 1
Time:              3135000, m_axis_tvalid: 1, m_axis_tready: 0
        157-é áčň: 1
Time:              3145000, m_axis_tvalid: 1, m_axis_tready: 1
Time:              3155000, m_axis_tvalid: 1, m_axis_tready: 0
        158-é áčň: 1
Time:              3165000, m_axis_tvalid: 1, m_axis_tready: 1
Time:              3175000, m_axis_tvalid: 1, m_axis_tready: 0
        159-é áčň: 0
Time:              3185000, m_axis_tvalid: 1, m_axis_tready: 1
Time:              3195000, m_axis_tvalid: 1, m_axis_tready: 0
        160-é áčň: 0
Time:              3205000, m_axis_tvalid: 1, m_axis_tready: 1
Time:              3215000, m_axis_tvalid: 1, m_axis_tready: 0
        161-é áčň: 0
Time:              3225000, m_axis_tvalid: 1, m_axis_tready: 1
Time:              3235000, m_axis_tvalid: 1, m_axis_tready: 0
        162-é áčň: 1
Time:              3245000, m_axis_tvalid: 1, m_axis_tready: 1
Time:              3255000, m_axis_tvalid: 1, m_axis_tready: 0
        163-é áčň: 0
Time:              3265000, m_axis_tvalid: 1, m_axis_tready: 1
Time:              3275000, m_axis_tvalid: 1, m_axis_tready: 0
        164-é áčň: 1
Time:              3285000, m_axis_tvalid: 1, m_axis_tready: 1
Time:              3295000, m_axis_tvalid: 1, m_axis_tready: 0
        165-é áčň: 1
Time:              3305000, m_axis_tvalid: 1, m_axis_tready: 1
Time:              3315000, m_axis_tvalid: 1, m_axis_tready: 0
        166-é áčň: 0
Time:              3325000, m_axis_tvalid: 1, m_axis_tready: 1
Time:              3335000, m_axis_tvalid: 1, m_axis_tready: 0
        167-é áčň: 0
Time:              3345000, m_axis_tvalid: 1, m_axis_tready: 1
Time:              3355000, m_axis_tvalid: 1, m_axis_tready: 0
        168-é áčň: 0
Time:              3365000, m_axis_tvalid: 1, m_axis_tready: 1
Time:              3375000, m_axis_tvalid: 1, m_axis_tready: 0
        169-é áčň: 0
Time:              3385000, m_axis_tvalid: 1, m_axis_tready: 1
Time:              3395000, m_axis_tvalid: 1, m_axis_tready: 0
        170-é áčň: 0
Time:              3405000, m_axis_tvalid: 1, m_axis_tready: 1
Time:              3415000, m_axis_tvalid: 1, m_axis_tready: 0
        171-é áčň: 1
Time:              3425000, m_axis_tvalid: 1, m_axis_tready: 1
Time:              3435000, m_axis_tvalid: 1, m_axis_tready: 0
        172-é áčň: 0
Time:              3445000, m_axis_tvalid: 1, m_axis_tready: 1
Time:              3455000, m_axis_tvalid: 1, m_axis_tready: 0
        173-é áčň: 0
Time:              3465000, m_axis_tvalid: 1, m_axis_tready: 1
Time:              3475000, m_axis_tvalid: 1, m_axis_tready: 0
        174-é áčň: 1
Time:              3485000, m_axis_tvalid: 1, m_axis_tready: 1
Time:              3495000, m_axis_tvalid: 1, m_axis_tready: 0
        175-é áčň: 0
Time:              3505000, m_axis_tvalid: 1, m_axis_tready: 1
Time:              3515000, m_axis_tvalid: 1, m_axis_tready: 0
        176-é áčň: 0
Time:              3525000, m_axis_tvalid: 1, m_axis_tready: 1
Time:              3535000, m_axis_tvalid: 1, m_axis_tready: 0
        177-é áčň: 1
Time:              3545000, m_axis_tvalid: 1, m_axis_tready: 1
Time:              3555000, m_axis_tvalid: 1, m_axis_tready: 0
        178-é áčň: 1
Time:              3565000, m_axis_tvalid: 1, m_axis_tready: 1
Time:              3575000, m_axis_tvalid: 1, m_axis_tready: 0
        179-é áčň: 0
Time:              3585000, m_axis_tvalid: 1, m_axis_tready: 1
Time:              3595000, m_axis_tvalid: 1, m_axis_tready: 0
        180-é áčň: 1
Time:              3605000, m_axis_tvalid: 1, m_axis_tready: 1
Time:              3615000, m_axis_tvalid: 1, m_axis_tready: 0
        181-é áčň: 0
Time:              3625000, m_axis_tvalid: 1, m_axis_tready: 1
Time:              3635000, m_axis_tvalid: 1, m_axis_tready: 0
        182-é áčň: 1
Time:              3645000, m_axis_tvalid: 1, m_axis_tready: 1
Time:              3655000, m_axis_tvalid: 1, m_axis_tready: 0
        183-é áčň: 0
Time:              3665000, m_axis_tvalid: 1, m_axis_tready: 1
Time:              3675000, m_axis_tvalid: 1, m_axis_tready: 0
        184-é áčň: 0
Time:              3685000, m_axis_tvalid: 1, m_axis_tready: 1
Time:              3695000, m_axis_tvalid: 1, m_axis_tready: 0
        185-é áčň: 0
Time:              3705000, m_axis_tvalid: 1, m_axis_tready: 1
Time:              3715000, m_axis_tvalid: 1, m_axis_tready: 0
        186-é áčň: 1
Time:              3725000, m_axis_tvalid: 1, m_axis_tready: 1
Time:              3735000, m_axis_tvalid: 1, m_axis_tready: 0
        187-é áčň: 0
Time:              3745000, m_axis_tvalid: 1, m_axis_tready: 1
Time:              3755000, m_axis_tvalid: 1, m_axis_tready: 0
        188-é áčň: 0
Time:              3765000, m_axis_tvalid: 1, m_axis_tready: 1
Time:              3775000, m_axis_tvalid: 1, m_axis_tready: 0
        189-é áčň: 1
Time:              3785000, m_axis_tvalid: 1, m_axis_tready: 1
Time:              3795000, m_axis_tvalid: 1, m_axis_tready: 0
        190-é áčň: 0
Time:              3805000, m_axis_tvalid: 1, m_axis_tready: 1
Time:              3815000, m_axis_tvalid: 1, m_axis_tready: 0
        191-é áčň: 0
Time:              3825000, m_axis_tvalid: 1, m_axis_tready: 1
Time:              3835000, m_axis_tvalid: 1, m_axis_tready: 0
        192-é áčň: 1
Time:              3845000, m_axis_tvalid: 1, m_axis_tready: 1
Time:              3855000, m_axis_tvalid: 1, m_axis_tready: 0
        193-é áčň: 1
Time:              3865000, m_axis_tvalid: 1, m_axis_tready: 1
Time:              3875000, m_axis_tvalid: 1, m_axis_tready: 0
        194-é áčň: 1
Time:              3885000, m_axis_tvalid: 1, m_axis_tready: 1
Time:              3895000, m_axis_tvalid: 1, m_axis_tready: 0
        195-é áčň: 1
Time:              3905000, m_axis_tvalid: 1, m_axis_tready: 1
Time:              3915000, m_axis_tvalid: 1, m_axis_tready: 0
        196-é áčň: 1
Time:              3925000, m_axis_tvalid: 1, m_axis_tready: 1
Time:              3935000, m_axis_tvalid: 1, m_axis_tready: 0
        197-é áčň: 1
Time:              3945000, m_axis_tvalid: 1, m_axis_tready: 1
Time:              3955000, m_axis_tvalid: 1, m_axis_tready: 0
        198-é áčň: 1
Time:              3965000, m_axis_tvalid: 1, m_axis_tready: 1
Time:              3975000, m_axis_tvalid: 1, m_axis_tready: 0
        199-é áčň: 0
Time:              3985000, m_axis_tvalid: 1, m_axis_tready: 1
Time:              3995000, m_axis_tvalid: 1, m_axis_tready: 0
        200-é áčň: 0
Time:              4005000, m_axis_tvalid: 1, m_axis_tready: 1
Time:              4015000, m_axis_tvalid: 1, m_axis_tready: 0
        201-é áčň: 0
Time:              4025000, m_axis_tvalid: 1, m_axis_tready: 1
Time:              4035000, m_axis_tvalid: 1, m_axis_tready: 0
        202-é áčň: 1
Time:              4045000, m_axis_tvalid: 1, m_axis_tready: 1
Time:              4055000, m_axis_tvalid: 1, m_axis_tready: 0
        203-é áčň: 1
Time:              4065000, m_axis_tvalid: 1, m_axis_tready: 1
Time:              4075000, m_axis_tvalid: 1, m_axis_tready: 0
        204-é áčň: 1
Time:              4085000, m_axis_tvalid: 1, m_axis_tready: 1
Time:              4095000, m_axis_tvalid: 1, m_axis_tready: 0
        205-é áčň: 0
Time:              4105000, m_axis_tvalid: 1, m_axis_tready: 1
Time:              4115000, m_axis_tvalid: 1, m_axis_tready: 0
        206-é áčň: 1
Time:              4125000, m_axis_tvalid: 1, m_axis_tready: 1
Time:              4135000, m_axis_tvalid: 1, m_axis_tready: 0
        207-é áčň: 0
Time:              4145000, m_axis_tvalid: 1, m_axis_tready: 1
Time:              4155000, m_axis_tvalid: 1, m_axis_tready: 0
        208-é áčň: 1
Time:              4165000, m_axis_tvalid: 1, m_axis_tready: 1
Time:              4175000, m_axis_tvalid: 1, m_axis_tready: 0
        209-é áčň: 1
Time:              4185000, m_axis_tvalid: 1, m_axis_tready: 1
Time:              4195000, m_axis_tvalid: 1, m_axis_tready: 0
        210-é áčň: 0
Time:              4205000, m_axis_tvalid: 1, m_axis_tready: 1
Time:              4215000, m_axis_tvalid: 1, m_axis_tready: 0
        211-é áčň: 1
Time:              4225000, m_axis_tvalid: 1, m_axis_tready: 1
Time:              4235000, m_axis_tvalid: 1, m_axis_tready: 0
        212-é áčň: 0
Time:              4245000, m_axis_tvalid: 1, m_axis_tready: 1
Time:              4255000, m_axis_tvalid: 1, m_axis_tready: 0
        213-é áčň: 0
Time:              4265000, m_axis_tvalid: 1, m_axis_tready: 1
Time:              4275000, m_axis_tvalid: 1, m_axis_tready: 0
        214-é áčň: 0
Time:              4285000, m_axis_tvalid: 1, m_axis_tready: 1
Time:              4295000, m_axis_tvalid: 1, m_axis_tready: 0
        215-é áčň: 0
Time:              4305000, m_axis_tvalid: 1, m_axis_tready: 1
Time:              4315000, m_axis_tvalid: 1, m_axis_tready: 0
        216-é áčň: 1
Time:              4325000, m_axis_tvalid: 1, m_axis_tready: 1
Time:              4335000, m_axis_tvalid: 1, m_axis_tready: 0
        217-é áčň: 1
Time:              4345000, m_axis_tvalid: 1, m_axis_tready: 1
Time:              4355000, m_axis_tvalid: 1, m_axis_tready: 0
        218-é áčň: 0
Time:              4365000, m_axis_tvalid: 1, m_axis_tready: 1
Time:              4375000, m_axis_tvalid: 1, m_axis_tready: 0
        219-é áčň: 0
Time:              4385000, m_axis_tvalid: 1, m_axis_tready: 1
Time:              4395000, m_axis_tvalid: 1, m_axis_tready: 0
        220-é áčň: 1
Time:              4405000, m_axis_tvalid: 1, m_axis_tready: 1
Time:              4415000, m_axis_tvalid: 1, m_axis_tready: 0
        221-é áčň: 0
Time:              4425000, m_axis_tvalid: 1, m_axis_tready: 1
Time:              4435000, m_axis_tvalid: 1, m_axis_tready: 0
        222-é áčň: 1
Time:              4445000, m_axis_tvalid: 1, m_axis_tready: 1
Time:              4455000, m_axis_tvalid: 1, m_axis_tready: 0
        223-é áčň: 0
Time:              4465000, m_axis_tvalid: 1, m_axis_tready: 1
Time:              4475000, m_axis_tvalid: 1, m_axis_tready: 0
        224-é áčň: 1
Time:              4485000, m_axis_tvalid: 1, m_axis_tready: 1
Time:              4495000, m_axis_tvalid: 1, m_axis_tready: 0
        225-é áčň: 1
Time:              4505000, m_axis_tvalid: 1, m_axis_tready: 1
Time:              4515000, m_axis_tvalid: 1, m_axis_tready: 0
        226-é áčň: 1
Time:              4525000, m_axis_tvalid: 1, m_axis_tready: 1
Time:              4535000, m_axis_tvalid: 1, m_axis_tready: 0
        227-é áčň: 0
Time:              4545000, m_axis_tvalid: 1, m_axis_tready: 1
Time:              4555000, m_axis_tvalid: 1, m_axis_tready: 0
        228-é áčň: 0
Time:              4565000, m_axis_tvalid: 1, m_axis_tready: 1
Time:              4575000, m_axis_tvalid: 1, m_axis_tready: 0
        229-é áčň: 0
Time:              4585000, m_axis_tvalid: 1, m_axis_tready: 1
Time:              4595000, m_axis_tvalid: 1, m_axis_tready: 0
        230-é áčň: 0
Time:              4605000, m_axis_tvalid: 1, m_axis_tready: 1
Time:              4615000, m_axis_tvalid: 1, m_axis_tready: 0
        231-é áčň: 0
Time:              4625000, m_axis_tvalid: 1, m_axis_tready: 1
Time:              4635000, m_axis_tvalid: 1, m_axis_tready: 0
        232-é áčň: 0
Time:              4645000, m_axis_tvalid: 1, m_axis_tready: 1
Time:              4655000, m_axis_tvalid: 1, m_axis_tready: 0
        233-é áčň: 0
Time:              4665000, m_axis_tvalid: 1, m_axis_tready: 1
Time:              4675000, m_axis_tvalid: 1, m_axis_tready: 0
        234-é áčň: 0
Time:              4685000, m_axis_tvalid: 1, m_axis_tready: 1
Time:              4695000, m_axis_tvalid: 1, m_axis_tready: 0
        235-é áčň: 0
Time:              4705000, m_axis_tvalid: 1, m_axis_tready: 1
Time:              4715000, m_axis_tvalid: 1, m_axis_tready: 0
        236-é áčň: 0
Time:              4725000, m_axis_tvalid: 1, m_axis_tready: 1
Time:              4735000, m_axis_tvalid: 1, m_axis_tready: 0
        237-é áčň: 0
Time:              4745000, m_axis_tvalid: 1, m_axis_tready: 1
Time:              4755000, m_axis_tvalid: 1, m_axis_tready: 0
        238-é áčň: 0
Time:              4765000, m_axis_tvalid: 1, m_axis_tready: 1
Time:              4775000, m_axis_tvalid: 1, m_axis_tready: 0
        239-é áčň: 1
Time:              4785000, m_axis_tvalid: 1, m_axis_tready: 1
Time:              4795000, m_axis_tvalid: 1, m_axis_tready: 0
        240-é áčň: 0
Time:              4805000, m_axis_tvalid: 1, m_axis_tready: 1
Time:              4815000, m_axis_tvalid: 1, m_axis_tready: 0
        241-é áčň: 1
Time:              4825000, m_axis_tvalid: 1, m_axis_tready: 1
Time:              4835000, m_axis_tvalid: 1, m_axis_tready: 0
        242-é áčň: 1
Time:              4845000, m_axis_tvalid: 1, m_axis_tready: 1
Time:              4855000, m_axis_tvalid: 1, m_axis_tready: 0
        243-é áčň: 0
Time:              4865000, m_axis_tvalid: 1, m_axis_tready: 1
Time:              4875000, m_axis_tvalid: 1, m_axis_tready: 0
        244-é áčň: 0
Time:              4885000, m_axis_tvalid: 1, m_axis_tready: 1
Time:              4895000, m_axis_tvalid: 1, m_axis_tready: 0
        245-é áčň: 1
Time:              4905000, m_axis_tvalid: 1, m_axis_tready: 1
Time:              4915000, m_axis_tvalid: 1, m_axis_tready: 0
        246-é áčň: 0
Time:              4925000, m_axis_tvalid: 1, m_axis_tready: 1
Time:              4935000, m_axis_tvalid: 1, m_axis_tready: 0
        247-é áčň: 1
Time:              4945000, m_axis_tvalid: 1, m_axis_tready: 1
Time:              4955000, m_axis_tvalid: 1, m_axis_tready: 0
        248-é áčň: 1
Time:              4965000, m_axis_tvalid: 1, m_axis_tready: 1
Time:              4975000, m_axis_tvalid: 1, m_axis_tready: 0
        249-é áčň: 1
Time:              4985000, m_axis_tvalid: 1, m_axis_tready: 1
Time:              4995000, m_axis_tvalid: 1, m_axis_tready: 0
        250-é áčň: 0
Time:              5005000, m_axis_tvalid: 1, m_axis_tready: 1
Time:              5015000, m_axis_tvalid: 1, m_axis_tready: 0
        251-é áčň: 1
Time:              5025000, m_axis_tvalid: 1, m_axis_tready: 1
Time:              5035000, m_axis_tvalid: 1, m_axis_tready: 0
        252-é áčň: 1
Time:              5045000, m_axis_tvalid: 1, m_axis_tready: 1
Time:              5055000, m_axis_tvalid: 1, m_axis_tready: 0
        253-é áčň: 0
Time:              5065000, m_axis_tvalid: 1, m_axis_tready: 1
Time:              5075000, m_axis_tvalid: 1, m_axis_tready: 0
        254-é áčň: 1
Time:              5085000, m_axis_tvalid: 1, m_axis_tready: 1
Time:              5095000, m_axis_tvalid: 1, m_axis_tready: 0
        255-é áčň: 0
Time:              5105000, m_axis_tvalid: 1, m_axis_tready: 1
Time:              5115000, m_axis_tvalid: 1, m_axis_tready: 0
        256-é áčň: 1
Time:              5125000, m_axis_tvalid: 1, m_axis_tready: 1
Time:              5135000, m_axis_tvalid: 1, m_axis_tready: 0
        257-é áčň: 1
Time:              5145000, m_axis_tvalid: 1, m_axis_tready: 1
Time:              5155000, m_axis_tvalid: 1, m_axis_tready: 0
        258-é áčň: 1
Time:              5165000, m_axis_tvalid: 1, m_axis_tready: 1
Time:              5175000, m_axis_tvalid: 1, m_axis_tready: 0
        259-é áčň: 0
Time:              5185000, m_axis_tvalid: 1, m_axis_tready: 1
Time:              5195000, m_axis_tvalid: 1, m_axis_tready: 0
        260-é áčň: 0
Time:              5205000, m_axis_tvalid: 1, m_axis_tready: 1
Time:              5215000, m_axis_tvalid: 1, m_axis_tready: 0
        261-é áčň: 0
Time:              5225000, m_axis_tvalid: 1, m_axis_tready: 1
Time:              5235000, m_axis_tvalid: 1, m_axis_tready: 0
        262-é áčň: 0
Time:              5245000, m_axis_tvalid: 1, m_axis_tready: 1
Time:              5255000, m_axis_tvalid: 1, m_axis_tready: 0
        263-é áčň: 1
Time:              5265000, m_axis_tvalid: 1, m_axis_tready: 1
Time:              5275000, m_axis_tvalid: 1, m_axis_tready: 0
        264-é áčň: 1
Time:              5285000, m_axis_tvalid: 1, m_axis_tready: 1
Time:              5295000, m_axis_tvalid: 1, m_axis_tready: 0
        265-é áčň: 0
Time:              5305000, m_axis_tvalid: 1, m_axis_tready: 1
Time:              5315000, m_axis_tvalid: 1, m_axis_tready: 0
        266-é áčň: 1
Time:              5325000, m_axis_tvalid: 1, m_axis_tready: 1
Time:              5335000, m_axis_tvalid: 1, m_axis_tready: 0
        267-é áčň: 1
Time:              5345000, m_axis_tvalid: 1, m_axis_tready: 1
Time:              5355000, m_axis_tvalid: 1, m_axis_tready: 0
        268-é áčň: 1
Time:              5365000, m_axis_tvalid: 1, m_axis_tready: 1
Time:              5375000, m_axis_tvalid: 1, m_axis_tready: 0
        269-é áčň: 0
Time:              5385000, m_axis_tvalid: 1, m_axis_tready: 1
Time:              5395000, m_axis_tvalid: 1, m_axis_tready: 0
        270-é áčň: 1
Time:              5405000, m_axis_tvalid: 1, m_axis_tready: 1
Time:              5415000, m_axis_tvalid: 1, m_axis_tready: 0
        271-é áčň: 0
Time:              5425000, m_axis_tvalid: 1, m_axis_tready: 1
Time:              5435000, m_axis_tvalid: 1, m_axis_tready: 0
        272-é áčň: 1
Time:              5445000, m_axis_tvalid: 1, m_axis_tready: 1
Time:              5455000, m_axis_tvalid: 1, m_axis_tready: 0
        273-é áčň: 0
Time:              5465000, m_axis_tvalid: 1, m_axis_tready: 1
Time:              5475000, m_axis_tvalid: 1, m_axis_tready: 0
        274-é áčň: 0
Time:              5485000, m_axis_tvalid: 1, m_axis_tready: 1
Time:              5495000, m_axis_tvalid: 1, m_axis_tready: 0
        275-é áčň: 1
Time:              5505000, m_axis_tvalid: 1, m_axis_tready: 1
Time:              5515000, m_axis_tvalid: 1, m_axis_tready: 0
        276-é áčň: 1
Time:              5525000, m_axis_tvalid: 1, m_axis_tready: 1
Time:              5535000, m_axis_tvalid: 1, m_axis_tready: 0
        277-é áčň: 1
Time:              5545000, m_axis_tvalid: 1, m_axis_tready: 1
Time:              5555000, m_axis_tvalid: 1, m_axis_tready: 0
        278-é áčň: 0
Time:              5565000, m_axis_tvalid: 1, m_axis_tready: 1
Time:              5575000, m_axis_tvalid: 1, m_axis_tready: 0
        279-é áčň: 0
Time:              5585000, m_axis_tvalid: 1, m_axis_tready: 1
Time:              5595000, m_axis_tvalid: 1, m_axis_tready: 0
        280-é áčň: 0
Time:              5605000, m_axis_tvalid: 1, m_axis_tready: 1
Time:              5615000, m_axis_tvalid: 1, m_axis_tready: 0
        281-é áčň: 1
Time:              5625000, m_axis_tvalid: 1, m_axis_tready: 1
Time:              5635000, m_axis_tvalid: 1, m_axis_tready: 0
        282-é áčň: 1
Time:              5645000, m_axis_tvalid: 1, m_axis_tready: 1
Time:              5655000, m_axis_tvalid: 1, m_axis_tready: 0
        283-é áčň: 1
Time:              5665000, m_axis_tvalid: 1, m_axis_tready: 1
Time:              5675000, m_axis_tvalid: 1, m_axis_tready: 0
        284-é áčň: 1
Time:              5685000, m_axis_tvalid: 1, m_axis_tready: 1
Time:              5695000, m_axis_tvalid: 1, m_axis_tready: 0
        285-é áčň: 0
Time:              5705000, m_axis_tvalid: 1, m_axis_tready: 1
Time:              5715000, m_axis_tvalid: 1, m_axis_tready: 0
        286-é áčň: 1
Time:              5725000, m_axis_tvalid: 1, m_axis_tready: 1
Time:              5735000, m_axis_tvalid: 1, m_axis_tready: 0
        287-é áčň: 0
Time:              5745000, m_axis_tvalid: 1, m_axis_tready: 1
Time:              5755000, m_axis_tvalid: 1, m_axis_tready: 0
        288-é áčň: 0
Time:              5765000, m_axis_tvalid: 1, m_axis_tready: 1
Time:              5775000, m_axis_tvalid: 1, m_axis_tready: 0
        289-é áčň: 1
Time:              5785000, m_axis_tvalid: 1, m_axis_tready: 1
Time:              5795000, m_axis_tvalid: 1, m_axis_tready: 0
        290-é áčň: 1
Time:              5805000, m_axis_tvalid: 1, m_axis_tready: 1
Time:              5815000, m_axis_tvalid: 1, m_axis_tready: 0
        291-é áčň: 1
Time:              5825000, m_axis_tvalid: 1, m_axis_tready: 1
Time:              5835000, m_axis_tvalid: 1, m_axis_tready: 0
        292-é áčň: 1
Time:              5845000, m_axis_tvalid: 1, m_axis_tready: 1
Time:              5855000, m_axis_tvalid: 1, m_axis_tready: 0
        293-é áčň: 0
Time:              5865000, m_axis_tvalid: 1, m_axis_tready: 1
Time:              5875000, m_axis_tvalid: 1, m_axis_tready: 0
        294-é áčň: 1
Time:              5885000, m_axis_tvalid: 1, m_axis_tready: 1
Time:              5895000, m_axis_tvalid: 1, m_axis_tready: 0
        295-é áčň: 1
Time:              5905000, m_axis_tvalid: 1, m_axis_tready: 1
Time:              5915000, m_axis_tvalid: 1, m_axis_tready: 0
        296-é áčň: 1
Time:              5925000, m_axis_tvalid: 1, m_axis_tready: 1
Time:              5935000, m_axis_tvalid: 1, m_axis_tready: 0
        297-é áčň: 0
Time:              5945000, m_axis_tvalid: 1, m_axis_tready: 1
Time:              5955000, m_axis_tvalid: 1, m_axis_tready: 0
        298-é áčň: 1
Time:              5965000, m_axis_tvalid: 1, m_axis_tready: 1
Time:              5975000, m_axis_tvalid: 1, m_axis_tready: 0
        299-é áčň: 0
Time:              5985000, m_axis_tvalid: 1, m_axis_tready: 1
Time:              5995000, m_axis_tvalid: 1, m_axis_tready: 0
        300-é áčň: 0
Time:              6005000, m_axis_tvalid: 1, m_axis_tready: 1
Time:              6015000, m_axis_tvalid: 1, m_axis_tready: 0
        301-é áčň: 1
Time:              6025000, m_axis_tvalid: 1, m_axis_tready: 1
Time:              6035000, m_axis_tvalid: 1, m_axis_tready: 0
        302-é áčň: 1
Time:              6045000, m_axis_tvalid: 1, m_axis_tready: 1
Time:              6055000, m_axis_tvalid: 1, m_axis_tready: 0
        303-é áčň: 1
Time:              6065000, m_axis_tvalid: 1, m_axis_tready: 1
Time:              6075000, m_axis_tvalid: 1, m_axis_tready: 0
        304-é áčň: 1
Time:              6085000, m_axis_tvalid: 1, m_axis_tready: 1
Time:              6095000, m_axis_tvalid: 1, m_axis_tready: 0
        305-é áčň: 0
Time:              6105000, m_axis_tvalid: 1, m_axis_tready: 1
Time:              6115000, m_axis_tvalid: 1, m_axis_tready: 0
        306-é áčň: 1
Time:              6125000, m_axis_tvalid: 1, m_axis_tready: 1
Time:              6135000, m_axis_tvalid: 1, m_axis_tready: 0
        307-é áčň: 1
Time:              6145000, m_axis_tvalid: 1, m_axis_tready: 1
Time:              6155000, m_axis_tvalid: 1, m_axis_tready: 0
        308-é áčň: 1
Time:              6165000, m_axis_tvalid: 1, m_axis_tready: 1
Time:              6175000, m_axis_tvalid: 1, m_axis_tready: 0
        309-é áčň: 0
Time:              6185000, m_axis_tvalid: 1, m_axis_tready: 1
Time:              6195000, m_axis_tvalid: 1, m_axis_tready: 0
        310-é áčň: 1
Time:              6205000, m_axis_tvalid: 1, m_axis_tready: 1
Time:              6215000, m_axis_tvalid: 1, m_axis_tready: 0
        311-é áčň: 1
Time:              6225000, m_axis_tvalid: 1, m_axis_tready: 1
Time:              6235000, m_axis_tvalid: 1, m_axis_tready: 0
        312-é áčň: 0
Time:              6245000, m_axis_tvalid: 1, m_axis_tready: 1
Time:              6255000, m_axis_tvalid: 1, m_axis_tready: 0
        313-é áčň: 0
Time:              6265000, m_axis_tvalid: 1, m_axis_tready: 1
Time:              6275000, m_axis_tvalid: 1, m_axis_tready: 0
        314-é áčň: 1
Time:              6285000, m_axis_tvalid: 1, m_axis_tready: 1
Time:              6295000, m_axis_tvalid: 1, m_axis_tready: 0
        315-é áčň: 1
Time:              6305000, m_axis_tvalid: 1, m_axis_tready: 1
Time:              6315000, m_axis_tvalid: 1, m_axis_tready: 0
        316-é áčň: 1
Time:              6325000, m_axis_tvalid: 1, m_axis_tready: 1
Time:              6335000, m_axis_tvalid: 1, m_axis_tready: 0
        317-é áčň: 1
Time:              6345000, m_axis_tvalid: 1, m_axis_tready: 1
Time:              6355000, m_axis_tvalid: 1, m_axis_tready: 0
        318-é áčň: 0
Time:              6365000, m_axis_tvalid: 1, m_axis_tready: 1
Time:              6375000, m_axis_tvalid: 1, m_axis_tready: 0
        319-é áčň: 1
Time:              6385000, m_axis_tvalid: 1, m_axis_tready: 1
Time:              6395000, m_axis_tvalid: 1, m_axis_tready: 0
        320-é áčň: 1
Time:              6405000, m_axis_tvalid: 1, m_axis_tready: 1
Öčęë çŕâĺđřčëń˙, i =         640
Time:              6415000, m_axis_tvalid: 1, m_axis_tready: 0
        321-é áčň: 1
Time:              6425000, m_axis_tvalid: 1, m_axis_tready: 1
Time:              6435000, m_axis_tvalid: 1, m_axis_tready: 0
        322-é áčň: 0
Time:              6445000, m_axis_tvalid: 1, m_axis_tready: 1
Time:              6455000, m_axis_tvalid: 1, m_axis_tready: 0
        323-é áčň: 1
Time:              6465000, m_axis_tvalid: 1, m_axis_tready: 1
Time:              6475000, m_axis_tvalid: 1, m_axis_tready: 0
        324-é áčň: 0
Time:              6485000, m_axis_tvalid: 1, m_axis_tready: 1
Time:              6495000, m_axis_tvalid: 1, m_axis_tready: 0
        325-é áčň: 1
Time:              6505000, m_axis_tvalid: 1, m_axis_tready: 1
Time:              6515000, m_axis_tvalid: 1, m_axis_tready: 0
        326-é áčň: 1
Time:              6525000, m_axis_tvalid: 1, m_axis_tready: 1
Time:              6535000, m_axis_tvalid: 1, m_axis_tready: 0
        327-é áčň: 0
Time:              6545000, m_axis_tvalid: 1, m_axis_tready: 1
Time:              6555000, m_axis_tvalid: 1, m_axis_tready: 0
        328-é áčň: 1
Time:              6565000, m_axis_tvalid: 1, m_axis_tready: 1
Time:              6575000, m_axis_tvalid: 1, m_axis_tready: 0
        329-é áčň: 0
Time:              6585000, m_axis_tvalid: 1, m_axis_tready: 1
Time:              6595000, m_axis_tvalid: 1, m_axis_tready: 0
        330-é áčň: 1
Time:              6605000, m_axis_tvalid: 1, m_axis_tready: 1
Time:              6615000, m_axis_tvalid: 1, m_axis_tready: 0
        331-é áčň: 0
Time:              6625000, m_axis_tvalid: 1, m_axis_tready: 1
Time:              6635000, m_axis_tvalid: 1, m_axis_tready: 0
        332-é áčň: 0
Time:              6645000, m_axis_tvalid: 1, m_axis_tready: 1
Time:              6655000, m_axis_tvalid: 1, m_axis_tready: 0
        333-é áčň: 1
Time:              6665000, m_axis_tvalid: 1, m_axis_tready: 1
Time:              6675000, m_axis_tvalid: 1, m_axis_tready: 0
        334-é áčň: 1
Time:              6685000, m_axis_tvalid: 1, m_axis_tready: 1
Time:              6695000, m_axis_tvalid: 1, m_axis_tready: 0
        335-é áčň: 0
Time:              6705000, m_axis_tvalid: 1, m_axis_tready: 1
Time:              6715000, m_axis_tvalid: 1, m_axis_tready: 0
        336-é áčň: 0
Time:              6725000, m_axis_tvalid: 1, m_axis_tready: 1
Time:              6735000, m_axis_tvalid: 1, m_axis_tready: 0
        337-é áčň: 0
Time:              6745000, m_axis_tvalid: 1, m_axis_tready: 1
Time:              6755000, m_axis_tvalid: 1, m_axis_tready: 0
        338-é áčň: 1
Time:              6765000, m_axis_tvalid: 1, m_axis_tready: 1
Time:              6775000, m_axis_tvalid: 1, m_axis_tready: 0
        339-é áčň: 1
Time:              6785000, m_axis_tvalid: 1, m_axis_tready: 1
Time:              6795000, m_axis_tvalid: 1, m_axis_tready: 0
        340-é áčň: 0
Time:              6805000, m_axis_tvalid: 1, m_axis_tready: 1
Time:              6815000, m_axis_tvalid: 1, m_axis_tready: 0
        341-é áčň: 1
Time:              6825000, m_axis_tvalid: 1, m_axis_tready: 1
Time:              6835000, m_axis_tvalid: 1, m_axis_tready: 0
        342-é áčň: 1
Time:              6845000, m_axis_tvalid: 1, m_axis_tready: 1
Time:              6855000, m_axis_tvalid: 1, m_axis_tready: 0
        343-é áčň: 0
Time:              6865000, m_axis_tvalid: 1, m_axis_tready: 1
Time:              6875000, m_axis_tvalid: 1, m_axis_tready: 0
        344-é áčň: 0
Time:              6885000, m_axis_tvalid: 1, m_axis_tready: 1
Time:              6895000, m_axis_tvalid: 1, m_axis_tready: 0
        345-é áčň: 1
Time:              6905000, m_axis_tvalid: 1, m_axis_tready: 1
Time:              6915000, m_axis_tvalid: 1, m_axis_tready: 0
        346-é áčň: 0
Time:              6925000, m_axis_tvalid: 1, m_axis_tready: 1
Time:              6935000, m_axis_tvalid: 1, m_axis_tready: 0
        347-é áčň: 0
Time:              6945000, m_axis_tvalid: 1, m_axis_tready: 1
Time:              6955000, m_axis_tvalid: 1, m_axis_tready: 0
        348-é áčň: 1
Time:              6965000, m_axis_tvalid: 1, m_axis_tready: 1
Time:              6975000, m_axis_tvalid: 1, m_axis_tready: 0
        349-é áčň: 1
Time:              6985000, m_axis_tvalid: 1, m_axis_tready: 1
Time:              6995000, m_axis_tvalid: 1, m_axis_tready: 0
        350-é áčň: 0
Time:              7005000, m_axis_tvalid: 1, m_axis_tready: 1
Time:              7015000, m_axis_tvalid: 1, m_axis_tready: 0
        351-é áčň: 1
Time:              7025000, m_axis_tvalid: 1, m_axis_tready: 1
Time:              7035000, m_axis_tvalid: 1, m_axis_tready: 0
        352-é áčň: 0
Time:              7045000, m_axis_tvalid: 1, m_axis_tready: 1
Time:              7055000, m_axis_tvalid: 1, m_axis_tready: 0
        353-é áčň: 0
Time:              7065000, m_axis_tvalid: 1, m_axis_tready: 1
Time:              7075000, m_axis_tvalid: 1, m_axis_tready: 0
        354-é áčň: 0
Time:              7085000, m_axis_tvalid: 1, m_axis_tready: 1
Time:              7095000, m_axis_tvalid: 1, m_axis_tready: 0
        355-é áčň: 0
Time:              7105000, m_axis_tvalid: 1, m_axis_tready: 1
Time:              7115000, m_axis_tvalid: 1, m_axis_tready: 0
        356-é áčň: 0
Time:              7125000, m_axis_tvalid: 1, m_axis_tready: 1
Time:              7135000, m_axis_tvalid: 1, m_axis_tready: 0
        357-é áčň: 1
Time:              7145000, m_axis_tvalid: 1, m_axis_tready: 1
Time:              7155000, m_axis_tvalid: 1, m_axis_tready: 0
        358-é áčň: 0
Time:              7165000, m_axis_tvalid: 1, m_axis_tready: 1
Time:              7175000, m_axis_tvalid: 1, m_axis_tready: 0
        359-é áčň: 0
Time:              7185000, m_axis_tvalid: 1, m_axis_tready: 1
Time:              7195000, m_axis_tvalid: 1, m_axis_tready: 0
        360-é áčň: 1
Time:              7205000, m_axis_tvalid: 1, m_axis_tready: 1
Time:              7215000, m_axis_tvalid: 1, m_axis_tready: 0
        361-é áčň: 0
Time:              7225000, m_axis_tvalid: 1, m_axis_tready: 1
Time:              7235000, m_axis_tvalid: 1, m_axis_tready: 0
        362-é áčň: 1
Time:              7245000, m_axis_tvalid: 1, m_axis_tready: 1
Time:              7255000, m_axis_tvalid: 1, m_axis_tready: 0
        363-é áčň: 1
Time:              7265000, m_axis_tvalid: 1, m_axis_tready: 1
Time:              7275000, m_axis_tvalid: 1, m_axis_tready: 0
        364-é áčň: 1
Time:              7285000, m_axis_tvalid: 1, m_axis_tready: 1
Time:              7295000, m_axis_tvalid: 1, m_axis_tready: 0
        365-é áčň: 0
Time:              7305000, m_axis_tvalid: 1, m_axis_tready: 1
Time:              7315000, m_axis_tvalid: 1, m_axis_tready: 0
        366-é áčň: 1
Time:              7325000, m_axis_tvalid: 1, m_axis_tready: 1
Time:              7335000, m_axis_tvalid: 1, m_axis_tready: 0
        367-é áčň: 0
Time:              7345000, m_axis_tvalid: 1, m_axis_tready: 1
Time:              7355000, m_axis_tvalid: 1, m_axis_tready: 0
        368-é áčň: 0
Time:              7365000, m_axis_tvalid: 1, m_axis_tready: 1
Time:              7375000, m_axis_tvalid: 1, m_axis_tready: 0
        369-é áčň: 1
Time:              7385000, m_axis_tvalid: 1, m_axis_tready: 1
Time:              7395000, m_axis_tvalid: 1, m_axis_tready: 0
        370-é áčň: 0
Time:              7405000, m_axis_tvalid: 1, m_axis_tready: 1
Time:              7415000, m_axis_tvalid: 1, m_axis_tready: 0
        371-é áčň: 1
Time:              7425000, m_axis_tvalid: 1, m_axis_tready: 1
Time:              7435000, m_axis_tvalid: 1, m_axis_tready: 0
        372-é áčň: 0
Time:              7445000, m_axis_tvalid: 1, m_axis_tready: 1
Time:              7455000, m_axis_tvalid: 1, m_axis_tready: 0
        373-é áčň: 1
Time:              7465000, m_axis_tvalid: 1, m_axis_tready: 1
Time:              7475000, m_axis_tvalid: 1, m_axis_tready: 0
        374-é áčň: 1
Time:              7485000, m_axis_tvalid: 1, m_axis_tready: 1
Time:              7495000, m_axis_tvalid: 1, m_axis_tready: 0
        375-é áčň: 0
Time:              7505000, m_axis_tvalid: 1, m_axis_tready: 1
Time:              7515000, m_axis_tvalid: 1, m_axis_tready: 0
        376-é áčň: 1
Time:              7525000, m_axis_tvalid: 1, m_axis_tready: 1
Time:              7535000, m_axis_tvalid: 1, m_axis_tready: 0
        377-é áčň: 1
Time:              7545000, m_axis_tvalid: 1, m_axis_tready: 1
Time:              7555000, m_axis_tvalid: 1, m_axis_tready: 0
        378-é áčň: 0
Time:              7565000, m_axis_tvalid: 1, m_axis_tready: 1
Time:              7575000, m_axis_tvalid: 1, m_axis_tready: 0
        379-é áčň: 0
Time:              7585000, m_axis_tvalid: 1, m_axis_tready: 1
Time:              7595000, m_axis_tvalid: 1, m_axis_tready: 0
        380-é áčň: 0
Time:              7605000, m_axis_tvalid: 1, m_axis_tready: 1
Time:              7615000, m_axis_tvalid: 1, m_axis_tready: 0
        381-é áčň: 1
Time:              7625000, m_axis_tvalid: 1, m_axis_tready: 1
Time:              7635000, m_axis_tvalid: 1, m_axis_tready: 0
        382-é áčň: 0
Time:              7645000, m_axis_tvalid: 1, m_axis_tready: 1
Time:              7655000, m_axis_tvalid: 1, m_axis_tready: 0
        383-é áčň: 1
Time:              7665000, m_axis_tvalid: 1, m_axis_tready: 1
Time:              7675000, m_axis_tvalid: 1, m_axis_tready: 0
        384-é áčň: 1
Time:              7685000, m_axis_tvalid: 1, m_axis_tready: 1
Time:              7695000, m_axis_tvalid: 1, m_axis_tready: 0
        385-é áčň: 1
Time:              7705000, m_axis_tvalid: 1, m_axis_tready: 1
Time:              7715000, m_axis_tvalid: 1, m_axis_tready: 0
        386-é áčň: 1
Time:              7725000, m_axis_tvalid: 1, m_axis_tready: 1
Time:              7735000, m_axis_tvalid: 1, m_axis_tready: 0
        387-é áčň: 1
Time:              7745000, m_axis_tvalid: 1, m_axis_tready: 1
Time:              7755000, m_axis_tvalid: 1, m_axis_tready: 0
        388-é áčň: 0
Time:              7765000, m_axis_tvalid: 1, m_axis_tready: 1
Time:              7775000, m_axis_tvalid: 1, m_axis_tready: 0
        389-é áčň: 1
Time:              7785000, m_axis_tvalid: 1, m_axis_tready: 1
Time:              7795000, m_axis_tvalid: 1, m_axis_tready: 0
        390-é áčň: 1
Time:              7805000, m_axis_tvalid: 1, m_axis_tready: 1
Time:              7815000, m_axis_tvalid: 1, m_axis_tready: 0
        391-é áčň: 0
Time:              7825000, m_axis_tvalid: 1, m_axis_tready: 1
Time:              7835000, m_axis_tvalid: 1, m_axis_tready: 0
        392-é áčň: 1
Time:              7845000, m_axis_tvalid: 1, m_axis_tready: 1
Time:              7855000, m_axis_tvalid: 1, m_axis_tready: 0
        393-é áčň: 1
Time:              7865000, m_axis_tvalid: 1, m_axis_tready: 1
Time:              7875000, m_axis_tvalid: 1, m_axis_tready: 0
        394-é áčň: 1
Time:              7885000, m_axis_tvalid: 1, m_axis_tready: 1
Time:              7895000, m_axis_tvalid: 1, m_axis_tready: 0
        395-é áčň: 0
Time:              7905000, m_axis_tvalid: 1, m_axis_tready: 1
Time:              7915000, m_axis_tvalid: 1, m_axis_tready: 0
        396-é áčň: 1
Time:              7925000, m_axis_tvalid: 1, m_axis_tready: 1
Time:              7935000, m_axis_tvalid: 1, m_axis_tready: 0
        397-é áčň: 1
Time:              7945000, m_axis_tvalid: 1, m_axis_tready: 1
Time:              7955000, m_axis_tvalid: 1, m_axis_tready: 0
        398-é áčň: 0
Time:              7965000, m_axis_tvalid: 1, m_axis_tready: 1
Time:              7975000, m_axis_tvalid: 1, m_axis_tready: 0
        399-é áčň: 0
Time:              7985000, m_axis_tvalid: 1, m_axis_tready: 1
Time:              7995000, m_axis_tvalid: 1, m_axis_tready: 0
        400-é áčň: 1
Time:              8005000, m_axis_tvalid: 1, m_axis_tready: 1
Time:              8015000, m_axis_tvalid: 1, m_axis_tready: 0
        401-é áčň: 1
Time:              8025000, m_axis_tvalid: 1, m_axis_tready: 1
Time:              8035000, m_axis_tvalid: 1, m_axis_tready: 0
        402-é áčň: 1
Time:              8045000, m_axis_tvalid: 1, m_axis_tready: 1
Time:              8055000, m_axis_tvalid: 1, m_axis_tready: 0
        403-é áčň: 1
Time:              8065000, m_axis_tvalid: 1, m_axis_tready: 1
Time:              8075000, m_axis_tvalid: 1, m_axis_tready: 0
        404-é áčň: 0
Time:              8085000, m_axis_tvalid: 1, m_axis_tready: 1
Time:              8095000, m_axis_tvalid: 1, m_axis_tready: 0
        405-é áčň: 0
Time:              8105000, m_axis_tvalid: 1, m_axis_tready: 1
Time:              8115000, m_axis_tvalid: 1, m_axis_tready: 0
        406-é áčň: 1
Time:              8125000, m_axis_tvalid: 1, m_axis_tready: 1
Time:              8135000, m_axis_tvalid: 1, m_axis_tready: 0
        407-é áčň: 0
Time:              8145000, m_axis_tvalid: 1, m_axis_tready: 1
Time:              8155000, m_axis_tvalid: 1, m_axis_tready: 0
        408-é áčň: 0
Time:              8165000, m_axis_tvalid: 1, m_axis_tready: 1
Time:              8175000, m_axis_tvalid: 1, m_axis_tready: 0
        409-é áčň: 0
Time:              8185000, m_axis_tvalid: 1, m_axis_tready: 1
Time:              8195000, m_axis_tvalid: 1, m_axis_tready: 0
        410-é áčň: 1
Time:              8205000, m_axis_tvalid: 1, m_axis_tready: 1
Time:              8215000, m_axis_tvalid: 1, m_axis_tready: 0
        411-é áčň: 0
Time:              8225000, m_axis_tvalid: 1, m_axis_tready: 1
Time:              8235000, m_axis_tvalid: 1, m_axis_tready: 0
        412-é áčň: 0
Time:              8245000, m_axis_tvalid: 1, m_axis_tready: 1
Time:              8255000, m_axis_tvalid: 1, m_axis_tready: 0
        413-é áčň: 1
Time:              8265000, m_axis_tvalid: 1, m_axis_tready: 1
Time:              8275000, m_axis_tvalid: 1, m_axis_tready: 0
        414-é áčň: 0
Time:              8285000, m_axis_tvalid: 1, m_axis_tready: 1
Time:              8295000, m_axis_tvalid: 1, m_axis_tready: 0
        415-é áčň: 1
Time:              8305000, m_axis_tvalid: 1, m_axis_tready: 1
Time:              8315000, m_axis_tvalid: 1, m_axis_tready: 0
        416-é áčň: 1
Time:              8325000, m_axis_tvalid: 1, m_axis_tready: 1
Time:              8335000, m_axis_tvalid: 1, m_axis_tready: 0
        417-é áčň: 1
Time:              8345000, m_axis_tvalid: 1, m_axis_tready: 1
Time:              8355000, m_axis_tvalid: 1, m_axis_tready: 0
        418-é áčň: 1
Time:              8365000, m_axis_tvalid: 1, m_axis_tready: 1
Time:              8375000, m_axis_tvalid: 1, m_axis_tready: 0
        419-é áčň: 0
Time:              8385000, m_axis_tvalid: 1, m_axis_tready: 1
Time:              8395000, m_axis_tvalid: 1, m_axis_tready: 0
        420-é áčň: 1
Time:              8405000, m_axis_tvalid: 1, m_axis_tready: 1
Time:              8415000, m_axis_tvalid: 1, m_axis_tready: 0
        421-é áčň: 1
Time:              8425000, m_axis_tvalid: 1, m_axis_tready: 1
Time:              8435000, m_axis_tvalid: 1, m_axis_tready: 0
        422-é áčň: 1
Time:              8445000, m_axis_tvalid: 1, m_axis_tready: 1
Time:              8455000, m_axis_tvalid: 1, m_axis_tready: 0
        423-é áčň: 1
Time:              8465000, m_axis_tvalid: 1, m_axis_tready: 1
Time:              8475000, m_axis_tvalid: 1, m_axis_tready: 0
        424-é áčň: 1
Time:              8485000, m_axis_tvalid: 1, m_axis_tready: 1
Time:              8495000, m_axis_tvalid: 1, m_axis_tready: 0
        425-é áčň: 0
Time:              8505000, m_axis_tvalid: 1, m_axis_tready: 1
Time:              8515000, m_axis_tvalid: 1, m_axis_tready: 0
        426-é áčň: 1
Time:              8525000, m_axis_tvalid: 1, m_axis_tready: 1
Time:              8535000, m_axis_tvalid: 1, m_axis_tready: 0
        427-é áčň: 0
Time:              8545000, m_axis_tvalid: 1, m_axis_tready: 1
Time:              8555000, m_axis_tvalid: 1, m_axis_tready: 0
        428-é áčň: 1
Time:              8565000, m_axis_tvalid: 1, m_axis_tready: 1
Time:              8575000, m_axis_tvalid: 1, m_axis_tready: 0
        429-é áčň: 0
Time:              8585000, m_axis_tvalid: 1, m_axis_tready: 1
Time:              8595000, m_axis_tvalid: 1, m_axis_tready: 0
        430-é áčň: 0
Time:              8605000, m_axis_tvalid: 1, m_axis_tready: 1
Time:              8615000, m_axis_tvalid: 1, m_axis_tready: 0
        431-é áčň: 1
Time:              8625000, m_axis_tvalid: 1, m_axis_tready: 1
Time:              8635000, m_axis_tvalid: 1, m_axis_tready: 0
        432-é áčň: 1
Time:              8645000, m_axis_tvalid: 1, m_axis_tready: 1
Time:              8655000, m_axis_tvalid: 1, m_axis_tready: 0
        433-é áčň: 0
Time:              8665000, m_axis_tvalid: 1, m_axis_tready: 1
Time:              8675000, m_axis_tvalid: 1, m_axis_tready: 0
        434-é áčň: 0
Time:              8685000, m_axis_tvalid: 1, m_axis_tready: 1
Time:              8695000, m_axis_tvalid: 1, m_axis_tready: 0
        435-é áčň: 1
Time:              8705000, m_axis_tvalid: 1, m_axis_tready: 1
Time:              8715000, m_axis_tvalid: 1, m_axis_tready: 0
        436-é áčň: 1
Time:              8725000, m_axis_tvalid: 1, m_axis_tready: 1
Time:              8735000, m_axis_tvalid: 1, m_axis_tready: 0
        437-é áčň: 1
Time:              8745000, m_axis_tvalid: 1, m_axis_tready: 1
Time:              8755000, m_axis_tvalid: 1, m_axis_tready: 0
        438-é áčň: 1
Time:              8765000, m_axis_tvalid: 1, m_axis_tready: 1
Time:              8775000, m_axis_tvalid: 1, m_axis_tready: 0
        439-é áčň: 0
Time:              8785000, m_axis_tvalid: 1, m_axis_tready: 1
Time:              8795000, m_axis_tvalid: 1, m_axis_tready: 0
        440-é áčň: 0
Time:              8805000, m_axis_tvalid: 1, m_axis_tready: 1
Time:              8815000, m_axis_tvalid: 1, m_axis_tready: 0
        441-é áčň: 1
Time:              8825000, m_axis_tvalid: 1, m_axis_tready: 1
Time:              8835000, m_axis_tvalid: 1, m_axis_tready: 0
        442-é áčň: 0
Time:              8845000, m_axis_tvalid: 1, m_axis_tready: 1
Time:              8855000, m_axis_tvalid: 1, m_axis_tready: 0
        443-é áčň: 0
Time:              8865000, m_axis_tvalid: 1, m_axis_tready: 1
Time:              8875000, m_axis_tvalid: 1, m_axis_tready: 0
        444-é áčň: 0
Time:              8885000, m_axis_tvalid: 1, m_axis_tready: 1
Time:              8895000, m_axis_tvalid: 1, m_axis_tready: 0
        445-é áčň: 0
Time:              8905000, m_axis_tvalid: 1, m_axis_tready: 1
Time:              8915000, m_axis_tvalid: 1, m_axis_tready: 0
        446-é áčň: 1
Time:              8925000, m_axis_tvalid: 1, m_axis_tready: 1
Time:              8935000, m_axis_tvalid: 1, m_axis_tready: 0
        447-é áčň: 1
Time:              8945000, m_axis_tvalid: 1, m_axis_tready: 1
Time:              8955000, m_axis_tvalid: 1, m_axis_tready: 0
        448-é áčň: 0
Time:              8965000, m_axis_tvalid: 1, m_axis_tready: 1
Time:              8975000, m_axis_tvalid: 0, m_axis_tready: 0
The simulation is completed.
$finish called at time : 8975 ns : File "C:/Users/arty/Documents/GitHub/LDPC/calculate_vector/calculate_vector.srcs/sources_1/new/tb_calculate_vector.v" Line 127
