DISSOLVE_GENOME: GENOME ldpc_v2_0_11_ld_schedule GENOME ldpc_v2_0_11_ld_reorder GENOME ldpc_v2_0_11_ld_scale GENOME ldpc_v2_0_11_ld_mc_rotate GENOME ldpc_v2_0_11_rotate__parameterized0 GENOME ldpc_v2_0_11_shift4__parameterized0 GENOME ldpc_v2_0_11_ld_decomp GENOME ldpc_v2_0_11_ld_kc_sub GENOME ldpc_v2_0_11_ld_mc_mins GENOME ldpc_v2_0_11_ld_mins GENOME ldpc_v2_0_11_ld_find_mins_ctrl GENOME ldpc_v2_0_11_ld_find_mins_cmd GENOME ldpc_v2_0_11_ld_update_dp GENOME ldpc_v2_0_11_ld_expand GENOME ldpc_v2_0_11_ld_kc_add GENOME ldpc_v2_0_11_ld_pack_op GENOME ldpc_v2_0_11_ld_lm_wr_if GENOME ldpc_v2_0_11_ld_op_par_chk GENOME ldpc_v2_0_11_ld_op_par_chk_ctrl GENOME ecc_v2_0_13_hsiao_gen GENOME ecc_v2_0_13_hsiao_gen__parameterized0 GENOME ecc_v2_0_13_hsiao_gen__parameterized1 GENOME ecc_v2_0_13_hsiao_gen__parameterized2 GENOME ecc_v2_0_13_hsiao_gen__parameterized3 GENOME ecc_v2_0_13_hsiao_gen__parameterized5 GENOME fec_5g_common_v1_1_1_gearbox__parameterized0
INST ldpc_v2_0_11__GC0 PIN 469: INST NON_GENOME PIN 223 TYPE 5
INST ldpc_v2_0_11__GC0 PIN 470: INST NON_GENOME PIN 224 TYPE 5
INST ldpc_v2_0_11__GC0 PIN 522: INST NON_GENOME PIN 276 TYPE 5
INST ldpc_v2_0_11__GC0 PIN 523: INST NON_GENOME PIN 277 TYPE 5
INST ldpc_v2_0_11__GC0 PIN 561: INST NON_GENOME PIN 282 TYPE 5
INST ldpc_v2_0_11__GC0 PIN 562: INST NON_GENOME PIN 283 TYPE 5
INST ldpc_v2_0_11__GC0 PIN 563: INST NON_GENOME PIN 284 TYPE 5
INST ldpc_v2_0_11__GC0 PIN 702: INST NON_GENOME PIN 456 TYPE 5
INST ldpc_v2_0_11__GC0 PIN 703: INST NON_GENOME PIN 457 TYPE 5
INST ldpc_v2_0_11__GC0 PIN 704: INST NON_GENOME PIN 458 TYPE 5
INST ldpc_v2_0_11__GC0 PIN 717: INST ldpc_v2_0_11_inner_core__GC0 PIN 177 TYPE 5
INST ldpc_v2_0_11__GC0 PIN 718: INST ldpc_v2_0_11_inner_core__GC0 PIN 178 TYPE 5
INST NON_GENOME PIN 280: INST ldpc_v2_0_11__GC0 PIN 559 TYPE 1
INST NON_GENOME PIN 281: INST ldpc_v2_0_11__GC0 PIN 560 TYPE 1
INST NON_GENOME PIN 285: INST ldpc_v2_0_11__GC0 PIN 564 TYPE 1
INST NON_GENOME PIN 286: INST ldpc_v2_0_11__GC0 PIN 565 TYPE 0
INST NON_GENOME PIN 287: INST ldpc_v2_0_11__GC0 PIN 566 TYPE 0
INST NON_GENOME PIN 288: INST ldpc_v2_0_11__GC0 PIN 567 TYPE 0
INST NON_GENOME PIN 289: INST ldpc_v2_0_11__GC0 PIN 568 TYPE 0
INST NON_GENOME PIN 454: INST ldpc_v2_0_11__GC0 PIN 700 TYPE 1
INST NON_GENOME PIN 455: INST ldpc_v2_0_11__GC0 PIN 701 TYPE 1
INST NON_GENOME PIN 459: INST ldpc_v2_0_11__GC0 PIN 705 TYPE 1
INST NON_GENOME PIN 460: INST ldpc_v2_0_11__GC0 PIN 706 TYPE 0
INST NON_GENOME PIN 461: INST ldpc_v2_0_11__GC0 PIN 707 TYPE 0
INST NON_GENOME PIN 462: INST ldpc_v2_0_11__GC0 PIN 708 TYPE 0
INST NON_GENOME PIN 463: INST ldpc_v2_0_11__GC0 PIN 709 TYPE 0
INST ldpc_v2_0_11_ld_top_ctrl PIN 484: INST ldpc_v2_0_11_inner_core__GC0 PIN 335 TYPE 5
INST ldpc_v2_0_11_ld_top_ctrl PIN 485: INST ldpc_v2_0_11_inner_core__GC0 PIN 336 TYPE 5
INST ldpc_v2_0_11_ld_top_ctrl PIN 486: INST ldpc_v2_0_11_inner_core__GC0 PIN 337 TYPE 5
INST ldpc_v2_0_11_ld_top_ctrl PIN 487: INST ldpc_v2_0_11_inner_core__GC0 PIN 338 TYPE 5
INST ldpc_v2_0_11_ld_top_ctrl PIN 488: INST ldpc_v2_0_11_inner_core__GC0 PIN 339 TYPE 5
INST ldpc_v2_0_11_ld_top_ctrl PIN 574: INST ldpc_v2_0_11_inner_core__GC0 PIN 425 TYPE 5
INST ldpc_v2_0_11_ld_top_ctrl PIN 575: INST ldpc_v2_0_11_inner_core__GC0 PIN 426 TYPE 5
INST ldpc_v2_0_11_ld_top_ctrl PIN 576: INST ldpc_v2_0_11_inner_core__GC0 PIN 427 TYPE 5
INST ldpc_v2_0_11_ld_top_ctrl PIN 577: INST ldpc_v2_0_11_inner_core__GC0 PIN 428 TYPE 5
INST ldpc_v2_0_11_ld_top_ctrl PIN 578: INST ldpc_v2_0_11_inner_core__GC0 PIN 429 TYPE 5
INST ldpc_v2_0_11_ld_top_ctrl PIN 579: INST ldpc_v2_0_11_inner_core__GC0 PIN 430 TYPE 5
INST ldpc_v2_0_11_ld_top_ctrl PIN 580: INST ldpc_v2_0_11_inner_core__GC0 PIN 431 TYPE 5
INST ldpc_v2_0_11_ld_top_ctrl PIN 645: INST ldpc_v2_0_11_inner_core__GC0 PIN 496 TYPE 5
INST ldpc_v2_0_11_ld_top_ctrl PIN 646: INST ldpc_v2_0_11_inner_core__GC0 PIN 497 TYPE 5
INST ldpc_v2_0_11_ld_top_ctrl PIN 647: INST ldpc_v2_0_11_inner_core__GC0 PIN 498 TYPE 5
INST ldpc_v2_0_11_ld_top_ctrl PIN 648: INST ldpc_v2_0_11_inner_core__GC0 PIN 499 TYPE 5
INST ldpc_v2_0_11_ld_top_ctrl PIN 649: INST ldpc_v2_0_11_inner_core__GC0 PIN 500 TYPE 5
INST ldpc_v2_0_11_ld_top_ctrl PIN 650: INST ldpc_v2_0_11_inner_core__GC0 PIN 501 TYPE 5
INST ldpc_v2_0_11_ld_top_ctrl PIN 651: INST ldpc_v2_0_11_inner_core__GC0 PIN 502 TYPE 5
INST ldpc_v2_0_11_ld_top_ctrl PIN 652: INST ldpc_v2_0_11_inner_core__GC0 PIN 503 TYPE 5
INST ldpc_v2_0_11_ld_top_ctrl PIN 653: INST ldpc_v2_0_11_inner_core__GC0 PIN 504 TYPE 5
INST ldpc_v2_0_11_ld_top_ctrl PIN 654: INST ldpc_v2_0_11_inner_core__GC0 PIN 505 TYPE 5
INST ldpc_v2_0_11_ld_top_ctrl PIN 655: INST ldpc_v2_0_11_inner_core__GC0 PIN 506 TYPE 5
INST ldpc_v2_0_11_ld_top_ctrl PIN 656: INST ldpc_v2_0_11_inner_core__GC0 PIN 507 TYPE 5
INST ldpc_v2_0_11_ld_top_ctrl PIN 657: INST ldpc_v2_0_11_inner_core__GC0 PIN 508 TYPE 5
INST ldpc_v2_0_11_ld_top_ctrl PIN 658: INST ldpc_v2_0_11_inner_core__GC0 PIN 509 TYPE 5
INST ldpc_v2_0_11_ld_top_ctrl PIN 659: INST ldpc_v2_0_11_inner_core__GC0 PIN 510 TYPE 5
INST ldpc_v2_0_11_ld_top_ctrl PIN 660: INST ldpc_v2_0_11_inner_core__GC0 PIN 511 TYPE 5
INST ldpc_v2_0_11_ld_top_ctrl PIN 661: INST ldpc_v2_0_11_inner_core__GC0 PIN 512 TYPE 5
INST ldpc_v2_0_11_ld_top_ctrl PIN 662: INST ldpc_v2_0_11_inner_core__GC0 PIN 513 TYPE 5
INST ldpc_v2_0_11_ld_top_ctrl PIN 663: INST ldpc_v2_0_11_inner_core__GC0 PIN 514 TYPE 5
INST ldpc_v2_0_11_ld_top_ctrl PIN 664: INST ldpc_v2_0_11_inner_core__GC0 PIN 515 TYPE 5
INST ldpc_v2_0_11_ld_top_ctrl PIN 665: INST ldpc_v2_0_11_inner_core__GC0 PIN 516 TYPE 5
INST ldpc_v2_0_11_ld_top_ctrl PIN 666: INST ldpc_v2_0_11_inner_core__GC0 PIN 517 TYPE 5
INST ldpc_v2_0_11_ld_top_ctrl PIN 667: INST ldpc_v2_0_11_inner_core__GC0 PIN 518 TYPE 5
INST ldpc_v2_0_11_ld_top_ctrl PIN 668: INST ldpc_v2_0_11_inner_core__GC0 PIN 519 TYPE 5
INST ldpc_v2_0_11_ld_top_ctrl PIN 669: INST ldpc_v2_0_11_inner_core__GC0 PIN 520 TYPE 5
INST ldpc_v2_0_11_ld_top_ctrl PIN 670: INST ldpc_v2_0_11_inner_core__GC0 PIN 521 TYPE 5
INST ldpc_v2_0_11_ld_top_ctrl PIN 671: INST ldpc_v2_0_11_inner_core__GC0 PIN 522 TYPE 5
INST ldpc_v2_0_11_ld_top_ctrl PIN 672: INST ldpc_v2_0_11_inner_core__GC0 PIN 523 TYPE 5
INST ldpc_v2_0_11_ld_top_ctrl PIN 692: INST ldpc_v2_0_11_inner_core__GC0 PIN 122 TYPE 5
INST ldpc_v2_0_11_ld_top_ctrl PIN 693: INST ldpc_v2_0_11_inner_core__GC0 PIN 123 TYPE 5
INST ldpc_v2_0_11_ld_top_ctrl PIN 694: INST ldpc_v2_0_11_inner_core__GC0 PIN 124 TYPE 5
INST ldpc_v2_0_11_ld_top_ctrl PIN 695: INST ldpc_v2_0_11_inner_core__GC0 PIN 125 TYPE 5
INST ldpc_v2_0_11_ld_top_ctrl PIN 696: INST ldpc_v2_0_11_inner_core__GC0 PIN 126 TYPE 5
INST ldpc_v2_0_11_ld_top_ctrl PIN 705: INST ldpc_v2_0_11_inner_core__GC0 PIN 135 TYPE 5
INST ldpc_v2_0_11_ld_top_ctrl PIN 713: INST ldpc_v2_0_11_inner_core__GC0 PIN 143 TYPE 5
INST ldpc_v2_0_11_ld_top_ctrl PIN 714: INST ldpc_v2_0_11_inner_core__GC0 PIN 144 TYPE 5
INST ldpc_v2_0_11_ld_top_ctrl PIN 715: INST ldpc_v2_0_11_inner_core__GC0 PIN 145 TYPE 5
INST ldpc_v2_0_11_ld_top_ctrl PIN 716: INST ldpc_v2_0_11_inner_core__GC0 PIN 146 TYPE 5
INST ldpc_v2_0_11_ld_top_ctrl PIN 717: INST ldpc_v2_0_11_inner_core__GC0 PIN 147 TYPE 5
INST ldpc_v2_0_11_ld_top_ctrl PIN 726: INST ldpc_v2_0_11_inner_core__GC0 PIN 156 TYPE 5
INST ldpc_v2_0_11_ld_top_ctrl PIN 749: INST ldpc_v2_0_11_ld_top__GCB2 PIN 15 TYPE 5
INST ldpc_v2_0_11_ld_mc_rotate__GC0 PIN 5360: INST ldpc_v2_0_11_ld_find_mins__GC0 PIN 966 TYPE 5
INST ldpc_v2_0_11_ld_mc_rotate__GC0 PIN 5369: INST ldpc_v2_0_11_ld_find_mins__GC0 PIN 975 TYPE 5
INST ldpc_v2_0_11_rotate__parameterized0__GC0 PIN 1032: INST ldpc_v2_0_11_ld_mc_rotate__GC0 PIN 1084 TYPE 5
INST ldpc_v2_0_11_rotate__parameterized0__GC0 PIN 1039: INST ldpc_v2_0_11_ld_mc_rotate__GC0 PIN 1055 TYPE 5
INST ldpc_v2_0_11_rotate__parameterized0__GC0 PIN 1046: INST ldpc_v2_0_11_ld_mc_rotate__GC0 PIN 1200 TYPE 5
INST ldpc_v2_0_11_rotate__parameterized0__GC0 PIN 1047: INST ldpc_v2_0_11_ld_mc_rotate__GC0 PIN 1201 TYPE 5
INST ldpc_v2_0_11_rotate__parameterized0__GC0 PIN 1053: INST ldpc_v2_0_11_ld_mc_rotate__GC0 PIN 1171 TYPE 5
INST ldpc_v2_0_11_rotate__parameterized0__GC0 PIN 1054: INST ldpc_v2_0_11_ld_mc_rotate__GC0 PIN 1172 TYPE 5
INST ldpc_v2_0_11_rotate__parameterized0__GC0 PIN 1060: INST ldpc_v2_0_11_ld_mc_rotate__GC0 PIN 1142 TYPE 5
INST ldpc_v2_0_11_rotate__parameterized0__GC0 PIN 1061: INST ldpc_v2_0_11_ld_mc_rotate__GC0 PIN 1143 TYPE 5
INST ldpc_v2_0_11_rotate__parameterized0__GC0 PIN 1067: INST ldpc_v2_0_11_ld_mc_rotate__GC0 PIN 1113 TYPE 5
INST ldpc_v2_0_11_rotate__parameterized0__GC0 PIN 1068: INST ldpc_v2_0_11_ld_mc_rotate__GC0 PIN 1114 TYPE 5
INST ldpc_v2_0_11_rotate__parameterized0__GC0 PIN 4140: INST ldpc_v2_0_11_shift4__parameterized0__GBM2 PIN 263 TYPE 5
INST ldpc_v2_0_11_rotate__parameterized0__GC0 PIN 4141: INST ldpc_v2_0_11_shift4__parameterized0__GBM2 PIN 264 TYPE 5
INST ldpc_v2_0_11_rotate__parameterized0__GC0 PIN 4142: INST ldpc_v2_0_11_shift4__parameterized0__GBM2 PIN 265 TYPE 5
INST ldpc_v2_0_11_rotate__parameterized0__GC0 PIN 4143: INST ldpc_v2_0_11_shift4__parameterized0__GBM2 PIN 266 TYPE 5
INST ldpc_v2_0_11_rotate__parameterized0__GC0 PIN 4144: INST ldpc_v2_0_11_shift4__parameterized0__GBM2 PIN 267 TYPE 5
INST ldpc_v2_0_11_rotate__parameterized0__GC0 PIN 4145: INST ldpc_v2_0_11_shift4__parameterized0__GBM2 PIN 268 TYPE 5
INST ldpc_v2_0_11_rotate__parameterized0__GC0 PIN 4146: INST ldpc_v2_0_11_shift4__parameterized0__GBM2 PIN 269 TYPE 5
INST ldpc_v2_0_11_rotate__parameterized0__GC0 PIN 4147: INST ldpc_v2_0_11_shift4__parameterized0__GBM2 PIN 270 TYPE 5
INST ldpc_v2_0_11_ld_top_ctrl PIN 377: INST ldpc_v2_0_11_op_if__GB0 PIN 293 TYPE 0 GENOME ldpc_v2_0_11_ld_top_ctrl PIN 377
INST ldpc_v2_0_11_ld_top_ctrl PIN 378: INST ldpc_v2_0_11_op_if__GB0 PIN 294 TYPE 0 GENOME ldpc_v2_0_11_ld_top_ctrl PIN 378
INST ldpc_v2_0_11_ld_top_ctrl PIN 66: INST ldpc_v2_0_11_ld_find_mins__GC0 PIN 1736 TYPE 0 GENOME ldpc_v2_0_11_ld_top_ctrl PIN 66
INST ldpc_v2_0_11_ld_top_ctrl PIN 67: INST ldpc_v2_0_11_ld_find_mins__GC0 PIN 1737 TYPE 0 GENOME ldpc_v2_0_11_ld_top_ctrl PIN 67
INST ldpc_v2_0_11_ld_top_ctrl PIN 68: INST ldpc_v2_0_11_ld_find_mins__GC0 PIN 1738 TYPE 0 GENOME ldpc_v2_0_11_ld_top_ctrl PIN 68
INST ldpc_v2_0_11_ld_top_ctrl PIN 69: INST ldpc_v2_0_11_ld_find_mins__GC0 PIN 1739 TYPE 0 GENOME ldpc_v2_0_11_ld_top_ctrl PIN 69
INST ldpc_v2_0_11_ld_top_ctrl PIN 70: INST ldpc_v2_0_11_ld_find_mins__GC0 PIN 1740 TYPE 0 GENOME ldpc_v2_0_11_ld_top_ctrl PIN 70
INST ldpc_v2_0_11_ld_top_ctrl PIN 429: INST ldpc_v2_0_11_inner_core__GC0 PIN 958 TYPE 0 GENOME ldpc_v2_0_11_ld_top_ctrl PIN 429
INST ldpc_v2_0_11_ld_mc_rotate__GC0 PIN 1047: GENOME ldpc_v2_0_11_ld_mc_rotate__GC0 PIN 1047
INST ldpc_v2_0_11_ld_mc_rotate__GC0 PIN 1048: GENOME ldpc_v2_0_11_ld_mc_rotate__GC0 PIN 1048
INST ldpc_v2_0_11_ld_mc_rotate__GC0 PIN 1049: GENOME ldpc_v2_0_11_ld_mc_rotate__GC0 PIN 1049
INST ldpc_v2_0_11_ld_mc_rotate__GC0 PIN 1050: GENOME ldpc_v2_0_11_ld_mc_rotate__GC0 PIN 1050
INST ldpc_v2_0_11_ld_mc_rotate__GC0 PIN 1051: GENOME ldpc_v2_0_11_ld_mc_rotate__GC0 PIN 1051
INST ldpc_v2_0_11_ld_mc_rotate__GC0 PIN 1052: GENOME ldpc_v2_0_11_ld_mc_rotate__GC0 PIN 1052
INST ldpc_v2_0_11_ld_mc_rotate__GC0 PIN 1053: GENOME ldpc_v2_0_11_ld_mc_rotate__GC0 PIN 1053
INST ldpc_v2_0_11_ld_mc_rotate__GC0 PIN 1054: GENOME ldpc_v2_0_11_ld_mc_rotate__GC0 PIN 1054
INST ldpc_v2_0_11_ld_mc_rotate__GC0 PIN 1055: GENOME ldpc_v2_0_11_ld_mc_rotate__GC0 PIN 1055
INST ldpc_v2_0_11_ld_mc_rotate__GC0 PIN 1062: GENOME ldpc_v2_0_11_ld_mc_rotate__GC0 PIN 1062
INST ldpc_v2_0_11_ld_mc_rotate__GC0 PIN 1069: GENOME ldpc_v2_0_11_ld_mc_rotate__GC0 PIN 1069
INST ldpc_v2_0_11_ld_mc_rotate__GC0 PIN 1076: GENOME ldpc_v2_0_11_ld_mc_rotate__GC0 PIN 1076
INST ldpc_v2_0_11_ld_mc_rotate__GC0 PIN 1077: GENOME ldpc_v2_0_11_ld_mc_rotate__GC0 PIN 1077
INST ldpc_v2_0_11_ld_mc_rotate__GC0 PIN 1078: GENOME ldpc_v2_0_11_ld_mc_rotate__GC0 PIN 1078
INST ldpc_v2_0_11_ld_mc_rotate__GC0 PIN 1079: GENOME ldpc_v2_0_11_ld_mc_rotate__GC0 PIN 1079
INST ldpc_v2_0_11_ld_mc_rotate__GC0 PIN 1080: GENOME ldpc_v2_0_11_ld_mc_rotate__GC0 PIN 1080
INST ldpc_v2_0_11_ld_mc_rotate__GC0 PIN 1081: GENOME ldpc_v2_0_11_ld_mc_rotate__GC0 PIN 1081
INST ldpc_v2_0_11_ld_mc_rotate__GC0 PIN 1082: GENOME ldpc_v2_0_11_ld_mc_rotate__GC0 PIN 1082
INST ldpc_v2_0_11_ld_mc_rotate__GC0 PIN 1083: GENOME ldpc_v2_0_11_ld_mc_rotate__GC0 PIN 1083
INST ldpc_v2_0_11_ld_mc_rotate__GC0 PIN 1084: GENOME ldpc_v2_0_11_ld_mc_rotate__GC0 PIN 1084
INST ldpc_v2_0_11_ld_mc_rotate__GC0 PIN 1091: GENOME ldpc_v2_0_11_ld_mc_rotate__GC0 PIN 1091
INST ldpc_v2_0_11_ld_mc_rotate__GC0 PIN 1098: GENOME ldpc_v2_0_11_ld_mc_rotate__GC0 PIN 1098
INST ldpc_v2_0_11_ld_mc_rotate__GC0 PIN 1105: GENOME ldpc_v2_0_11_ld_mc_rotate__GC0 PIN 1105
INST ldpc_v2_0_11_ld_mc_rotate__GC0 PIN 1106: GENOME ldpc_v2_0_11_ld_mc_rotate__GC0 PIN 1106
INST ldpc_v2_0_11_ld_mc_rotate__GC0 PIN 1107: GENOME ldpc_v2_0_11_ld_mc_rotate__GC0 PIN 1107
INST ldpc_v2_0_11_ld_mc_rotate__GC0 PIN 1108: GENOME ldpc_v2_0_11_ld_mc_rotate__GC0 PIN 1108
INST ldpc_v2_0_11_ld_mc_rotate__GC0 PIN 1109: GENOME ldpc_v2_0_11_ld_mc_rotate__GC0 PIN 1109
INST ldpc_v2_0_11_ld_mc_rotate__GC0 PIN 1110: GENOME ldpc_v2_0_11_ld_mc_rotate__GC0 PIN 1110
INST ldpc_v2_0_11_ld_mc_rotate__GC0 PIN 1111: GENOME ldpc_v2_0_11_ld_mc_rotate__GC0 PIN 1111
INST ldpc_v2_0_11_ld_mc_rotate__GC0 PIN 1112: GENOME ldpc_v2_0_11_ld_mc_rotate__GC0 PIN 1112
INST ldpc_v2_0_11_ld_mc_rotate__GC0 PIN 1113: GENOME ldpc_v2_0_11_ld_mc_rotate__GC0 PIN 1113
INST ldpc_v2_0_11_ld_mc_rotate__GC0 PIN 1114: GENOME ldpc_v2_0_11_ld_mc_rotate__GC0 PIN 1114
INST ldpc_v2_0_11_ld_mc_rotate__GC0 PIN 1120: GENOME ldpc_v2_0_11_ld_mc_rotate__GC0 PIN 1120
INST ldpc_v2_0_11_ld_mc_rotate__GC0 PIN 1121: GENOME ldpc_v2_0_11_ld_mc_rotate__GC0 PIN 1121
INST ldpc_v2_0_11_ld_mc_rotate__GC0 PIN 1127: GENOME ldpc_v2_0_11_ld_mc_rotate__GC0 PIN 1127
INST ldpc_v2_0_11_ld_mc_rotate__GC0 PIN 1128: GENOME ldpc_v2_0_11_ld_mc_rotate__GC0 PIN 1128
INST ldpc_v2_0_11_ld_mc_rotate__GC0 PIN 1134: GENOME ldpc_v2_0_11_ld_mc_rotate__GC0 PIN 1134
INST ldpc_v2_0_11_ld_mc_rotate__GC0 PIN 1135: GENOME ldpc_v2_0_11_ld_mc_rotate__GC0 PIN 1135
INST ldpc_v2_0_11_ld_mc_rotate__GC0 PIN 1136: GENOME ldpc_v2_0_11_ld_mc_rotate__GC0 PIN 1136
INST ldpc_v2_0_11_ld_mc_rotate__GC0 PIN 1137: GENOME ldpc_v2_0_11_ld_mc_rotate__GC0 PIN 1137
INST ldpc_v2_0_11_ld_mc_rotate__GC0 PIN 1138: GENOME ldpc_v2_0_11_ld_mc_rotate__GC0 PIN 1138
INST ldpc_v2_0_11_ld_mc_rotate__GC0 PIN 1139: GENOME ldpc_v2_0_11_ld_mc_rotate__GC0 PIN 1139
INST ldpc_v2_0_11_ld_mc_rotate__GC0 PIN 1140: GENOME ldpc_v2_0_11_ld_mc_rotate__GC0 PIN 1140
INST ldpc_v2_0_11_ld_mc_rotate__GC0 PIN 1141: GENOME ldpc_v2_0_11_ld_mc_rotate__GC0 PIN 1141
INST ldpc_v2_0_11_ld_mc_rotate__GC0 PIN 1142: GENOME ldpc_v2_0_11_ld_mc_rotate__GC0 PIN 1142
INST ldpc_v2_0_11_ld_mc_rotate__GC0 PIN 1143: GENOME ldpc_v2_0_11_ld_mc_rotate__GC0 PIN 1143
INST ldpc_v2_0_11_ld_mc_rotate__GC0 PIN 1149: GENOME ldpc_v2_0_11_ld_mc_rotate__GC0 PIN 1149
INST ldpc_v2_0_11_ld_mc_rotate__GC0 PIN 1150: GENOME ldpc_v2_0_11_ld_mc_rotate__GC0 PIN 1150
INST ldpc_v2_0_11_ld_mc_rotate__GC0 PIN 1156: GENOME ldpc_v2_0_11_ld_mc_rotate__GC0 PIN 1156
INST ldpc_v2_0_11_ld_mc_rotate__GC0 PIN 1157: GENOME ldpc_v2_0_11_ld_mc_rotate__GC0 PIN 1157
INST ldpc_v2_0_11_ld_mc_rotate__GC0 PIN 1163: GENOME ldpc_v2_0_11_ld_mc_rotate__GC0 PIN 1163
INST ldpc_v2_0_11_ld_mc_rotate__GC0 PIN 1164: GENOME ldpc_v2_0_11_ld_mc_rotate__GC0 PIN 1164
INST ldpc_v2_0_11_ld_mc_rotate__GC0 PIN 1165: GENOME ldpc_v2_0_11_ld_mc_rotate__GC0 PIN 1165
INST ldpc_v2_0_11_ld_mc_rotate__GC0 PIN 1166: GENOME ldpc_v2_0_11_ld_mc_rotate__GC0 PIN 1166
INST ldpc_v2_0_11_ld_mc_rotate__GC0 PIN 1167: GENOME ldpc_v2_0_11_ld_mc_rotate__GC0 PIN 1167
INST ldpc_v2_0_11_ld_mc_rotate__GC0 PIN 1168: GENOME ldpc_v2_0_11_ld_mc_rotate__GC0 PIN 1168
INST ldpc_v2_0_11_ld_mc_rotate__GC0 PIN 1169: GENOME ldpc_v2_0_11_ld_mc_rotate__GC0 PIN 1169
INST ldpc_v2_0_11_ld_mc_rotate__GC0 PIN 1170: GENOME ldpc_v2_0_11_ld_mc_rotate__GC0 PIN 1170
INST ldpc_v2_0_11_ld_mc_rotate__GC0 PIN 1171: GENOME ldpc_v2_0_11_ld_mc_rotate__GC0 PIN 1171
INST ldpc_v2_0_11_ld_mc_rotate__GC0 PIN 1172: GENOME ldpc_v2_0_11_ld_mc_rotate__GC0 PIN 1172
INST ldpc_v2_0_11_ld_mc_rotate__GC0 PIN 1178: GENOME ldpc_v2_0_11_ld_mc_rotate__GC0 PIN 1178
INST ldpc_v2_0_11_ld_mc_rotate__GC0 PIN 1179: GENOME ldpc_v2_0_11_ld_mc_rotate__GC0 PIN 1179
INST ldpc_v2_0_11_ld_mc_rotate__GC0 PIN 1185: GENOME ldpc_v2_0_11_ld_mc_rotate__GC0 PIN 1185
INST ldpc_v2_0_11_ld_mc_rotate__GC0 PIN 1186: GENOME ldpc_v2_0_11_ld_mc_rotate__GC0 PIN 1186
INST ldpc_v2_0_11_ld_mc_rotate__GC0 PIN 1192: GENOME ldpc_v2_0_11_ld_mc_rotate__GC0 PIN 1192
INST ldpc_v2_0_11_ld_mc_rotate__GC0 PIN 1193: GENOME ldpc_v2_0_11_ld_mc_rotate__GC0 PIN 1193
INST ldpc_v2_0_11_ld_mc_rotate__GC0 PIN 1194: GENOME ldpc_v2_0_11_ld_mc_rotate__GC0 PIN 1194
INST ldpc_v2_0_11_ld_mc_rotate__GC0 PIN 1195: GENOME ldpc_v2_0_11_ld_mc_rotate__GC0 PIN 1195
INST ldpc_v2_0_11_ld_mc_rotate__GC0 PIN 1196: GENOME ldpc_v2_0_11_ld_mc_rotate__GC0 PIN 1196
INST ldpc_v2_0_11_ld_mc_rotate__GC0 PIN 1197: GENOME ldpc_v2_0_11_ld_mc_rotate__GC0 PIN 1197
INST ldpc_v2_0_11_ld_mc_rotate__GC0 PIN 1198: GENOME ldpc_v2_0_11_ld_mc_rotate__GC0 PIN 1198
INST ldpc_v2_0_11_ld_mc_rotate__GC0 PIN 1199: GENOME ldpc_v2_0_11_ld_mc_rotate__GC0 PIN 1199
INST ldpc_v2_0_11_ld_mc_rotate__GC0 PIN 1200: GENOME ldpc_v2_0_11_ld_mc_rotate__GC0 PIN 1200
INST ldpc_v2_0_11_ld_mc_rotate__GC0 PIN 1201: GENOME ldpc_v2_0_11_ld_mc_rotate__GC0 PIN 1201
INST ldpc_v2_0_11_ld_mc_rotate__GC0 PIN 1207: GENOME ldpc_v2_0_11_ld_mc_rotate__GC0 PIN 1207
INST ldpc_v2_0_11_ld_mc_rotate__GC0 PIN 1208: GENOME ldpc_v2_0_11_ld_mc_rotate__GC0 PIN 1208
INST ldpc_v2_0_11_ld_mc_rotate__GC0 PIN 1214: GENOME ldpc_v2_0_11_ld_mc_rotate__GC0 PIN 1214
INST ldpc_v2_0_11_ld_mc_rotate__GC0 PIN 1215: GENOME ldpc_v2_0_11_ld_mc_rotate__GC0 PIN 1215
INST ldpc_v2_0_11_ld_mc_rotate__GC0 PIN 1221: GENOME ldpc_v2_0_11_ld_mc_rotate__GC0 PIN 1221
INST ldpc_v2_0_11_ld_mc_rotate__GC0 PIN 1222: GENOME ldpc_v2_0_11_ld_mc_rotate__GC0 PIN 1222
INST ldpc_v2_0_11_ld_mc_rotate__GC0 PIN 1223: GENOME ldpc_v2_0_11_ld_mc_rotate__GC0 PIN 1223
INST ldpc_v2_0_11_ld_mc_rotate__GC0 PIN 1224: GENOME ldpc_v2_0_11_ld_mc_rotate__GC0 PIN 1224
INST ldpc_v2_0_11_ld_mc_rotate__GC0 PIN 1225: GENOME ldpc_v2_0_11_ld_mc_rotate__GC0 PIN 1225
INST ldpc_v2_0_11_ld_mc_rotate__GC0 PIN 1226: GENOME ldpc_v2_0_11_ld_mc_rotate__GC0 PIN 1226
INST ldpc_v2_0_11_ld_mc_rotate__GC0 PIN 1227: GENOME ldpc_v2_0_11_ld_mc_rotate__GC0 PIN 1227
INST ldpc_v2_0_11_ld_mc_rotate__GC0 PIN 1228: GENOME ldpc_v2_0_11_ld_mc_rotate__GC0 PIN 1228
INST ldpc_v2_0_11_ld_mc_rotate__GC0 PIN 4303: GENOME ldpc_v2_0_11_ld_mc_rotate__GC0 PIN 4303
INST ldpc_v2_0_11_ld_mc_rotate__GC0 PIN 4304: GENOME ldpc_v2_0_11_ld_mc_rotate__GC0 PIN 4304
INST ldpc_v2_0_11__GC0 PIN 40: GENOME ldpc_v2_0_11__GC0 PIN 40
INST ldpc_v2_0_11__GC0 PIN 75: GENOME ldpc_v2_0_11__GC0 PIN 75
INST ldpc_v2_0_11__GC0 PIN 559: GENOME ldpc_v2_0_11__GC0 PIN 559
INST ldpc_v2_0_11__GC0 PIN 560: GENOME ldpc_v2_0_11__GC0 PIN 560
INST ldpc_v2_0_11__GC0 PIN 564: GENOME ldpc_v2_0_11__GC0 PIN 564
INST ldpc_v2_0_11__GC0 PIN 565: GENOME ldpc_v2_0_11__GC0 PIN 565
INST ldpc_v2_0_11__GC0 PIN 566: GENOME ldpc_v2_0_11__GC0 PIN 566
INST ldpc_v2_0_11__GC0 PIN 567: GENOME ldpc_v2_0_11__GC0 PIN 567
INST ldpc_v2_0_11__GC0 PIN 568: GENOME ldpc_v2_0_11__GC0 PIN 568
INST ldpc_v2_0_11__GC0 PIN 700: GENOME ldpc_v2_0_11__GC0 PIN 700
INST ldpc_v2_0_11__GC0 PIN 701: GENOME ldpc_v2_0_11__GC0 PIN 701
INST ldpc_v2_0_11__GC0 PIN 705: GENOME ldpc_v2_0_11__GC0 PIN 705
INST ldpc_v2_0_11__GC0 PIN 706: GENOME ldpc_v2_0_11__GC0 PIN 706
INST ldpc_v2_0_11__GC0 PIN 707: GENOME ldpc_v2_0_11__GC0 PIN 707
INST ldpc_v2_0_11__GC0 PIN 708: GENOME ldpc_v2_0_11__GC0 PIN 708
INST ldpc_v2_0_11__GC0 PIN 709: GENOME ldpc_v2_0_11__GC0 PIN 709
GENOME NON_GENOME PIN 306: GENOME NON_GENOME PIN 307
GENOME NON_GENOME PIN 307: GENOME NON_GENOME PIN 306
GENOME NON_GENOME PIN 444: GENOME NON_GENOME PIN 445
GENOME NON_GENOME PIN 445: GENOME NON_GENOME PIN 444
INST ldpc_v2_0_11__GC0 PIN 444: INST ldpc_v2_0_11__GC0 PIN 445 TYPE 2 INST ldpc_v2_0_11_op_if__GB0 PIN 448 TYPE 4
INST ldpc_v2_0_11__GC0 PIN 446: INST ldpc_v2_0_11_op_if__GB0 PIN 449 TYPE 0 GENOME ldpc_v2_0_11__GC0 PIN 446
INST ldpc_v2_0_11__GC0 PIN 447: INST ldpc_v2_0_11_op_if__GB0 PIN 450 TYPE 0 GENOME ldpc_v2_0_11__GC0 PIN 447
INST ldpc_v2_0_11__GC0 PIN 448: INST ldpc_v2_0_11_op_if__GB0 PIN 451 TYPE 0 GENOME ldpc_v2_0_11__GC0 PIN 448
INST ldpc_v2_0_11__GC0 PIN 449: INST ldpc_v2_0_11_op_if__GB0 PIN 452 TYPE 0 GENOME ldpc_v2_0_11__GC0 PIN 449
INST ldpc_v2_0_11__GC0 PIN 306: INST ldpc_v2_0_11__GC0 PIN 307 TYPE 2 INST ldpc_v2_0_11_inner_core__GC0 PIN 899 TYPE 4
INST ldpc_v2_0_11__GC0 PIN 308: INST ldpc_v2_0_11_inner_core__GC0 PIN 900 TYPE 0 GENOME ldpc_v2_0_11__GC0 PIN 308
INST ldpc_v2_0_11__GC0 PIN 309: INST ldpc_v2_0_11_inner_core__GC0 PIN 901 TYPE 0 GENOME ldpc_v2_0_11__GC0 PIN 309
INST ldpc_v2_0_11__GC0 PIN 310: INST ldpc_v2_0_11_inner_core__GC0 PIN 902 TYPE 0 GENOME ldpc_v2_0_11__GC0 PIN 310
INST ldpc_v2_0_11__GC0 PIN 311: INST ldpc_v2_0_11_inner_core__GC0 PIN 903 TYPE 0 GENOME ldpc_v2_0_11__GC0 PIN 311
INST ldpc_v2_0_11__GC0 PIN 307: GENOME ldpc_v2_0_11__GC0 PIN 307
INST ldpc_v2_0_11__GC0 PIN 445: GENOME ldpc_v2_0_11__GC0 PIN 445
