#-----------------------------------------------------------
# Vivado v2022.2 (64-bit)
# SW Build 3671981 on Fri Oct 14 05:00:03 MDT 2022
# IP Build 3669848 on Fri Oct 14 08:30:02 MDT 2022
# Start of session at: Mon Jul 14 17:35:01 2025
# Process ID: 17148
# Current directory: H:/Git/LDPC/LDPC
# Command line: vivado.exe H:\Git\LDPC\LDPC\calculate_vector.xpr
# Log file: H:/Git/LDPC/LDPC/vivado.log
# Journal file: H:/Git/LDPC/LDPC\vivado.jou
# Running On: DESKTOP-OG1KD42, OS: Windows, CPU Frequency: 3400 MHz, CPU Physical cores: 16, Host memory: 25676 MB
#-----------------------------------------------------------
start_gui
open_project H:/Git/LDPC/LDPC/calculate_vector.xpr
WARNING: [Board 49-26] cannot add Board Part xilinx.com:kcu105:part0:1.6 available at H:/Vivado_2022.2/Vivado/2022.2/data/xhub/boards/XilinxBoardStore/boards/Xilinx/kcu105/1.6/board.xml as part xcku040-ffva1156-2-e specified in board_part file is either invalid or not available
WARNING: [Board 49-26] cannot add Board Part xilinx.com:kcu105:part0:1.7 available at H:/Vivado_2022.2/Vivado/2022.2/data/xhub/boards/XilinxBoardStore/boards/Xilinx/kcu105/1.7/board.xml as part xcku040-ffva1156-2-e specified in board_part file is either invalid or not available
WARNING: [Board 49-26] cannot add Board Part xilinx.com:kcu116:part0:1.4 available at H:/Vivado_2022.2/Vivado/2022.2/data/xhub/boards/XilinxBoardStore/boards/Xilinx/kcu116/1.4/board.xml as part xcku5p-ffvb676-2-e specified in board_part file is either invalid or not available
WARNING: [Board 49-26] cannot add Board Part xilinx.com:kcu116:part0:1.5 available at H:/Vivado_2022.2/Vivado/2022.2/data/xhub/boards/XilinxBoardStore/boards/Xilinx/kcu116/1.5/board.xml as part xcku5p-ffvb676-2-e specified in board_part file is either invalid or not available
WARNING: [Board 49-26] cannot add Board Part xilinx.com:kcu1500:part0:1.2 available at H:/Vivado_2022.2/Vivado/2022.2/data/xhub/boards/XilinxBoardStore/boards/Xilinx/kcu1500/1.2/board.xml as part xcku115-flvb2104-2-e specified in board_part file is either invalid or not available
WARNING: [Board 49-26] cannot add Board Part xilinx.com:vck190:part0:2.2 available at H:/Vivado_2022.2/Vivado/2022.2/data/xhub/boards/XilinxBoardStore/boards/Xilinx/vck190/production/2.2/board.xml as part xcvc1902-vsva2197-2mp-e-s specified in board_part file is either invalid or not available
WARNING: [Board 49-26] cannot add Board Part xilinx.com:vck190:part0:3.0 available at H:/Vivado_2022.2/Vivado/2022.2/data/xhub/boards/XilinxBoardStore/boards/Xilinx/vck190/production/3.0/board.xml as part xcvc1902-vsva2197-2mp-e-s specified in board_part file is either invalid or not available
WARNING: [Board 49-26] cannot add Board Part xilinx.com:vck190:part0:3.1 available at H:/Vivado_2022.2/Vivado/2022.2/data/xhub/boards/XilinxBoardStore/boards/Xilinx/vck190/production/3.1/board.xml as part xcvc1902-vsva2197-2mp-e-s specified in board_part file is either invalid or not available
WARNING: [Board 49-26] cannot add Board Part xilinx.com:vck190_newl:part0:1.0 available at H:/Vivado_2022.2/Vivado/2022.2/data/xhub/boards/XilinxBoardStore/boards/Xilinx/vck190_newl/production/1.0/board.xml as part xcvc1902-vsva2197-2mp-e-s specified in board_part file is either invalid or not available
WARNING: [Board 49-26] cannot add Board Part xilinx.com:vcu108:part0:1.6 available at H:/Vivado_2022.2/Vivado/2022.2/data/xhub/boards/XilinxBoardStore/boards/Xilinx/vcu108/1.6/board.xml as part xcvu095-ffva2104-2-e specified in board_part file is either invalid or not available
WARNING: [Board 49-26] cannot add Board Part xilinx.com:vcu108:part0:1.7 available at H:/Vivado_2022.2/Vivado/2022.2/data/xhub/boards/XilinxBoardStore/boards/Xilinx/vcu108/1.7/board.xml as part xcvu095-ffva2104-2-e specified in board_part file is either invalid or not available
WARNING: [Board 49-26] cannot add Board Part xilinx.com:vcu110:part0:1.4 available at H:/Vivado_2022.2/Vivado/2022.2/data/xhub/boards/XilinxBoardStore/boards/Xilinx/vcu110/1.4/board.xml as part xcvu190-flgc2104-2-e specified in board_part file is either invalid or not available
WARNING: [Board 49-26] cannot add Board Part xilinx.com:vcu118:part0:2.0 available at H:/Vivado_2022.2/Vivado/2022.2/data/xhub/boards/XilinxBoardStore/boards/Xilinx/vcu118/2.0/board.xml as part xcvu9p-flga2104-2l-e specified in board_part file is either invalid or not available
WARNING: [Board 49-26] cannot add Board Part xilinx.com:vcu118:part0:2.3 available at H:/Vivado_2022.2/Vivado/2022.2/data/xhub/boards/XilinxBoardStore/boards/Xilinx/vcu118/2.3/board.xml as part xcvu9p-flga2104-2l-e specified in board_part file is either invalid or not available
WARNING: [Board 49-26] cannot add Board Part xilinx.com:vcu118:part0:2.4 available at H:/Vivado_2022.2/Vivado/2022.2/data/xhub/boards/XilinxBoardStore/boards/Xilinx/vcu118/2.4/board.xml as part xcvu9p-flga2104-2l-e specified in board_part file is either invalid or not available
WARNING: [Board 49-26] cannot add Board Part xilinx.com:vcu128:part0:1.0 available at H:/Vivado_2022.2/Vivado/2022.2/data/xhub/boards/XilinxBoardStore/boards/Xilinx/vcu128/production/1.0/board.xml as part xcvu37p-fsvh2892-2l-e specified in board_part file is either invalid or not available
WARNING: [Board 49-26] cannot add Board Part xilinx.com:vcu129:part0:1.0 available at H:/Vivado_2022.2/Vivado/2022.2/data/xhub/boards/XilinxBoardStore/boards/Xilinx/vcu129/production/1.0/board.xml as part xcvu29p-fsga2577-2l-e specified in board_part file is either invalid or not available
WARNING: [Board 49-26] cannot add Board Part xilinx.com:vcu1525:part0:1.3 available at H:/Vivado_2022.2/Vivado/2022.2/data/xhub/boards/XilinxBoardStore/boards/Xilinx/vcu1525/1.3/board.xml as part xcvu9p-fsgd2104-2l-e specified in board_part file is either invalid or not available
WARNING: [Board 49-26] cannot add Board Part xilinx.com:vek280_es:part0:1.0 available at H:/Vivado_2022.2/Vivado/2022.2/data/xhub/boards/XilinxBoardStore/boards/Xilinx/vek280/es/1.0/board.xml as part xcve2802-vsvh1760-2lp-e-s-es1 specified in board_part file is either invalid or not available
WARNING: [Board 49-26] cannot add Board Part xilinx.com:vhk158_es:part0:1.0 available at H:/Vivado_2022.2/Vivado/2022.2/data/xhub/boards/XilinxBoardStore/boards/Xilinx/vhk158/es/1.0/board.xml as part xcvh1582-vsva3697-2mp-e-s-es1 specified in board_part file is either invalid or not available
WARNING: [Board 49-26] cannot add Board Part xilinx.com:vmk180:part0:2.2 available at H:/Vivado_2022.2/Vivado/2022.2/data/xhub/boards/XilinxBoardStore/boards/Xilinx/vmk180/production/2.2/board.xml as part xcvm1802-vsva2197-2mp-e-s specified in board_part file is either invalid or not available
WARNING: [Board 49-26] cannot add Board Part xilinx.com:vmk180:part0:3.0 available at H:/Vivado_2022.2/Vivado/2022.2/data/xhub/boards/XilinxBoardStore/boards/Xilinx/vmk180/production/3.0/board.xml as part xcvm1802-vsva2197-2mp-e-s specified in board_part file is either invalid or not available
WARNING: [Board 49-26] cannot add Board Part xilinx.com:vmk180:part0:3.1 available at H:/Vivado_2022.2/Vivado/2022.2/data/xhub/boards/XilinxBoardStore/boards/Xilinx/vmk180/production/3.1/board.xml as part xcvm1802-vsva2197-2mp-e-s specified in board_part file is either invalid or not available
WARNING: [Board 49-26] cannot add Board Part xilinx.com:vmk180_newl:part0:1.0 available at H:/Vivado_2022.2/Vivado/2022.2/data/xhub/boards/XilinxBoardStore/boards/Xilinx/vmk180_newl/production/1.0/board.xml as part xcvm1802-vsva2197-2mp-e-s specified in board_part file is either invalid or not available
WARNING: [Board 49-26] cannot add Board Part xilinx.com:vpk120:part0:1.0 available at H:/Vivado_2022.2/Vivado/2022.2/data/xhub/boards/XilinxBoardStore/boards/Xilinx/vpk120/production/1.0/board.xml as part xcvp1202-vsva2785-2mp-e-s specified in board_part file is either invalid or not available
WARNING: [Board 49-26] cannot add Board Part xilinx.com:vpk120_es:part0:1.2 available at H:/Vivado_2022.2/Vivado/2022.2/data/xhub/boards/XilinxBoardStore/boards/Xilinx/vpk120/es/1.2/board.xml as part xcvp1202-vsva2785-2mp-e-s-es1 specified in board_part file is either invalid or not available
WARNING: [Board 49-26] cannot add Board Part xilinx.com:vpk120_es_revb:part0:1.0 available at H:/Vivado_2022.2/Vivado/2022.2/data/xhub/boards/XilinxBoardStore/boards/Xilinx/vpk120_revb/es/1.0/board.xml as part xcvp1202-vsva2785-2mp-e-s-es1 specified in board_part file is either invalid or not available
WARNING: [Board 49-26] cannot add Board Part xilinx.com:vpk180_es:part0:1.0 available at H:/Vivado_2022.2/Vivado/2022.2/data/xhub/boards/XilinxBoardStore/boards/Xilinx/vpk180/es/1.0/board.xml as part xcvp1802-lsvc4072-2mp-e-s-es1 specified in board_part file is either invalid or not available
WARNING: [Board 49-26] cannot add Board Part xilinx.com:zcu208ld:part0:2.0 available at H:/Vivado_2022.2/Vivado/2022.2/data/xhub/boards/XilinxBoardStore/boards/Xilinx/zcu208ld/production/2.0/board.xml as part xczu58dr-fsvg1517-2-i specified in board_part file is either invalid or not available
WARNING: [Board 49-26] cannot add Board Part xilinx.com:zcu216ld:part0:2.0 available at H:/Vivado_2022.2/Vivado/2022.2/data/xhub/boards/XilinxBoardStore/boards/Xilinx/zcu216ld/production/2.0/board.xml as part xczu59dr-ffvf1760-2-i specified in board_part file is either invalid or not available
WARNING: [Board 49-26] cannot add Board Part xilinx.com:zcu670:part0:2.0 available at H:/Vivado_2022.2/Vivado/2022.2/data/xhub/boards/XilinxBoardStore/boards/Xilinx/zcu670/2.0/board.xml as part xczu67dr-fsve1156-2-i specified in board_part file is either invalid or not available
WARNING: [Board 49-26] cannot add Board Part xilinx.com:zcu670ld:part0:1.0 available at H:/Vivado_2022.2/Vivado/2022.2/data/xhub/boards/XilinxBoardStore/boards/Xilinx/zcu670ld/1.0/board.xml as part xczu57dr-fsve1156-2-i specified in board_part file is either invalid or not available
INFO: [filemgmt 56-3] Default IP Output Path : Could not find the directory 'H:/Git/LDPC/LDPC/calculate_vector.gen/sources_1'.
Scanning sources...
Finished scanning sources
INFO: [IP_Flow 19-234] Refreshing IP repositories
INFO: [IP_Flow 19-1704] No user IP repositories specified
INFO: [IP_Flow 19-2313] Loaded Vivado IP repository 'H:/Vivado_2022.2/Vivado/2022.2/data/ip'.
update_compile_order -fileset sources_1
synth_design -rtl -rtl_skip_mlo -name rtl_1
Command: synth_design -rtl -rtl_skip_mlo -name rtl_1
Starting synth_design
Using part: xc7vx485tffg1157-1
Top: tb_LDPC
INFO: [Device 21-403] Loading part xc7vx485tffg1157-1
INFO: [Synth 8-11241] undeclared symbol 'REGCCE', assumed default net type 'wire' [H:/Vivado_2022.2/Vivado/2022.2/data/verilog/src/unimacro/BRAM_SINGLE_MACRO.v:2170]
---------------------------------------------------------------------------------
Starting RTL Elaboration : Time (s): cpu = 00:00:03 ; elapsed = 00:00:04 . Memory (MB): peak = 2087.172 ; gain = 420.637
---------------------------------------------------------------------------------
INFO: [Synth 8-6157] synthesizing module 'tb_LDPC' [H:/Git/LDPC/LDPC/calculate_vector.srcs/sources_1/new/tb_calculate_vector.v:1]
WARNING: [Synth 8-6896] loop limit (65536) exceeded inside initial block, initial block items will be ignored [H:/Git/LDPC/LDPC/calculate_vector.srcs/sources_1/new/tb_calculate_vector.v:48]
WARNING: [Synth 8-639] system function call 'fopen' not supported [H:/Git/LDPC/LDPC/calculate_vector.srcs/sources_1/new/tb_calculate_vector.v:67]
INFO: [Synth 8-251] Не удалось открыть файл sequence.txt [H:/Git/LDPC/LDPC/calculate_vector.srcs/sources_1/new/tb_calculate_vector.v:69]
WARNING: [Synth 8-639] system function call 'fgetc' not supported [H:/Git/LDPC/LDPC/calculate_vector.srcs/sources_1/new/tb_calculate_vector.v:75]
WARNING: [Synth 8-639] system function call 'fgetc' not supported [H:/Git/LDPC/LDPC/calculate_vector.srcs/sources_1/new/tb_calculate_vector.v:75]
WARNING: [Synth 8-639] system function call 'fgetc' not supported [H:/Git/LDPC/LDPC/calculate_vector.srcs/sources_1/new/tb_calculate_vector.v:75]
WARNING: [Synth 8-639] system function call 'fgetc' not supported [H:/Git/LDPC/LDPC/calculate_vector.srcs/sources_1/new/tb_calculate_vector.v:75]
WARNING: [Synth 8-639] system function call 'fgetc' not supported [H:/Git/LDPC/LDPC/calculate_vector.srcs/sources_1/new/tb_calculate_vector.v:75]
WARNING: [Synth 8-639] system function call 'fgetc' not supported [H:/Git/LDPC/LDPC/calculate_vector.srcs/sources_1/new/tb_calculate_vector.v:75]
WARNING: [Synth 8-639] system function call 'fgetc' not supported [H:/Git/LDPC/LDPC/calculate_vector.srcs/sources_1/new/tb_calculate_vector.v:75]
WARNING: [Synth 8-639] system function call 'fgetc' not supported [H:/Git/LDPC/LDPC/calculate_vector.srcs/sources_1/new/tb_calculate_vector.v:75]
WARNING: [Synth 8-639] system function call 'fgetc' not supported [H:/Git/LDPC/LDPC/calculate_vector.srcs/sources_1/new/tb_calculate_vector.v:75]
WARNING: [Synth 8-639] system function call 'fgetc' not supported [H:/Git/LDPC/LDPC/calculate_vector.srcs/sources_1/new/tb_calculate_vector.v:75]
WARNING: [Synth 8-639] system function call 'fgetc' not supported [H:/Git/LDPC/LDPC/calculate_vector.srcs/sources_1/new/tb_calculate_vector.v:75]
WARNING: [Synth 8-639] system function call 'fgetc' not supported [H:/Git/LDPC/LDPC/calculate_vector.srcs/sources_1/new/tb_calculate_vector.v:75]
WARNING: [Synth 8-639] system function call 'fgetc' not supported [H:/Git/LDPC/LDPC/calculate_vector.srcs/sources_1/new/tb_calculate_vector.v:75]
WARNING: [Synth 8-639] system function call 'fgetc' not supported [H:/Git/LDPC/LDPC/calculate_vector.srcs/sources_1/new/tb_calculate_vector.v:75]
WARNING: [Synth 8-639] system function call 'fgetc' not supported [H:/Git/LDPC/LDPC/calculate_vector.srcs/sources_1/new/tb_calculate_vector.v:75]
WARNING: [Synth 8-639] system function call 'fgetc' not supported [H:/Git/LDPC/LDPC/calculate_vector.srcs/sources_1/new/tb_calculate_vector.v:75]
WARNING: [Synth 8-639] system function call 'fgetc' not supported [H:/Git/LDPC/LDPC/calculate_vector.srcs/sources_1/new/tb_calculate_vector.v:75]
WARNING: [Synth 8-639] system function call 'fgetc' not supported [H:/Git/LDPC/LDPC/calculate_vector.srcs/sources_1/new/tb_calculate_vector.v:75]
WARNING: [Synth 8-639] system function call 'fgetc' not supported [H:/Git/LDPC/LDPC/calculate_vector.srcs/sources_1/new/tb_calculate_vector.v:75]
WARNING: [Synth 8-639] system function call 'fgetc' not supported [H:/Git/LDPC/LDPC/calculate_vector.srcs/sources_1/new/tb_calculate_vector.v:75]
WARNING: [Synth 8-639] system function call 'fgetc' not supported [H:/Git/LDPC/LDPC/calculate_vector.srcs/sources_1/new/tb_calculate_vector.v:75]
WARNING: [Synth 8-639] system function call 'fgetc' not supported [H:/Git/LDPC/LDPC/calculate_vector.srcs/sources_1/new/tb_calculate_vector.v:75]
WARNING: [Synth 8-639] system function call 'fgetc' not supported [H:/Git/LDPC/LDPC/calculate_vector.srcs/sources_1/new/tb_calculate_vector.v:75]
WARNING: [Synth 8-639] system function call 'fgetc' not supported [H:/Git/LDPC/LDPC/calculate_vector.srcs/sources_1/new/tb_calculate_vector.v:75]
WARNING: [Synth 8-639] system function call 'fgetc' not supported [H:/Git/LDPC/LDPC/calculate_vector.srcs/sources_1/new/tb_calculate_vector.v:75]
WARNING: [Synth 8-639] system function call 'fgetc' not supported [H:/Git/LDPC/LDPC/calculate_vector.srcs/sources_1/new/tb_calculate_vector.v:75]
WARNING: [Synth 8-639] system function call 'fgetc' not supported [H:/Git/LDPC/LDPC/calculate_vector.srcs/sources_1/new/tb_calculate_vector.v:75]
WARNING: [Synth 8-639] system function call 'fgetc' not supported [H:/Git/LDPC/LDPC/calculate_vector.srcs/sources_1/new/tb_calculate_vector.v:75]
WARNING: [Synth 8-639] system function call 'fgetc' not supported [H:/Git/LDPC/LDPC/calculate_vector.srcs/sources_1/new/tb_calculate_vector.v:75]
WARNING: [Synth 8-639] system function call 'fgetc' not supported [H:/Git/LDPC/LDPC/calculate_vector.srcs/sources_1/new/tb_calculate_vector.v:75]
WARNING: [Synth 8-639] system function call 'fgetc' not supported [H:/Git/LDPC/LDPC/calculate_vector.srcs/sources_1/new/tb_calculate_vector.v:75]
WARNING: [Synth 8-639] system function call 'fgetc' not supported [H:/Git/LDPC/LDPC/calculate_vector.srcs/sources_1/new/tb_calculate_vector.v:75]
WARNING: [Synth 8-639] system function call 'fgetc' not supported [H:/Git/LDPC/LDPC/calculate_vector.srcs/sources_1/new/tb_calculate_vector.v:75]
WARNING: [Synth 8-639] system function call 'fgetc' not supported [H:/Git/LDPC/LDPC/calculate_vector.srcs/sources_1/new/tb_calculate_vector.v:75]
WARNING: [Synth 8-639] system function call 'fgetc' not supported [H:/Git/LDPC/LDPC/calculate_vector.srcs/sources_1/new/tb_calculate_vector.v:75]
WARNING: [Synth 8-639] system function call 'fgetc' not supported [H:/Git/LDPC/LDPC/calculate_vector.srcs/sources_1/new/tb_calculate_vector.v:75]
WARNING: [Synth 8-639] system function call 'fgetc' not supported [H:/Git/LDPC/LDPC/calculate_vector.srcs/sources_1/new/tb_calculate_vector.v:75]
WARNING: [Synth 8-639] system function call 'fgetc' not supported [H:/Git/LDPC/LDPC/calculate_vector.srcs/sources_1/new/tb_calculate_vector.v:75]
WARNING: [Synth 8-639] system function call 'fgetc' not supported [H:/Git/LDPC/LDPC/calculate_vector.srcs/sources_1/new/tb_calculate_vector.v:75]
WARNING: [Synth 8-639] system function call 'fgetc' not supported [H:/Git/LDPC/LDPC/calculate_vector.srcs/sources_1/new/tb_calculate_vector.v:75]
WARNING: [Synth 8-639] system function call 'fgetc' not supported [H:/Git/LDPC/LDPC/calculate_vector.srcs/sources_1/new/tb_calculate_vector.v:75]
WARNING: [Synth 8-639] system function call 'fgetc' not supported [H:/Git/LDPC/LDPC/calculate_vector.srcs/sources_1/new/tb_calculate_vector.v:75]
WARNING: [Synth 8-639] system function call 'fgetc' not supported [H:/Git/LDPC/LDPC/calculate_vector.srcs/sources_1/new/tb_calculate_vector.v:75]
WARNING: [Synth 8-639] system function call 'fgetc' not supported [H:/Git/LDPC/LDPC/calculate_vector.srcs/sources_1/new/tb_calculate_vector.v:75]
WARNING: [Synth 8-639] system function call 'fgetc' not supported [H:/Git/LDPC/LDPC/calculate_vector.srcs/sources_1/new/tb_calculate_vector.v:75]
WARNING: [Synth 8-639] system function call 'fgetc' not supported [H:/Git/LDPC/LDPC/calculate_vector.srcs/sources_1/new/tb_calculate_vector.v:75]
WARNING: [Synth 8-639] system function call 'fgetc' not supported [H:/Git/LDPC/LDPC/calculate_vector.srcs/sources_1/new/tb_calculate_vector.v:75]
WARNING: [Synth 8-639] system function call 'fgetc' not supported [H:/Git/LDPC/LDPC/calculate_vector.srcs/sources_1/new/tb_calculate_vector.v:75]
WARNING: [Synth 8-639] system function call 'fgetc' not supported [H:/Git/LDPC/LDPC/calculate_vector.srcs/sources_1/new/tb_calculate_vector.v:75]
WARNING: [Synth 8-639] system function call 'fgetc' not supported [H:/Git/LDPC/LDPC/calculate_vector.srcs/sources_1/new/tb_calculate_vector.v:75]
WARNING: [Synth 8-639] system function call 'fgetc' not supported [H:/Git/LDPC/LDPC/calculate_vector.srcs/sources_1/new/tb_calculate_vector.v:75]
WARNING: [Synth 8-639] system function call 'fgetc' not supported [H:/Git/LDPC/LDPC/calculate_vector.srcs/sources_1/new/tb_calculate_vector.v:75]
WARNING: [Synth 8-639] system function call 'fgetc' not supported [H:/Git/LDPC/LDPC/calculate_vector.srcs/sources_1/new/tb_calculate_vector.v:75]
WARNING: [Synth 8-639] system function call 'fgetc' not supported [H:/Git/LDPC/LDPC/calculate_vector.srcs/sources_1/new/tb_calculate_vector.v:75]
WARNING: [Synth 8-639] system function call 'fgetc' not supported [H:/Git/LDPC/LDPC/calculate_vector.srcs/sources_1/new/tb_calculate_vector.v:75]
WARNING: [Synth 8-639] system function call 'fgetc' not supported [H:/Git/LDPC/LDPC/calculate_vector.srcs/sources_1/new/tb_calculate_vector.v:75]
WARNING: [Synth 8-639] system function call 'fgetc' not supported [H:/Git/LDPC/LDPC/calculate_vector.srcs/sources_1/new/tb_calculate_vector.v:75]
WARNING: [Synth 8-639] system function call 'fgetc' not supported [H:/Git/LDPC/LDPC/calculate_vector.srcs/sources_1/new/tb_calculate_vector.v:75]
WARNING: [Synth 8-639] system function call 'fgetc' not supported [H:/Git/LDPC/LDPC/calculate_vector.srcs/sources_1/new/tb_calculate_vector.v:75]
WARNING: [Synth 8-639] system function call 'fgetc' not supported [H:/Git/LDPC/LDPC/calculate_vector.srcs/sources_1/new/tb_calculate_vector.v:75]
WARNING: [Synth 8-639] system function call 'fgetc' not supported [H:/Git/LDPC/LDPC/calculate_vector.srcs/sources_1/new/tb_calculate_vector.v:75]
WARNING: [Synth 8-639] system function call 'fgetc' not supported [H:/Git/LDPC/LDPC/calculate_vector.srcs/sources_1/new/tb_calculate_vector.v:75]
WARNING: [Synth 8-639] system function call 'fgetc' not supported [H:/Git/LDPC/LDPC/calculate_vector.srcs/sources_1/new/tb_calculate_vector.v:75]
WARNING: [Synth 8-639] system function call 'fgetc' not supported [H:/Git/LDPC/LDPC/calculate_vector.srcs/sources_1/new/tb_calculate_vector.v:75]
WARNING: [Synth 8-639] system function call 'fgetc' not supported [H:/Git/LDPC/LDPC/calculate_vector.srcs/sources_1/new/tb_calculate_vector.v:75]
WARNING: [Synth 8-639] system function call 'fgetc' not supported [H:/Git/LDPC/LDPC/calculate_vector.srcs/sources_1/new/tb_calculate_vector.v:75]
WARNING: [Synth 8-639] system function call 'fgetc' not supported [H:/Git/LDPC/LDPC/calculate_vector.srcs/sources_1/new/tb_calculate_vector.v:75]
WARNING: [Synth 8-639] system function call 'fgetc' not supported [H:/Git/LDPC/LDPC/calculate_vector.srcs/sources_1/new/tb_calculate_vector.v:75]
WARNING: [Synth 8-639] system function call 'fgetc' not supported [H:/Git/LDPC/LDPC/calculate_vector.srcs/sources_1/new/tb_calculate_vector.v:75]
WARNING: [Synth 8-639] system function call 'fgetc' not supported [H:/Git/LDPC/LDPC/calculate_vector.srcs/sources_1/new/tb_calculate_vector.v:75]
WARNING: [Synth 8-639] system function call 'fgetc' not supported [H:/Git/LDPC/LDPC/calculate_vector.srcs/sources_1/new/tb_calculate_vector.v:75]
WARNING: [Synth 8-639] system function call 'fgetc' not supported [H:/Git/LDPC/LDPC/calculate_vector.srcs/sources_1/new/tb_calculate_vector.v:75]
WARNING: [Synth 8-639] system function call 'fgetc' not supported [H:/Git/LDPC/LDPC/calculate_vector.srcs/sources_1/new/tb_calculate_vector.v:75]
WARNING: [Synth 8-639] system function call 'fgetc' not supported [H:/Git/LDPC/LDPC/calculate_vector.srcs/sources_1/new/tb_calculate_vector.v:75]
WARNING: [Synth 8-639] system function call 'fgetc' not supported [H:/Git/LDPC/LDPC/calculate_vector.srcs/sources_1/new/tb_calculate_vector.v:75]
WARNING: [Synth 8-639] system function call 'fgetc' not supported [H:/Git/LDPC/LDPC/calculate_vector.srcs/sources_1/new/tb_calculate_vector.v:75]
WARNING: [Synth 8-639] system function call 'fgetc' not supported [H:/Git/LDPC/LDPC/calculate_vector.srcs/sources_1/new/tb_calculate_vector.v:75]
WARNING: [Synth 8-639] system function call 'fgetc' not supported [H:/Git/LDPC/LDPC/calculate_vector.srcs/sources_1/new/tb_calculate_vector.v:75]
WARNING: [Synth 8-639] system function call 'fgetc' not supported [H:/Git/LDPC/LDPC/calculate_vector.srcs/sources_1/new/tb_calculate_vector.v:75]
WARNING: [Synth 8-639] system function call 'fgetc' not supported [H:/Git/LDPC/LDPC/calculate_vector.srcs/sources_1/new/tb_calculate_vector.v:75]
WARNING: [Synth 8-639] system function call 'fgetc' not supported [H:/Git/LDPC/LDPC/calculate_vector.srcs/sources_1/new/tb_calculate_vector.v:75]
WARNING: [Synth 8-639] system function call 'fgetc' not supported [H:/Git/LDPC/LDPC/calculate_vector.srcs/sources_1/new/tb_calculate_vector.v:75]
WARNING: [Synth 8-639] system function call 'fgetc' not supported [H:/Git/LDPC/LDPC/calculate_vector.srcs/sources_1/new/tb_calculate_vector.v:75]
WARNING: [Synth 8-639] system function call 'fgetc' not supported [H:/Git/LDPC/LDPC/calculate_vector.srcs/sources_1/new/tb_calculate_vector.v:75]
WARNING: [Synth 8-639] system function call 'fgetc' not supported [H:/Git/LDPC/LDPC/calculate_vector.srcs/sources_1/new/tb_calculate_vector.v:75]
WARNING: [Synth 8-639] system function call 'fgetc' not supported [H:/Git/LDPC/LDPC/calculate_vector.srcs/sources_1/new/tb_calculate_vector.v:75]
WARNING: [Synth 8-639] system function call 'fgetc' not supported [H:/Git/LDPC/LDPC/calculate_vector.srcs/sources_1/new/tb_calculate_vector.v:75]
WARNING: [Synth 8-639] system function call 'fgetc' not supported [H:/Git/LDPC/LDPC/calculate_vector.srcs/sources_1/new/tb_calculate_vector.v:75]
WARNING: [Synth 8-639] system function call 'fgetc' not supported [H:/Git/LDPC/LDPC/calculate_vector.srcs/sources_1/new/tb_calculate_vector.v:75]
WARNING: [Synth 8-639] system function call 'fgetc' not supported [H:/Git/LDPC/LDPC/calculate_vector.srcs/sources_1/new/tb_calculate_vector.v:75]
WARNING: [Synth 8-639] system function call 'fgetc' not supported [H:/Git/LDPC/LDPC/calculate_vector.srcs/sources_1/new/tb_calculate_vector.v:75]
WARNING: [Synth 8-639] system function call 'fgetc' not supported [H:/Git/LDPC/LDPC/calculate_vector.srcs/sources_1/new/tb_calculate_vector.v:75]
WARNING: [Synth 8-639] system function call 'fgetc' not supported [H:/Git/LDPC/LDPC/calculate_vector.srcs/sources_1/new/tb_calculate_vector.v:75]
WARNING: [Synth 8-639] system function call 'fgetc' not supported [H:/Git/LDPC/LDPC/calculate_vector.srcs/sources_1/new/tb_calculate_vector.v:75]
WARNING: [Synth 8-639] system function call 'fgetc' not supported [H:/Git/LDPC/LDPC/calculate_vector.srcs/sources_1/new/tb_calculate_vector.v:75]
WARNING: [Synth 8-639] system function call 'fgetc' not supported [H:/Git/LDPC/LDPC/calculate_vector.srcs/sources_1/new/tb_calculate_vector.v:75]
WARNING: [Synth 8-639] system function call 'fgetc' not supported [H:/Git/LDPC/LDPC/calculate_vector.srcs/sources_1/new/tb_calculate_vector.v:75]
WARNING: [Synth 8-639] system function call 'fgetc' not supported [H:/Git/LDPC/LDPC/calculate_vector.srcs/sources_1/new/tb_calculate_vector.v:75]
WARNING: [Synth 8-639] system function call 'fgetc' not supported [H:/Git/LDPC/LDPC/calculate_vector.srcs/sources_1/new/tb_calculate_vector.v:75]
INFO: [Common 17-14] Message 'Synth 8-639' appears 100 times and further instances of the messages will be disabled. Use the Tcl command set_msg_config to change the current settings.
WARNING: [Synth 8-6896] loop limit (65536) exceeded inside initial block, initial block items will be ignored [H:/Git/LDPC/LDPC/calculate_vector.srcs/sources_1/new/tb_calculate_vector.v:74]
INFO: [Synth 8-6157] synthesizing module 'LDPC' [H:/Git/LDPC/LDPC/calculate_vector.srcs/sources_1/new/calculate_vector.v:3]
INFO: [Synth 8-6157] synthesizing module 'bit_receiver' [H:/Git/LDPC/LDPC/calculate_vector.srcs/sources_1/new/bit_receiver.v:2]
INFO: [Synth 8-6155] done synthesizing module 'bit_receiver' (0#1) [H:/Git/LDPC/LDPC/calculate_vector.srcs/sources_1/new/bit_receiver.v:2]
INFO: [Synth 8-6157] synthesizing module 'shift_register_processor' [H:/Git/LDPC/LDPC/calculate_vector.srcs/sources_1/new/shift_register_processor.v:6]
CRITICAL WARNING: [Synth 8-4445] could not open $readmem data file 'base_rows.txt'; please make sure the file is added to project and has read permission, ignoring [H:/Git/LDPC/LDPC/calculate_vector.srcs/sources_1/new/shift_register_processor.v:25]
INFO: [Synth 8-6155] done synthesizing module 'shift_register_processor' (0#1) [H:/Git/LDPC/LDPC/calculate_vector.srcs/sources_1/new/shift_register_processor.v:6]
INFO: [Synth 8-6155] done synthesizing module 'LDPC' (0#1) [H:/Git/LDPC/LDPC/calculate_vector.srcs/sources_1/new/calculate_vector.v:3]
INFO: [Synth 8-6155] done synthesizing module 'tb_LDPC' (0#1) [H:/Git/LDPC/LDPC/calculate_vector.srcs/sources_1/new/tb_calculate_vector.v:1]
WARNING: [Synth 8-7137] Register sr0_reg in module shift_register_processor has both Set and reset with same priority. This may cause simulation mismatches. Consider rewriting code  [H:/Git/LDPC/LDPC/calculate_vector.srcs/sources_1/new/shift_register_processor.v:30]
WARNING: [Synth 8-7137] Register sr1_reg in module shift_register_processor has both Set and reset with same priority. This may cause simulation mismatches. Consider rewriting code  [H:/Git/LDPC/LDPC/calculate_vector.srcs/sources_1/new/shift_register_processor.v:30]
WARNING: [Synth 8-7137] Register sr2_reg in module shift_register_processor has both Set and reset with same priority. This may cause simulation mismatches. Consider rewriting code  [H:/Git/LDPC/LDPC/calculate_vector.srcs/sources_1/new/shift_register_processor.v:30]
WARNING: [Synth 8-7137] Register sr3_reg in module shift_register_processor has both Set and reset with same priority. This may cause simulation mismatches. Consider rewriting code  [H:/Git/LDPC/LDPC/calculate_vector.srcs/sources_1/new/shift_register_processor.v:30]
WARNING: [Synth 8-3848] Net base_rows[0] in module/entity shift_register_processor does not have driver. [H:/Git/LDPC/LDPC/calculate_vector.srcs/sources_1/new/shift_register_processor.v:17]
WARNING: [Synth 8-3848] Net base_rows[1] in module/entity shift_register_processor does not have driver. [H:/Git/LDPC/LDPC/calculate_vector.srcs/sources_1/new/shift_register_processor.v:17]
WARNING: [Synth 8-3848] Net base_rows[2] in module/entity shift_register_processor does not have driver. [H:/Git/LDPC/LDPC/calculate_vector.srcs/sources_1/new/shift_register_processor.v:17]
WARNING: [Synth 8-3848] Net base_rows[3] in module/entity shift_register_processor does not have driver. [H:/Git/LDPC/LDPC/calculate_vector.srcs/sources_1/new/shift_register_processor.v:17]
WARNING: [Synth 8-3848] Net base_rows[4] in module/entity shift_register_processor does not have driver. [H:/Git/LDPC/LDPC/calculate_vector.srcs/sources_1/new/shift_register_processor.v:17]
WARNING: [Synth 8-3848] Net base_rows[5] in module/entity shift_register_processor does not have driver. [H:/Git/LDPC/LDPC/calculate_vector.srcs/sources_1/new/shift_register_processor.v:17]
WARNING: [Synth 8-3848] Net base_rows[6] in module/entity shift_register_processor does not have driver. [H:/Git/LDPC/LDPC/calculate_vector.srcs/sources_1/new/shift_register_processor.v:17]
WARNING: [Synth 8-3848] Net base_rows[7] in module/entity shift_register_processor does not have driver. [H:/Git/LDPC/LDPC/calculate_vector.srcs/sources_1/new/shift_register_processor.v:17]
WARNING: [Synth 8-3848] Net base_rows[8] in module/entity shift_register_processor does not have driver. [H:/Git/LDPC/LDPC/calculate_vector.srcs/sources_1/new/shift_register_processor.v:17]
WARNING: [Synth 8-3848] Net base_rows[9] in module/entity shift_register_processor does not have driver. [H:/Git/LDPC/LDPC/calculate_vector.srcs/sources_1/new/shift_register_processor.v:17]
WARNING: [Synth 8-3848] Net base_rows[10] in module/entity shift_register_processor does not have driver. [H:/Git/LDPC/LDPC/calculate_vector.srcs/sources_1/new/shift_register_processor.v:17]
WARNING: [Synth 8-3848] Net base_rows[11] in module/entity shift_register_processor does not have driver. [H:/Git/LDPC/LDPC/calculate_vector.srcs/sources_1/new/shift_register_processor.v:17]
WARNING: [Synth 8-3848] Net base_rows[12] in module/entity shift_register_processor does not have driver. [H:/Git/LDPC/LDPC/calculate_vector.srcs/sources_1/new/shift_register_processor.v:17]
WARNING: [Synth 8-3848] Net base_rows[13] in module/entity shift_register_processor does not have driver. [H:/Git/LDPC/LDPC/calculate_vector.srcs/sources_1/new/shift_register_processor.v:17]
WARNING: [Synth 8-3848] Net base_rows[14] in module/entity shift_register_processor does not have driver. [H:/Git/LDPC/LDPC/calculate_vector.srcs/sources_1/new/shift_register_processor.v:17]
WARNING: [Synth 8-3848] Net base_rows[15] in module/entity shift_register_processor does not have driver. [H:/Git/LDPC/LDPC/calculate_vector.srcs/sources_1/new/shift_register_processor.v:17]
WARNING: [Synth 8-3848] Net base_rows[16] in module/entity shift_register_processor does not have driver. [H:/Git/LDPC/LDPC/calculate_vector.srcs/sources_1/new/shift_register_processor.v:17]
WARNING: [Synth 8-3848] Net base_rows[17] in module/entity shift_register_processor does not have driver. [H:/Git/LDPC/LDPC/calculate_vector.srcs/sources_1/new/shift_register_processor.v:17]
WARNING: [Synth 8-3848] Net base_rows[18] in module/entity shift_register_processor does not have driver. [H:/Git/LDPC/LDPC/calculate_vector.srcs/sources_1/new/shift_register_processor.v:17]
WARNING: [Synth 8-3848] Net base_rows[19] in module/entity shift_register_processor does not have driver. [H:/Git/LDPC/LDPC/calculate_vector.srcs/sources_1/new/shift_register_processor.v:17]
WARNING: [Synth 8-3848] Net s_axis_tdata in module/entity tb_LDPC does not have driver. [H:/Git/LDPC/LDPC/calculate_vector.srcs/sources_1/new/tb_calculate_vector.v:6]
---------------------------------------------------------------------------------
Finished RTL Elaboration : Time (s): cpu = 00:00:11 ; elapsed = 00:00:12 . Memory (MB): peak = 2254.910 ; gain = 588.375
---------------------------------------------------------------------------------
---------------------------------------------------------------------------------
Start Handling Custom Attributes
---------------------------------------------------------------------------------
---------------------------------------------------------------------------------
Finished Handling Custom Attributes : Time (s): cpu = 00:00:11 ; elapsed = 00:00:12 . Memory (MB): peak = 2254.910 ; gain = 588.375
---------------------------------------------------------------------------------
---------------------------------------------------------------------------------
Finished RTL Optimization Phase 1 : Time (s): cpu = 00:00:11 ; elapsed = 00:00:12 . Memory (MB): peak = 2254.910 ; gain = 588.375
---------------------------------------------------------------------------------
Netlist sorting complete. Time (s): cpu = 00:00:00 ; elapsed = 00:00:00.014 . Memory (MB): peak = 2254.910 ; gain = 0.000
INFO: [Project 1-570] Preparing netlist for logic optimization

Processing XDC Constraints
Initializing timing engine
Completed Processing XDC Constraints

Netlist sorting complete. Time (s): cpu = 00:00:00 ; elapsed = 00:00:00.001 . Memory (MB): peak = 2298.871 ; gain = 0.000
INFO: [Project 1-111] Unisim Transformation Summary:
No Unisim elements were transformed.

RTL Elaboration Complete:  : Time (s): cpu = 00:00:21 ; elapsed = 00:00:16 . Memory (MB): peak = 2383.102 ; gain = 716.566
14 Infos, 127 Warnings, 1 Critical Warnings and 0 Errors encountered.
synth_design completed successfully
synth_design: Time (s): cpu = 00:00:27 ; elapsed = 00:00:21 . Memory (MB): peak = 2383.102 ; gain = 1059.938
