#-----------------------------------------------------------
# Vivado v2024.1 (64-bit)
# SW Build 5076996 on Wed May 22 18:37:14 MDT 2024
# IP Build 5075265 on Wed May 22 21:45:21 MDT 2024
# SharedData Build 5076995 on Wed May 22 18:29:18 MDT 2024
# Start of session at: Tue May 20 20:05:33 2025
# Process ID: 1232
# Current directory: C:/Users/Арти/YandexDisk-mosinartemij/vivado_project/LDPC/Версии/AXI_STREAM/axi_stream_master
# Command line: vivado.exe -gui_launcher_event rodinguilauncherevent6612 C:\Users\Арти\YandexDisk-mosinartemij\vivado_project\LDPC\Версии\AXI_STREAM\axi_stream_master\axi_stream_master.xpr
# Log file: C:/Users/Арти/YandexDisk-mosinartemij/vivado_project/LDPC/Версии/AXI_STREAM/axi_stream_master/vivado.log
# Journal file: C:/Users/Арти/YandexDisk-mosinartemij/vivado_project/LDPC/Версии/AXI_STREAM/axi_stream_master\vivado.jou
# Running On        :DESKTOP-OG1KD42
# Platform          :Windows Server 2016 or Windows 10
# Operating System  :19045
# Processor Detail  :AMD Ryzen 7 5700X 8-Core Processor             
# CPU Frequency     :3400 MHz
# CPU Physical cores:8
# CPU Logical cores :16
# Host memory       :25676 MB
# Swap memory       :6853 MB
# Total Virtual     :32529 MB
# Available Virtual :28715 MB
#-----------------------------------------------------------
start_gui
oopen_project C:/Users/Арти/YandexDisk-mosinartemij/vivado_project/LDPC/Версии/AXI_STREAM/axi_stream_master/axi_stream_master.xprINFO: [ProjectBase 1-489] The host OS only allows 260 characters in a normal path. The project is stored in a path with more than 80 characters. If you experience issues with IP, Block Designs, or files not being found, please consider moving the project to a location with a shorter path. Alternately consider using the OS subst command to map part of the path to a drive letter.
Current project path is 'C:/Users/Арти/YandexDisk-mosinartemij/vivado_project/LDPC/Версии/AXI_STREAM/axi_stream_master'

