Time resolution is 1 ps
Матрица: small 1152x1152 (t5), N=1152, M=1152, slot_size=6, slot_type=0
Файл:                                                                                                                                                                                                                            c:/temp/Slot_size_6_Slot_type_1.2.txt

=== Тест 1 ===
OK   (small 1152x1152 (t5), N=1152, M=1152, slot_size=6, slot_type=0)

=== Тест 2 ===
OK   (small 1152x1152 (t5), N=1152, M=1152, slot_size=6, slot_type=0)

=== Тест 3 ===
OK   (small 1152x1152 (t5), N=1152, M=1152, slot_size=6, slot_type=0)

=== Тест 4 ===
OK   (small 1152x1152 (t5), N=1152, M=1152, slot_size=6, slot_type=0)

=== Тест 5 ===
OK   (small 1152x1152 (t5), N=1152, M=1152, slot_size=6, slot_type=0)

=== Тест 6 ===
OK   (small 1152x1152 (t5), N=1152, M=1152, slot_size=6, slot_type=0)

=== Тест 7 ===
OK   (small 1152x1152 (t5), N=1152, M=1152, slot_size=6, slot_type=0)

=== Тест 8 ===
OK   (small 1152x1152 (t5), N=1152, M=1152, slot_size=6, slot_type=0)

=== Тест 9 ===
OK   (small 1152x1152 (t5), N=1152, M=1152, slot_size=6, slot_type=0)

=== Тест 10 ===
OK   (small 1152x1152 (t5), N=1152, M=1152, slot_size=6, slot_type=0)

=== Тест 11 ===
OK   (small 1152x1152 (t5), N=1152, M=1152, slot_size=6, slot_type=0)

=== Тест 12 ===
OK   (small 1152x1152 (t5), N=1152, M=1152, slot_size=6, slot_type=0)

=== Тест 13 ===
OK   (small 1152x1152 (t5), N=1152, M=1152, slot_size=6, slot_type=0)

=== Тест 14 ===
OK   (small 1152x1152 (t5), N=1152, M=1152, slot_size=6, slot_type=0)

=== Тест 15 ===
OK   (small 1152x1152 (t5), N=1152, M=1152, slot_size=6, slot_type=0)

=== Тест 16 ===
OK   (small 1152x1152 (t5), N=1152, M=1152, slot_size=6, slot_type=0)

=== Тест 17 ===
OK   (small 1152x1152 (t5), N=1152, M=1152, slot_size=6, slot_type=0)

=== Тест 18 ===
OK   (small 1152x1152 (t5), N=1152, M=1152, slot_size=6, slot_type=0)

=== Тест 19 ===
