#-----------------------------------------------------------
# Vivado v2024.1 (64-bit)
# SW Build 5076996 on Wed May 22 18:37:14 MDT 2024
# IP Build 5075265 on Wed May 22 21:45:21 MDT 2024
# SharedData Build 5076995 on Wed May 22 18:29:18 MDT 2024
# Start of session at: Wed May 14 22:06:42 2025
# Process ID: 15020
# Current directory: H:/LDPC/shift_register_processor/shift_register_processor
# Command line: vivado.exe -gui_launcher_event rodinguilauncherevent14780 H:\LDPC\shift_register_processor\shift_register_processor\shift_register_processor.xpr
# Log file: H:/LDPC/shift_register_processor/shift_register_processor/vivado.log
# Journal file: H:/LDPC/shift_register_processor/shift_register_processor\vivado.jou
# Running On        :DESKTOP-OG1KD42
# Platform          :Windows Server 2016 or Windows 10
# Operating System  :19045
# Processor Detail  :AMD Ryzen 7 5700X 8-Core Processor             
# CPU Frequency     :3400 MHz
# CPU Physical cores:8
# CPU Logical cores :16
# Host memory       :25676 MB
# Swap memory       :6853 MB
# Total Virtual     :32529 MB
# Available Virtual :18650 MB
#-----------------------------------------------------------
start_gui
ERROR: [Vivado 12-106] *** Exception: java.lang.IllegalArgumentException: The icon should not be null. (See H:/LDPC/shift_register_processor/shift_register_processor/vivado_pid15020.debug)
